<?xml version="1.0" encoding="UTF-8"?>
<robot generator="Robot 7.4.1 (Python 3.12.10 on win32)" generated="2026-05-19T09:36:16.686601" rpa="false" schemaversion="5">
<suite id="s1" name="Smoke Api Tests" source="C:\Users\User\Desktop\Naluephan1\saas\hrplus\tests\api\smoke\smoke_api_tests.robot">
<kw name="Run Keywords" owner="BuiltIn" type="SETUP">
<kw name="Create HR API Session" owner="api_common">
<kw name="Create Dictionary" owner="BuiltIn">
<msg time="2026-05-19T09:36:16.935961" level="INFO">${headers} = {'Content-Type': 'application/json', 'Authorization': 'Bearer 4287b80f113f094a6b2ec64c322e5cf12c395d01655f0b71ffe400d51a31fa5ae56754f8ee587b6dd9d8ee8ec5feca3351f01d0b01254248c180614a855b3655', 'x-tena...</msg>
<var>${headers}</var>
<arg>Content-Type=application/json</arg>
<arg>Authorization=Bearer ${SYSTEM_JWT_SECRET}</arg>
<arg>x-tenant-id=${tenant_id}</arg>
<doc>Creates and returns a dictionary based on the given ``items``.</doc>
<status status="PASS" start="2026-05-19T09:36:16.935443" elapsed="0.000518"/>
</kw>
<kw name="Create Session" owner="RequestsLibrary">
<msg time="2026-05-19T09:36:16.936483" level="INFO">Creating Session using : alias=hr_api, url=http://localhost:3001/api/v1, headers={'Content-Type': 'application/json', 'Authorization': 'Bearer 4287b80f113f094a6b2ec64c322e5cf12c395d01655f0b71ffe400d51a31fa5ae56754f8ee587b6dd9d8ee8ec5feca3351f01d0b01254248c180614a855b3655', 'x-tenant-id': '3'},                     cookies={}, auth=None, timeout=None, proxies=None, verify=False,                     debug=0 </msg>
<arg>hr_api</arg>
<arg>${API_BASE_URL}</arg>
<arg>headers=${headers}</arg>
<arg>disable_warnings=1</arg>
<doc>Create Session: create a HTTP session to a server</doc>
<status status="PASS" start="2026-05-19T09:36:16.935961" elapsed="0.001036"/>
</kw>
<kw name="Log" owner="BuiltIn">
<msg time="2026-05-19T09:36:16.938034" level="INFO">HR API session created successfully targeting: http://localhost:3001/api/v1 with tenant-id: 3</msg>
<arg>HR API session created successfully targeting: ${API_BASE_URL} with tenant-id: ${tenant_id}</arg>
<doc>Logs the given message with the given level.</doc>
<status status="PASS" start="2026-05-19T09:36:16.936997" elapsed="0.001037"/>
</kw>
<doc>Initializes HTTP requests session with standard auth headers.</doc>
<status status="PASS" start="2026-05-19T09:36:16.934884" elapsed="0.003150"/>
</kw>
<arg>Create HR API Session</arg>
<doc>Executes all the given keywords in a sequence.</doc>
<status status="PASS" start="2026-05-19T09:36:16.934342" elapsed="0.003692"/>
</kw>
<test id="s1-t1" name="Verify Department CRUD Operations" line="20">
<kw name="Log To Console" owner="BuiltIn">
<arg>\n------------------------------------------------------------</arg>
<doc>Logs the given message to the console.</doc>
<status status="PASS" start="2026-05-19T09:36:16.938561" elapsed="0.000522"/>
</kw>
<kw name="Log To Console" owner="BuiltIn">
<arg>[START] Testing Department CRUD Operations...</arg>
<doc>Logs the given message to the console.</doc>
<status status="PASS" start="2026-05-19T09:36:16.939083" elapsed="0.000000"/>
</kw>
<kw name="Evaluate" owner="BuiltIn">
<msg time="2026-05-19T09:36:16.939590" level="INFO">${random_char} = L</msg>
<var>${random_char}</var>
<arg>random.choice(['A','B','C','D','E','F','G','H','I','J','K','L','M','N','O','P','Q','R','S','T','U','V','W','X','Y','Z'])</arg>
<arg>modules=random</arg>
<doc>Evaluates the given expression in Python and returns the result.</doc>
<status status="PASS" start="2026-05-19T09:36:16.939590" elapsed="0.000522"/>
</kw>
<kw name="Set Variable" owner="BuiltIn">
<msg time="2026-05-19T09:36:16.940112" level="INFO">${dept_code} = QL</msg>
<var>${dept_code}</var>
<arg>Q${random_char}</arg>
<doc>Returns the given values which can then be assigned to a variables.</doc>
<status status="PASS" start="2026-05-19T09:36:16.940112" elapsed="0.000000"/>
</kw>
<kw name="Log To Console" owner="BuiltIn">
<arg>[STEP 1] Creating new department with code: ${dept_code}</arg>
<doc>Logs the given message to the console.</doc>
<status status="PASS" start="2026-05-19T09:36:16.940631" elapsed="0.000000"/>
</kw>
<kw name="Create Department via API" owner="department_api">
<kw name="Create Dictionary" owner="BuiltIn">
<msg time="2026-05-19T09:36:16.941695" level="INFO">${payload} = {'code': 'QL', 'nameTh': 'ฝ่ายตรวจสอบคุณภาพ', 'nameEn': 'Quality Assurance', 'description': 'Created via Robot API Smoke Test', 'status': 'active'}</msg>
<var>${payload}</var>
<arg>code=${code}</arg>
<arg>nameTh=${name_th}</arg>
<arg>nameEn=${name_en}</arg>
<arg>description=${description}</arg>
<arg>status=active</arg>
<doc>Creates and returns a dictionary based on the given ``items``.</doc>
<status status="PASS" start="2026-05-19T09:36:16.941695" elapsed="0.000507"/>
</kw>
<kw name="Send POST Request Wrapper" owner="api_common">
<kw name="POST On Session" owner="RequestsLibrary">
<msg time="2026-05-19T09:36:16.962644" level="INFO">POST Request : url=http://localhost:3001/api/v1/departments 
 path_url=/api/v1/departments 
 headers={'User-Agent': 'python-requests/2.32.5', 'Accept-Encoding': 'gzip, deflate', 'Accept': '*/*', 'Connection': 'keep-alive', 'Content-Type': 'application/json', 'Authorization': 'Bearer 4287b80f113f094a6b2ec64c322e5cf12c395d01655f0b71ffe400d51a31fa5ae56754f8ee587b6dd9d8ee8ec5feca3351f01d0b01254248c180614a855b3655', 'x-tenant-id': '3', 'Content-Length': '232'} 
 body=b'{"code": "QL", "nameTh": "\\u0e1d\\u0e48\\u0e32\\u0e22\\u0e15\\u0e23\\u0e27\\u0e08\\u0e2a\\u0e2d\\u0e1a\\u0e04\\u0e38\\u0e13\\u0e20\\u0e32\\u0e1e", "nameEn": "Quality Assurance", "description": "Created via Robot API Smoke Test", "status": "active"}' 
 </msg>
<msg time="2026-05-19T09:36:16.962644" level="INFO">POST Response : url=http://localhost:3001/api/v1/departments 
 status=201, reason=Created 
 headers={'X-Powered-By': 'Express', 'Vary': 'Origin', 'Access-Control-Allow-Credentials': 'true', 'Access-Control-Expose-Headers': 'Set-Cookie', 'Content-Type': 'application/json; charset=utf-8', 'Content-Length': '231', 'ETag': 'W/"e7-zVpd/M6GIOnY4FP2B6KFc0ECz5o"', 'Date': 'Tue, 19 May 2026 02:36:16 GMT', 'Connection': 'keep-alive', 'Keep-Alive': 'timeout=5'} 
 body={"id":"3cee669d-235d-4f8e-a455-16f2e8fde4f8","tenantId":"3","code":"QL","nameTh":"ฝ่ายตรวจสอบคุณภาพ","nameEn":"Quality Assurance","description":"Created via Robot API Smoke Test","status":"active"} 
 </msg>
<msg time="2026-05-19T09:36:16.963216" level="INFO">${response} = &lt;Response [201]&gt;</msg>
<var>${response}</var>
<arg>hr_api</arg>
<arg>${uri}</arg>
<arg>json=${payload}</arg>
<arg>headers=${custom_headers}</arg>
<arg>expected_status=any</arg>
<doc>Sends a POST request on a previously created HTTP Session.</doc>
<status status="PASS" start="2026-05-19T09:36:16.942202" elapsed="0.021014"/>
</kw>
<kw name="Log" owner="BuiltIn">
<msg time="2026-05-19T09:36:16.964711" level="INFO">POST Response: 201 - {"id":"3cee669d-235d-4f8e-a455-16f2e8fde4f8","tenantId":"3","code":"QL","nameTh":"ฝ่ายตรวจสอบคุณภาพ","nameEn":"Quality Assurance","description":"Created via Robot API Smoke Test","status":"active"}</msg>
<arg>POST Response: ${response.status_code} - ${response.text}</arg>
<doc>Logs the given message with the given level.</doc>
<status status="PASS" start="2026-05-19T09:36:16.963216" elapsed="0.001495"/>
</kw>
<kw name="Should Be Equal As Integers" owner="BuiltIn">
<msg time="2026-05-19T09:36:16.965707" level="INFO">Argument types are:
&lt;class 'int'&gt;
&lt;class 'str'&gt;</msg>
<arg>${response.status_code}</arg>
<arg>${expected_status}</arg>
<doc>Fails if objects are unequal after converting them to integers.</doc>
<status status="PASS" start="2026-05-19T09:36:16.964711" elapsed="0.000996"/>
</kw>
<return>
<value>${response}</value>
<status status="PASS" start="2026-05-19T09:36:16.965707" elapsed="0.000000"/>
</return>
<msg time="2026-05-19T09:36:16.965707" level="INFO">${response} = &lt;Response [201]&gt;</msg>
<var>${response}</var>
<arg>/departments</arg>
<arg>${payload}</arg>
<arg>expected_status=201</arg>
<doc>Wraps POST request and asserts response status code.</doc>
<status status="PASS" start="2026-05-19T09:36:16.942202" elapsed="0.023505"/>
</kw>
<kw name="Get From Dictionary" owner="Collections">
<msg time="2026-05-19T09:36:16.966703" level="INFO">${dept_id} = 3cee669d-235d-4f8e-a455-16f2e8fde4f8</msg>
<var>${dept_id}</var>
<arg>${response.json()}</arg>
<arg>id</arg>
<doc>Returns a value from the given ``dictionary`` based on the given ``key``.</doc>
<status status="PASS" start="2026-05-19T09:36:16.965707" elapsed="0.000996"/>
</kw>
<kw name="Log" owner="BuiltIn">
<msg time="2026-05-19T09:36:16.967207" level="INFO">Department created with ID: 3cee669d-235d-4f8e-a455-16f2e8fde4f8</msg>
<arg>Department created with ID: ${dept_id}</arg>
<doc>Logs the given message with the given level.</doc>
<status status="PASS" start="2026-05-19T09:36:16.967207" elapsed="0.000000"/>
</kw>
<return>
<value>${dept_id}</value>
<value>${response.json()}</value>
<status status="PASS" start="2026-05-19T09:36:16.967207" elapsed="0.000000"/>
</return>
<msg time="2026-05-19T09:36:16.967719" level="INFO">${dept_id} = 3cee669d-235d-4f8e-a455-16f2e8fde4f8</msg>
<msg time="2026-05-19T09:36:16.967719" level="INFO">${body} = {'id': '3cee669d-235d-4f8e-a455-16f2e8fde4f8', 'tenantId': '3', 'code': 'QL', 'nameTh': 'ฝ่ายตรวจสอบคุณภาพ', 'nameEn': 'Quality Assurance', 'description': 'Created via Robot API Smoke Test', 'status':...</msg>
<var>${dept_id}</var>
<var>${body}</var>
<arg>code=${dept_code}</arg>
<arg>name_th=ฝ่ายตรวจสอบคุณภาพ</arg>
<arg>name_en=Quality Assurance</arg>
<arg>description=Created via Robot API Smoke Test</arg>
<doc>Creates a new department and returns its generated ID.</doc>
<status status="PASS" start="2026-05-19T09:36:16.941137" elapsed="0.026582"/>
</kw>
<kw name="Set Suite Variable" owner="BuiltIn">
<msg time="2026-05-19T09:36:16.968441" level="INFO">${CREATED_DEPT_ID} = 3cee669d-235d-4f8e-a455-16f2e8fde4f8</msg>
<arg>${CREATED_DEPT_ID}</arg>
<arg>${dept_id}</arg>
<doc>Makes a variable available everywhere within the scope of the current suite.</doc>
<status status="PASS" start="2026-05-19T09:36:16.968441" elapsed="0.000000"/>
</kw>
<kw name="Log To Console" owner="BuiltIn">
<arg>[INFO] Created Department ID: ${dept_id}</arg>
<doc>Logs the given message to the console.</doc>
<status status="PASS" start="2026-05-19T09:36:16.968441" elapsed="0.000000"/>
</kw>
<kw name="Log To Console" owner="BuiltIn">
<arg>[STEP 2] Verifying department details for ID: ${dept_id}</arg>
<doc>Logs the given message to the console.</doc>
<status status="PASS" start="2026-05-19T09:36:16.969442" elapsed="0.000000"/>
</kw>
<kw name="Get Department Details via API" owner="department_api">
<kw name="Send GET Request Wrapper" owner="api_common">
<kw name="GET On Session" owner="RequestsLibrary">
<msg time="2026-05-19T09:36:16.979039" level="INFO">GET Request : url=http://localhost:3001/api/v1/departments/3cee669d-235d-4f8e-a455-16f2e8fde4f8 
 path_url=/api/v1/departments/3cee669d-235d-4f8e-a455-16f2e8fde4f8 
 headers={'User-Agent': 'python-requests/2.32.5', 'Accept-Encoding': 'gzip, deflate', 'Accept': '*/*', 'Connection': 'keep-alive', 'Content-Type': 'application/json', 'Authorization': 'Bearer 4287b80f113f094a6b2ec64c322e5cf12c395d01655f0b71ffe400d51a31fa5ae56754f8ee587b6dd9d8ee8ec5feca3351f01d0b01254248c180614a855b3655', 'x-tenant-id': '3'} 
 body=None 
 </msg>
<msg time="2026-05-19T09:36:16.979039" level="INFO">GET Response : url=http://localhost:3001/api/v1/departments/3cee669d-235d-4f8e-a455-16f2e8fde4f8 
 status=200, reason=OK 
 headers={'X-Powered-By': 'Express', 'Vary': 'Origin', 'Access-Control-Allow-Credentials': 'true', 'Access-Control-Expose-Headers': 'Set-Cookie', 'Content-Type': 'application/json; charset=utf-8', 'Content-Length': '231', 'ETag': 'W/"e7-zVpd/M6GIOnY4FP2B6KFc0ECz5o"', 'Date': 'Tue, 19 May 2026 02:36:16 GMT', 'Connection': 'keep-alive', 'Keep-Alive': 'timeout=5'} 
 body={"id":"3cee669d-235d-4f8e-a455-16f2e8fde4f8","tenantId":"3","code":"QL","nameTh":"ฝ่ายตรวจสอบคุณภาพ","nameEn":"Quality Assurance","description":"Created via Robot API Smoke Test","status":"active"} 
 </msg>
<msg time="2026-05-19T09:36:16.979039" level="INFO">${response} = &lt;Response [200]&gt;</msg>
<var>${response}</var>
<arg>hr_api</arg>
<arg>${uri}</arg>
<arg>headers=${custom_headers}</arg>
<arg>expected_status=any</arg>
<doc>Sends a GET request on a previously created HTTP Session.</doc>
<status status="PASS" start="2026-05-19T09:36:16.970999" elapsed="0.008040"/>
</kw>
<kw name="Log" owner="BuiltIn">
<msg time="2026-05-19T09:36:16.981141" level="INFO">GET Response: 200 - {"id":"3cee669d-235d-4f8e-a455-16f2e8fde4f8","tenantId":"3","code":"QL","nameTh":"ฝ่ายตรวจสอบคุณภาพ","nameEn":"Quality Assurance","description":"Created via Robot API Smoke Test","status":"active"}</msg>
<arg>GET Response: ${response.status_code} - ${response.text}</arg>
<doc>Logs the given message with the given level.</doc>
<status status="PASS" start="2026-05-19T09:36:16.979565" elapsed="0.001576"/>
</kw>
<kw name="Should Be Equal As Integers" owner="BuiltIn">
<msg time="2026-05-19T09:36:16.981649" level="INFO">Argument types are:
&lt;class 'int'&gt;
&lt;class 'str'&gt;</msg>
<arg>${response.status_code}</arg>
<arg>${expected_status}</arg>
<doc>Fails if objects are unequal after converting them to integers.</doc>
<status status="PASS" start="2026-05-19T09:36:16.981141" elapsed="0.000508"/>
</kw>
<return>
<value>${response}</value>
<status status="PASS" start="2026-05-19T09:36:16.981649" elapsed="0.000000"/>
</return>
<msg time="2026-05-19T09:36:16.982210" level="INFO">${response} = &lt;Response [200]&gt;</msg>
<var>${response}</var>
<arg>/departments/${dept_id}</arg>
<arg>expected_status=200</arg>
<doc>Wraps GET request and asserts response status code.</doc>
<status status="PASS" start="2026-05-19T09:36:16.970466" elapsed="0.011744"/>
</kw>
<return>
<value>${response.json()}</value>
<status status="PASS" start="2026-05-19T09:36:16.982210" elapsed="0.000000"/>
</return>
<msg time="2026-05-19T09:36:16.982759" level="INFO">${details} = {'id': '3cee669d-235d-4f8e-a455-16f2e8fde4f8', 'tenantId': '3', 'code': 'QL', 'nameTh': 'ฝ่ายตรวจสอบคุณภาพ', 'nameEn': 'Quality Assurance', 'description': 'Created via Robot API Smoke Test', 'status':...</msg>
<var>${details}</var>
<arg>${dept_id}</arg>
<doc>Retrieves department details by ID.</doc>
<status status="PASS" start="2026-05-19T09:36:16.969442" elapsed="0.013317"/>
</kw>
<kw name="Should Be Equal As Strings" owner="BuiltIn">
<arg>${details}[code]</arg>
<arg>${dept_code}</arg>
<doc>Fails if objects are unequal after converting them to strings.</doc>
<status status="PASS" start="2026-05-19T09:36:16.982759" elapsed="0.000513"/>
</kw>
<kw name="Should Be Equal As Strings" owner="BuiltIn">
<arg>${details}[nameTh]</arg>
<arg>ฝ่ายตรวจสอบคุณภาพ</arg>
<doc>Fails if objects are unequal after converting them to strings.</doc>
<status status="PASS" start="2026-05-19T09:36:16.983272" elapsed="0.000523"/>
</kw>
<kw name="Log To Console" owner="BuiltIn">
<arg>[STEP 3] Updating department ID ${dept_id} details (name Th -&gt; ฝ่ายตรวจสอบคุณภาพ (อัปเดต))</arg>
<doc>Logs the given message to the console.</doc>
<status status="PASS" start="2026-05-19T09:36:16.983795" elapsed="0.000000"/>
</kw>
<kw name="Create Dictionary" owner="BuiltIn">
<msg time="2026-05-19T09:36:16.984305" level="INFO">${update_payload} = {'code': 'QL', 'nameTh': 'ฝ่ายตรวจสอบคุณภาพ (อัปเดต)', 'nameEn': 'Quality Assurance (Updated)', 'description': 'Updated via Robot API Smoke Test'}</msg>
<var>${update_payload}</var>
<arg>code=${dept_code}</arg>
<arg>nameTh=ฝ่ายตรวจสอบคุณภาพ (อัปเดต)</arg>
<arg>nameEn=Quality Assurance (Updated)</arg>
<arg>description=Updated via Robot API Smoke Test</arg>
<doc>Creates and returns a dictionary based on the given ``items``.</doc>
<status status="PASS" start="2026-05-19T09:36:16.984305" elapsed="0.000000"/>
</kw>
<kw name="Update Department via API" owner="department_api">
<kw name="Send PUT Request Wrapper" owner="api_common">
<kw name="PUT On Session" owner="RequestsLibrary">
<msg time="2026-05-19T09:36:16.998041" level="INFO">PUT Request : url=http://localhost:3001/api/v1/departments/3cee669d-235d-4f8e-a455-16f2e8fde4f8 
 path_url=/api/v1/departments/3cee669d-235d-4f8e-a455-16f2e8fde4f8 
 headers={'User-Agent': 'python-requests/2.32.5', 'Accept-Encoding': 'gzip, deflate', 'Accept': '*/*', 'Connection': 'keep-alive', 'Content-Type': 'application/json', 'Authorization': 'Bearer 4287b80f113f094a6b2ec64c322e5cf12c395d01655f0b71ffe400d51a31fa5ae56754f8ee587b6dd9d8ee8ec5feca3351f01d0b01254248c180614a855b3655', 'x-tenant-id': '3', 'Content-Length': '261'} 
 body=b'{"code": "QL", "nameTh": "\\u0e1d\\u0e48\\u0e32\\u0e22\\u0e15\\u0e23\\u0e27\\u0e08\\u0e2a\\u0e2d\\u0e1a\\u0e04\\u0e38\\u0e13\\u0e20\\u0e32\\u0e1e (\\u0e2d\\u0e31\\u0e1b\\u0e40\\u0e14\\u0e15)", "nameEn": "Quality Assurance (Updated)", "description": "Updated via Robot API Smoke Test"}' 
 </msg>
<msg time="2026-05-19T09:36:16.998563" level="INFO">PUT Response : url=http://localhost:3001/api/v1/departments/3cee669d-235d-4f8e-a455-16f2e8fde4f8 
 status=200, reason=OK 
 headers={'X-Powered-By': 'Express', 'Vary': 'Origin', 'Access-Control-Allow-Credentials': 'true', 'Access-Control-Expose-Headers': 'Set-Cookie', 'Content-Type': 'application/json; charset=utf-8', 'Content-Length': '262', 'ETag': 'W/"106-stguvmPZVN/h70c9lxX+IKeoSeI"', 'Date': 'Tue, 19 May 2026 02:36:16 GMT', 'Connection': 'keep-alive', 'Keep-Alive': 'timeout=5'} 
 body={"id":"3cee669d-235d-4f8e-a455-16f2e8fde4f8","tenantId":"3","code":"QL","nameTh":"ฝ่ายตรวจสอบคุณภาพ (อัปเดต)","nameEn":"Quality Assurance (Updated)","description":"Updated via Robot API Smoke Test","status":"active"} 
 </msg>
<msg time="2026-05-19T09:36:16.998563" level="INFO">${response} = &lt;Response [200]&gt;</msg>
<var>${response}</var>
<arg>hr_api</arg>
<arg>${uri}</arg>
<arg>json=${payload}</arg>
<arg>headers=${custom_headers}</arg>
<arg>expected_status=any</arg>
<doc>Sends a PUT request on a previously created HTTP Session.</doc>
<status status="PASS" start="2026-05-19T09:36:16.985397" elapsed="0.013166"/>
</kw>
<kw name="Log" owner="BuiltIn">
<msg time="2026-05-19T09:36:16.999591" level="INFO">PUT Response: 200 - {"id":"3cee669d-235d-4f8e-a455-16f2e8fde4f8","tenantId":"3","code":"QL","nameTh":"ฝ่ายตรวจสอบคุณภาพ (อัปเดต)","nameEn":"Quality Assurance (Updated)","description":"Updated via Robot API Smoke Test","status":"active"}</msg>
<arg>PUT Response: ${response.status_code} - ${response.text}</arg>
<doc>Logs the given message with the given level.</doc>
<status status="PASS" start="2026-05-19T09:36:16.998563" elapsed="0.001028"/>
</kw>
<kw name="Should Be Equal As Integers" owner="BuiltIn">
<msg time="2026-05-19T09:36:17.000754" level="INFO">Argument types are:
&lt;class 'int'&gt;
&lt;class 'str'&gt;</msg>
<arg>${response.status_code}</arg>
<arg>${expected_status}</arg>
<doc>Fails if objects are unequal after converting them to integers.</doc>
<status status="PASS" start="2026-05-19T09:36:17.000098" elapsed="0.000656"/>
</kw>
<return>
<value>${response}</value>
<status status="PASS" start="2026-05-19T09:36:17.000754" elapsed="0.000000"/>
</return>
<msg time="2026-05-19T09:36:17.001276" level="INFO">${response} = &lt;Response [200]&gt;</msg>
<var>${response}</var>
<arg>/departments/${dept_id}</arg>
<arg>${payload}</arg>
<arg>expected_status=200</arg>
<doc>Wraps PUT request and asserts response status code.</doc>
<status status="PASS" start="2026-05-19T09:36:16.985397" elapsed="0.015879"/>
</kw>
<return>
<value>${response.json()}</value>
<status status="PASS" start="2026-05-19T09:36:17.001276" elapsed="0.000000"/>
</return>
<msg time="2026-05-19T09:36:17.001785" level="INFO">${updated} = {'id': '3cee669d-235d-4f8e-a455-16f2e8fde4f8', 'tenantId': '3', 'code': 'QL', 'nameTh': 'ฝ่ายตรวจสอบคุณภาพ (อัปเดต)', 'nameEn': 'Quality Assurance (Updated)', 'description': 'Updated via Robot API Smo...</msg>
<var>${updated}</var>
<arg>${dept_id}</arg>
<arg>${update_payload}</arg>
<doc>Updates department details by ID.</doc>
<status status="PASS" start="2026-05-19T09:36:16.984874" elapsed="0.016911"/>
</kw>
<kw name="Should Be Equal As Strings" owner="BuiltIn">
<arg>${updated}[nameTh]</arg>
<arg>ฝ่ายตรวจสอบคุณภาพ (อัปเดต)</arg>
<doc>Fails if objects are unequal after converting them to strings.</doc>
<status status="PASS" start="2026-05-19T09:36:17.001785" elapsed="0.000000"/>
</kw>
<kw name="Log To Console" owner="BuiltIn">
<arg>[SUCCESS] Department CRUD verified successfully!</arg>
<doc>Logs the given message to the console.</doc>
<status status="PASS" start="2026-05-19T09:36:17.001785" elapsed="0.000000"/>
</kw>
<kw name="Log To Console" owner="BuiltIn">
<arg>------------------------------------------------------------</arg>
<doc>Logs the given message to the console.</doc>
<status status="PASS" start="2026-05-19T09:36:17.002789" elapsed="0.000000"/>
</kw>
<kw name="Log" owner="BuiltIn">
<msg time="2026-05-19T09:36:17.003316" level="INFO">Department CRUD verified successfully!</msg>
<arg>Department CRUD verified successfully!</arg>
<doc>Logs the given message with the given level.</doc>
<status status="PASS" start="2026-05-19T09:36:17.002789" elapsed="0.000527"/>
</kw>
<doc>Verifies that departments can be created, retrieved, updated, and deleted.</doc>
<tag>api</tag>
<tag>department</tag>
<tag>smoke</tag>
<status status="PASS" start="2026-05-19T09:36:16.938034" elapsed="0.065282"/>
</test>
<test id="s1-t2" name="Verify Position CRUD Operations" line="57">
<kw name="Skip If" owner="BuiltIn">
<arg>'${CREATED_DEPT_ID}' == '${None}'</arg>
<arg>Skipping because Department creation failed.</arg>
<doc>Skips the rest of the current test if the ``condition`` is True.</doc>
<status status="PASS" start="2026-05-19T09:36:17.003839" elapsed="0.000508"/>
</kw>
<kw name="Log To Console" owner="BuiltIn">
<arg>\n------------------------------------------------------------</arg>
<doc>Logs the given message to the console.</doc>
<status status="PASS" start="2026-05-19T09:36:17.004871" elapsed="0.000618"/>
</kw>
<kw name="Log To Console" owner="BuiltIn">
<arg>[START] Testing Position CRUD Operations...</arg>
<doc>Logs the given message to the console.</doc>
<status status="PASS" start="2026-05-19T09:36:17.005489" elapsed="0.000523"/>
</kw>
<kw name="Evaluate" owner="BuiltIn">
<msg time="2026-05-19T09:36:17.006535" level="INFO">${random_char_pos} = R</msg>
<var>${random_char_pos}</var>
<arg>random.choice(['A','B','C','D','E','F','G','H','I','J','K','L','M','N','O','P','Q','R','S','T','U','V','W','X','Y','Z'])</arg>
<arg>modules=random</arg>
<doc>Evaluates the given expression in Python and returns the result.</doc>
<status status="PASS" start="2026-05-19T09:36:17.006012" elapsed="0.000523"/>
</kw>
<kw name="Set Variable" owner="BuiltIn">
<msg time="2026-05-19T09:36:17.007570" level="INFO">${pos_code} = PR</msg>
<var>${pos_code}</var>
<arg>P${random_char_pos}</arg>
<doc>Returns the given values which can then be assigned to a variables.</doc>
<status status="PASS" start="2026-05-19T09:36:17.007055" elapsed="0.000515"/>
</kw>
<kw name="Log To Console" owner="BuiltIn">
<arg>[STEP 1] Creating new position with code: ${pos_code} under Department ID: ${CREATED_DEPT_ID}</arg>
<doc>Logs the given message to the console.</doc>
<status status="PASS" start="2026-05-19T09:36:17.007570" elapsed="0.000517"/>
</kw>
<kw name="Create Position via API" owner="position_api">
<kw name="Length Should Be" owner="BuiltIn">
<msg time="2026-05-19T09:36:17.010166" level="INFO">Length is 2.</msg>
<arg>${code}</arg>
<arg>2</arg>
<arg>msg=Position code must be exactly 2 characters (e.g. IT, GD, HR)</arg>
<doc>Verifies that the length of the given item is correct.</doc>
<status status="PASS" start="2026-05-19T09:36:17.009129" elapsed="0.001037"/>
</kw>
<kw name="Create Dictionary" owner="BuiltIn">
<msg time="2026-05-19T09:36:17.011244" level="INFO">${payload} = {'code': 'PR', 'nameTh': 'วิศวกรซอฟต์แวร์อาวุโส', 'nameEn': 'Senior Software Engineer', 'departmentId': '3cee669d-235d-4f8e-a455-16f2e8fde4f8', 'description': 'Position created via Robot API Smoke Tes...</msg>
<var>${payload}</var>
<arg>code=${code}</arg>
<arg>nameTh=${name_th}</arg>
<arg>nameEn=${name_en}</arg>
<arg>departmentId=${department_id}</arg>
<arg>description=${description}</arg>
<arg>status=active</arg>
<doc>Creates and returns a dictionary based on the given ``items``.</doc>
<status status="PASS" start="2026-05-19T09:36:17.010716" elapsed="0.000528"/>
</kw>
<kw name="Send POST Request Wrapper" owner="api_common">
<kw name="POST On Session" owner="RequestsLibrary">
<msg time="2026-05-19T09:36:17.025623" level="INFO">POST Request : url=http://localhost:3001/api/v1/positions 
 path_url=/api/v1/positions 
 headers={'User-Agent': 'python-requests/2.32.5', 'Accept-Encoding': 'gzip, deflate', 'Accept': '*/*', 'Connection': 'keep-alive', 'Content-Type': 'application/json', 'Authorization': 'Bearer 4287b80f113f094a6b2ec64c322e5cf12c395d01655f0b71ffe400d51a31fa5ae56754f8ee587b6dd9d8ee8ec5feca3351f01d0b01254248c180614a855b3655', 'x-tenant-id': '3', 'Content-Length': '328'} 
 body=b'{"code": "PR", "nameTh": "\\u0e27\\u0e34\\u0e28\\u0e27\\u0e01\\u0e23\\u0e0b\\u0e2d\\u0e1f\\u0e15\\u0e4c\\u0e41\\u0e27\\u0e23\\u0e4c\\u0e2d\\u0e32\\u0e27\\u0e38\\u0e42\\u0e2a", "nameEn": "Senior Software Engineer", "departmentId": "3cee669d-235d-4f8e-a455-16f2e8fde4f8", "description": "Position created via Robot API Smoke Test", "status": "active"}' 
 </msg>
<msg time="2026-05-19T09:36:17.025623" level="INFO">POST Response : url=http://localhost:3001/api/v1/positions 
 status=201, reason=Created 
 headers={'X-Powered-By': 'Express', 'Vary': 'Origin', 'Access-Control-Allow-Credentials': 'true', 'Access-Control-Expose-Headers': 'Set-Cookie', 'Content-Type': 'application/json; charset=utf-8', 'Content-Length': '328', 'ETag': 'W/"148-6pGA0sQk5YatjS9QfX/OR2EKcfI"', 'Date': 'Tue, 19 May 2026 02:36:17 GMT', 'Connection': 'keep-alive', 'Keep-Alive': 'timeout=5'} 
 body={"id":"7b48960c-8704-4007-9863-4f6f51be2162","tenantId":"3","code":"PR","nameTh":"วิศวกรซอฟต์แวร์อาวุโส","nameEn":"Senior Software Engineer","departmentId":"3cee669d-235d-4f8e-a455-16f2e8fde4f8","levelId":null,"description":"Position created via Robot API Smoke Test","status":"active"} 
 </msg>
<msg time="2026-05-19T09:36:17.026151" level="INFO">${response} = &lt;Response [201]&gt;</msg>
<var>${response}</var>
<arg>hr_api</arg>
<arg>${uri}</arg>
<arg>json=${payload}</arg>
<arg>headers=${custom_headers}</arg>
<arg>expected_status=any</arg>
<doc>Sends a POST request on a previously created HTTP Session.</doc>
<status status="PASS" start="2026-05-19T09:36:17.012284" elapsed="0.013867"/>
</kw>
<kw name="Log" owner="BuiltIn">
<msg time="2026-05-19T09:36:17.027197" level="INFO">POST Response: 201 - {"id":"7b48960c-8704-4007-9863-4f6f51be2162","tenantId":"3","code":"PR","nameTh":"วิศวกรซอฟต์แวร์อาวุโส","nameEn":"Senior Software Engineer","departmentId":"3cee669d-235d-4f8e-a455-16f2e8fde4f8","levelId":null,"description":"Position created via Robot API Smoke Test","status":"active"}</msg>
<arg>POST Response: ${response.status_code} - ${response.text}</arg>
<doc>Logs the given message with the given level.</doc>
<status status="PASS" start="2026-05-19T09:36:17.026151" elapsed="0.001046"/>
</kw>
<kw name="Should Be Equal As Integers" owner="BuiltIn">
<msg time="2026-05-19T09:36:17.028203" level="INFO">Argument types are:
&lt;class 'int'&gt;
&lt;class 'str'&gt;</msg>
<arg>${response.status_code}</arg>
<arg>${expected_status}</arg>
<doc>Fails if objects are unequal after converting them to integers.</doc>
<status status="PASS" start="2026-05-19T09:36:17.027197" elapsed="0.001006"/>
</kw>
<return>
<value>${response}</value>
<status status="PASS" start="2026-05-19T09:36:17.028203" elapsed="0.000000"/>
</return>
<msg time="2026-05-19T09:36:17.029199" level="INFO">${response} = &lt;Response [201]&gt;</msg>
<var>${response}</var>
<arg>/positions</arg>
<arg>${payload}</arg>
<arg>expected_status=201</arg>
<doc>Wraps POST request and asserts response status code.</doc>
<status status="PASS" start="2026-05-19T09:36:17.011766" elapsed="0.017433"/>
</kw>
<kw name="Get From Dictionary" owner="Collections">
<msg time="2026-05-19T09:36:17.029199" level="INFO">${pos_id} = 7b48960c-8704-4007-9863-4f6f51be2162</msg>
<var>${pos_id}</var>
<arg>${response.json()}</arg>
<arg>id</arg>
<doc>Returns a value from the given ``dictionary`` based on the given ``key``.</doc>
<status status="PASS" start="2026-05-19T09:36:17.029199" elapsed="0.000000"/>
</kw>
<kw name="Log" owner="BuiltIn">
<msg time="2026-05-19T09:36:17.030706" level="INFO">Position created with ID: 7b48960c-8704-4007-9863-4f6f51be2162</msg>
<arg>Position created with ID: ${pos_id}</arg>
<doc>Logs the given message with the given level.</doc>
<status status="PASS" start="2026-05-19T09:36:17.030706" elapsed="0.000000"/>
</kw>
<return>
<value>${pos_id}</value>
<value>${response.json()}</value>
<status status="PASS" start="2026-05-19T09:36:17.030706" elapsed="0.000000"/>
</return>
<msg time="2026-05-19T09:36:17.032214" level="INFO">${pos_id} = 7b48960c-8704-4007-9863-4f6f51be2162</msg>
<msg time="2026-05-19T09:36:17.032214" level="INFO">${body} = {'id': '7b48960c-8704-4007-9863-4f6f51be2162', 'tenantId': '3', 'code': 'PR', 'nameTh': 'วิศวกรซอฟต์แวร์อาวุโส', 'nameEn': 'Senior Software Engineer', 'departmentId': '3cee669d-235d-4f8e-a455-16f2e8fd...</msg>
<var>${pos_id}</var>
<var>${body}</var>
<arg>code=${pos_code}</arg>
<arg>name_th=วิศวกรซอฟต์แวร์อาวุโส</arg>
<arg>name_en=Senior Software Engineer</arg>
<arg>department_id=${CREATED_DEPT_ID}</arg>
<arg>description=Position created via Robot API Smoke Test</arg>
<doc>Creates a new position (code must be exactly 2 chars) and returns its generated ID.</doc>
<status status="PASS" start="2026-05-19T09:36:17.008616" elapsed="0.023598"/>
</kw>
<kw name="Set Suite Variable" owner="BuiltIn">
<msg time="2026-05-19T09:36:17.033220" level="INFO">${CREATED_POS_ID} = 7b48960c-8704-4007-9863-4f6f51be2162</msg>
<arg>${CREATED_POS_ID}</arg>
<arg>${pos_id}</arg>
<doc>Makes a variable available everywhere within the scope of the current suite.</doc>
<status status="PASS" start="2026-05-19T09:36:17.032214" elapsed="0.001006"/>
</kw>
<kw name="Log To Console" owner="BuiltIn">
<arg>[INFO] Created Position ID: ${pos_id}</arg>
<doc>Logs the given message to the console.</doc>
<status status="PASS" start="2026-05-19T09:36:17.033220" elapsed="0.000000"/>
</kw>
<kw name="Log To Console" owner="BuiltIn">
<arg>[STEP 2] Verifying position details for ID: ${pos_id}</arg>
<doc>Logs the given message to the console.</doc>
<status status="PASS" start="2026-05-19T09:36:17.034235" elapsed="0.000504"/>
</kw>
<kw name="Get Position Details via API" owner="position_api">
<kw name="Send GET Request Wrapper" owner="api_common">
<kw name="GET On Session" owner="RequestsLibrary">
<msg time="2026-05-19T09:36:17.045452" level="INFO">GET Request : url=http://localhost:3001/api/v1/positions/7b48960c-8704-4007-9863-4f6f51be2162 
 path_url=/api/v1/positions/7b48960c-8704-4007-9863-4f6f51be2162 
 headers={'User-Agent': 'python-requests/2.32.5', 'Accept-Encoding': 'gzip, deflate', 'Accept': '*/*', 'Connection': 'keep-alive', 'Content-Type': 'application/json', 'Authorization': 'Bearer 4287b80f113f094a6b2ec64c322e5cf12c395d01655f0b71ffe400d51a31fa5ae56754f8ee587b6dd9d8ee8ec5feca3351f01d0b01254248c180614a855b3655', 'x-tenant-id': '3'} 
 body=None 
 </msg>
<msg time="2026-05-19T09:36:17.045965" level="INFO">GET Response : url=http://localhost:3001/api/v1/positions/7b48960c-8704-4007-9863-4f6f51be2162 
 status=200, reason=OK 
 headers={'X-Powered-By': 'Express', 'Vary': 'Origin', 'Access-Control-Allow-Credentials': 'true', 'Access-Control-Expose-Headers': 'Set-Cookie', 'Content-Type': 'application/json; charset=utf-8', 'Content-Length': '617', 'ETag': 'W/"269-gMrqtgKdMWt/zenfnluYSD/2ci4"', 'Date': 'Tue, 19 May 2026 02:36:17 GMT', 'Connection': 'keep-alive', 'Keep-Alive': 'timeout=5'} 
 body={"id":"7b48960c-8704-4007-9863-4f6f51be2162","tenantId":"3","code":"PR","nameTh":"วิศวกรซอฟต์แวร์อาวุโส","nameEn":"Senior Software Engineer","departmentId":"3cee669d-235d-4f8e-a455-16f2e8fde4f8","levelId":null,"description":"Position created via Robot API Smoke Test","status":"active","department":{"id":"3cee669d-235d-4f8e-a455-16f2e8fde4f8","tenantId":"3","code":"QL","nameTh":"ฝ่ายตรวจสอบคุณภาพ (อัปเดต)","nameEn":"Quality Assurance (Updated)","description":"Updated via Robot API Smoke Test","status":"active"},"level":null} 
 </msg>
<msg time="2026-05-19T09:36:17.045965" level="INFO">${response} = &lt;Response [200]&gt;</msg>
<var>${response}</var>
<arg>hr_api</arg>
<arg>${uri}</arg>
<arg>headers=${custom_headers}</arg>
<arg>expected_status=any</arg>
<doc>Sends a GET request on a previously created HTTP Session.</doc>
<status status="PASS" start="2026-05-19T09:36:17.035919" elapsed="0.010570"/>
</kw>
<kw name="Log" owner="BuiltIn">
<msg time="2026-05-19T09:36:17.047516" level="INFO">GET Response: 200 - {"id":"7b48960c-8704-4007-9863-4f6f51be2162","tenantId":"3","code":"PR","nameTh":"วิศวกรซอฟต์แวร์อาวุโส","nameEn":"Senior Software Engineer","departmentId":"3cee669d-235d-4f8e-a455-16f2e8fde4f8","levelId":null,"description":"Position created via Robot API Smoke Test","status":"active","department":{"id":"3cee669d-235d-4f8e-a455-16f2e8fde4f8","tenantId":"3","code":"QL","nameTh":"ฝ่ายตรวจสอบคุณภาพ (อัปเดต)","nameEn":"Quality Assurance (Updated)","description":"Updated via Robot API Smoke Test","status":"active"},"level":null}</msg>
<arg>GET Response: ${response.status_code} - ${response.text}</arg>
<doc>Logs the given message with the given level.</doc>
<status status="PASS" start="2026-05-19T09:36:17.046489" elapsed="0.001027"/>
</kw>
<kw name="Should Be Equal As Integers" owner="BuiltIn">
<msg time="2026-05-19T09:36:17.048574" level="INFO">Argument types are:
&lt;class 'int'&gt;
&lt;class 'str'&gt;</msg>
<arg>${response.status_code}</arg>
<arg>${expected_status}</arg>
<doc>Fails if objects are unequal after converting them to integers.</doc>
<status status="PASS" start="2026-05-19T09:36:17.048045" elapsed="0.000529"/>
</kw>
<return>
<value>${response}</value>
<status status="PASS" start="2026-05-19T09:36:17.048574" elapsed="0.000000"/>
</return>
<msg time="2026-05-19T09:36:17.048574" level="INFO">${response} = &lt;Response [200]&gt;</msg>
<var>${response}</var>
<arg>/positions/${pos_id}</arg>
<arg>expected_status=200</arg>
<doc>Wraps GET request and asserts response status code.</doc>
<status status="PASS" start="2026-05-19T09:36:17.035270" elapsed="0.013304"/>
</kw>
<return>
<value>${response.json()}</value>
<status status="PASS" start="2026-05-19T09:36:17.049096" elapsed="0.000000"/>
</return>
<msg time="2026-05-19T09:36:17.049096" level="INFO">${details} = {'id': '7b48960c-8704-4007-9863-4f6f51be2162', 'tenantId': '3', 'code': 'PR', 'nameTh': 'วิศวกรซอฟต์แวร์อาวุโส', 'nameEn': 'Senior Software Engineer', 'departmentId': '3cee669d-235d-4f8e-a455-16f2e8fd...</msg>
<var>${details}</var>
<arg>${pos_id}</arg>
<doc>Retrieves position details by ID.</doc>
<status status="PASS" start="2026-05-19T09:36:17.034739" elapsed="0.014900"/>
</kw>
<kw name="Should Be Equal As Strings" owner="BuiltIn">
<arg>${details}[code]</arg>
<arg>${pos_code}</arg>
<doc>Fails if objects are unequal after converting them to strings.</doc>
<status status="PASS" start="2026-05-19T09:36:17.049639" elapsed="0.000000"/>
</kw>
<kw name="Should Be Equal As Strings" owner="BuiltIn">
<arg>${details}[departmentId]</arg>
<arg>${CREATED_DEPT_ID}</arg>
<doc>Fails if objects are unequal after converting them to strings.</doc>
<status status="PASS" start="2026-05-19T09:36:17.050152" elapsed="0.000000"/>
</kw>
<kw name="Log To Console" owner="BuiltIn">
<arg>[STEP 3] Updating position ID ${pos_id} details (name Th -&gt; วิศวกรซอฟต์แวร์อาวุโส (อัปเดต))</arg>
<doc>Logs the given message to the console.</doc>
<status status="PASS" start="2026-05-19T09:36:17.050664" elapsed="0.000000"/>
</kw>
<kw name="Create Dictionary" owner="BuiltIn">
<msg time="2026-05-19T09:36:17.051845" level="INFO">${update_payload} = {'code': 'PR', 'nameTh': 'วิศวกรซอฟต์แวร์อาวุโส (อัปเดต)', 'nameEn': 'Senior Software Engineer (Updated)', 'departmentId': '3cee669d-235d-4f8e-a455-16f2e8fde4f8', 'description': 'Updated via Robot API...</msg>
<var>${update_payload}</var>
<arg>code=${pos_code}</arg>
<arg>nameTh=วิศวกรซอฟต์แวร์อาวุโส (อัปเดต)</arg>
<arg>nameEn=Senior Software Engineer (Updated)</arg>
<arg>departmentId=${CREATED_DEPT_ID}</arg>
<arg>description=Updated via Robot API Smoke Test</arg>
<doc>Creates and returns a dictionary based on the given ``items``.</doc>
<status status="PASS" start="2026-05-19T09:36:17.051334" elapsed="0.000511"/>
</kw>
<kw name="Update Position via API" owner="position_api">
<kw name="Send PUT Request Wrapper" owner="api_common">
<kw name="PUT On Session" owner="RequestsLibrary">
<msg time="2026-05-19T09:36:17.068243" level="INFO">PUT Request : url=http://localhost:3001/api/v1/positions/7b48960c-8704-4007-9863-4f6f51be2162 
 path_url=/api/v1/positions/7b48960c-8704-4007-9863-4f6f51be2162 
 headers={'User-Agent': 'python-requests/2.32.5', 'Accept-Encoding': 'gzip, deflate', 'Accept': '*/*', 'Connection': 'keep-alive', 'Content-Type': 'application/json', 'Authorization': 'Bearer 4287b80f113f094a6b2ec64c322e5cf12c395d01655f0b71ffe400d51a31fa5ae56754f8ee587b6dd9d8ee8ec5feca3351f01d0b01254248c180614a855b3655', 'x-tenant-id': '3', 'Content-Length': '348'} 
 body=b'{"code": "PR", "nameTh": "\\u0e27\\u0e34\\u0e28\\u0e27\\u0e01\\u0e23\\u0e0b\\u0e2d\\u0e1f\\u0e15\\u0e4c\\u0e41\\u0e27\\u0e23\\u0e4c\\u0e2d\\u0e32\\u0e27\\u0e38\\u0e42\\u0e2a (\\u0e2d\\u0e31\\u0e1b\\u0e40\\u0e14\\u0e15)", "nameEn": "Senior Software Engineer (Updated)", "departmentId": "3cee669d-235d-4f8e-a455-16f2e8fde4f8", "description": "Updated via Robot API Smoke Test"}' 
 </msg>
<msg time="2026-05-19T09:36:17.068243" level="INFO">PUT Response : url=http://localhost:3001/api/v1/positions/7b48960c-8704-4007-9863-4f6f51be2162 
 status=200, reason=OK 
 headers={'X-Powered-By': 'Express', 'Vary': 'Origin', 'Access-Control-Allow-Credentials': 'true', 'Access-Control-Expose-Headers': 'Set-Cookie', 'Content-Type': 'application/json; charset=utf-8', 'Content-Length': '626', 'ETag': 'W/"272-7+v4lajI8JwegcpBuOESjEsGDWY"', 'Date': 'Tue, 19 May 2026 02:36:17 GMT', 'Connection': 'keep-alive', 'Keep-Alive': 'timeout=5'} 
 body={"id":"7b48960c-8704-4007-9863-4f6f51be2162","tenantId":"3","code":"PR","nameTh":"วิศวกรซอฟต์แวร์อาวุโส (อัปเดต)","nameEn":"Senior Software Engineer (Updated)","departmentId":"3cee669d-235d-4f8e-a455-16f2e8fde4f8","levelId":null,"description":"Updated via Robot API Smoke Test","status":"active","department":{"id":"3cee669d-235d-4f8e-a455-16f2e8fde4f8","tenantId":"3","code":"QL","nameTh":"ฝ่ายตรวจสอบคุณภาพ (อัปเดต)","nameEn":"Quality Assurance (Updated)","description":"Updated via Robot API Smoke Test","status":"active"}} 
 </msg>
<msg time="2026-05-19T09:36:17.068243" level="INFO">${response} = &lt;Response [200]&gt;</msg>
<var>${response}</var>
<arg>hr_api</arg>
<arg>${uri}</arg>
<arg>json=${payload}</arg>
<arg>headers=${custom_headers}</arg>
<arg>expected_status=any</arg>
<doc>Sends a PUT request on a previously created HTTP Session.</doc>
<status status="PASS" start="2026-05-19T09:36:17.052897" elapsed="0.015346"/>
</kw>
<kw name="Log" owner="BuiltIn">
<msg time="2026-05-19T09:36:17.070640" level="INFO">PUT Response: 200 - {"id":"7b48960c-8704-4007-9863-4f6f51be2162","tenantId":"3","code":"PR","nameTh":"วิศวกรซอฟต์แวร์อาวุโส (อัปเดต)","nameEn":"Senior Software Engineer (Updated)","departmentId":"3cee669d-235d-4f8e-a455-16f2e8fde4f8","levelId":null,"description":"Updated via Robot API Smoke Test","status":"active","department":{"id":"3cee669d-235d-4f8e-a455-16f2e8fde4f8","tenantId":"3","code":"QL","nameTh":"ฝ่ายตรวจสอบคุณภาพ (อัปเดต)","nameEn":"Quality Assurance (Updated)","description":"Updated via Robot API Smoke Test","status":"active"}}</msg>
<arg>PUT Response: ${response.status_code} - ${response.text}</arg>
<doc>Logs the given message with the given level.</doc>
<status status="PASS" start="2026-05-19T09:36:17.068243" elapsed="0.002397"/>
</kw>
<kw name="Should Be Equal As Integers" owner="BuiltIn">
<msg time="2026-05-19T09:36:17.071638" level="INFO">Argument types are:
&lt;class 'int'&gt;
&lt;class 'str'&gt;</msg>
<arg>${response.status_code}</arg>
<arg>${expected_status}</arg>
<doc>Fails if objects are unequal after converting them to integers.</doc>
<status status="PASS" start="2026-05-19T09:36:17.071638" elapsed="0.000000"/>
</kw>
<return>
<value>${response}</value>
<status status="PASS" start="2026-05-19T09:36:17.071638" elapsed="0.000000"/>
</return>
<msg time="2026-05-19T09:36:17.071638" level="INFO">${response} = &lt;Response [200]&gt;</msg>
<var>${response}</var>
<arg>/positions/${pos_id}</arg>
<arg>${payload}</arg>
<arg>expected_status=200</arg>
<doc>Wraps PUT request and asserts response status code.</doc>
<status status="PASS" start="2026-05-19T09:36:17.052375" elapsed="0.020841"/>
</kw>
<return>
<value>${response.json()}</value>
<status status="PASS" start="2026-05-19T09:36:17.073216" elapsed="0.000000"/>
</return>
<msg time="2026-05-19T09:36:17.073829" level="INFO">${updated} = {'id': '7b48960c-8704-4007-9863-4f6f51be2162', 'tenantId': '3', 'code': 'PR', 'nameTh': 'วิศวกรซอฟต์แวร์อาวุโส (อัปเดต)', 'nameEn': 'Senior Software Engineer (Updated)', 'departmentId': '3cee669d-235d...</msg>
<var>${updated}</var>
<arg>${pos_id}</arg>
<arg>${update_payload}</arg>
<doc>Updates position details by ID.</doc>
<status status="PASS" start="2026-05-19T09:36:17.051845" elapsed="0.021984"/>
</kw>
<kw name="Should Be Equal As Strings" owner="BuiltIn">
<arg>${updated}[nameTh]</arg>
<arg>วิศวกรซอฟต์แวร์อาวุโส (อัปเดต)</arg>
<doc>Fails if objects are unequal after converting them to strings.</doc>
<status status="PASS" start="2026-05-19T09:36:17.073829" elapsed="0.000000"/>
</kw>
<kw name="Log To Console" owner="BuiltIn">
<arg>[SUCCESS] Position CRUD verified successfully!</arg>
<doc>Logs the given message to the console.</doc>
<status status="PASS" start="2026-05-19T09:36:17.073829" elapsed="0.000000"/>
</kw>
<kw name="Log To Console" owner="BuiltIn">
<arg>------------------------------------------------------------</arg>
<doc>Logs the given message to the console.</doc>
<status status="PASS" start="2026-05-19T09:36:17.074903" elapsed="0.000000"/>
</kw>
<kw name="Log" owner="BuiltIn">
<msg time="2026-05-19T09:36:17.075422" level="INFO">Position CRUD verified successfully!</msg>
<arg>Position CRUD verified successfully!</arg>
<doc>Logs the given message with the given level.</doc>
<status status="PASS" start="2026-05-19T09:36:17.074903" elapsed="0.000519"/>
</kw>
<doc>Verifies that positions can be created, retrieved, updated, and deleted under a department.</doc>
<tag>api</tag>
<tag>position</tag>
<tag>smoke</tag>
<status status="PASS" start="2026-05-19T09:36:17.003316" elapsed="0.072106"/>
</test>
<test id="s1-t3" name="Verify Employee CRUD Operations" line="99">
<kw name="Skip If" owner="BuiltIn">
<arg>'${CREATED_DEPT_ID}' == '${None}' or '${CREATED_POS_ID}' == '${None}'</arg>
<arg>Skipping because Department/Position creation failed.</arg>
<doc>Skips the rest of the current test if the ``condition`` is True.</doc>
<status status="PASS" start="2026-05-19T09:36:17.075939" elapsed="0.000538"/>
</kw>
<kw name="Log To Console" owner="BuiltIn">
<arg>\n------------------------------------------------------------</arg>
<doc>Logs the given message to the console.</doc>
<status status="PASS" start="2026-05-19T09:36:17.077006" elapsed="0.000000"/>
</kw>
<kw name="Log To Console" owner="BuiltIn">
<arg>[START] Testing Employee CRUD Operations...</arg>
<doc>Logs the given message to the console.</doc>
<status status="PASS" start="2026-05-19T09:36:17.077006" elapsed="0.000534"/>
</kw>
<kw name="Evaluate" owner="BuiltIn">
<msg time="2026-05-19T09:36:17.078066" level="INFO">${random_num} = 2666</msg>
<var>${random_num}</var>
<arg>random.randint(1000, 9999)</arg>
<arg>modules=random</arg>
<doc>Evaluates the given expression in Python and returns the result.</doc>
<status status="PASS" start="2026-05-19T09:36:17.077540" elapsed="0.000526"/>
</kw>
<kw name="Set Variable" owner="BuiltIn">
<msg time="2026-05-19T09:36:17.078066" level="INFO">${email} = somchai.apinan.2666@example.com</msg>
<var>${email}</var>
<arg>somchai.apinan.${random_num}@example.com</arg>
<doc>Returns the given values which can then be assigned to a variables.</doc>
<status status="PASS" start="2026-05-19T09:36:17.078066" elapsed="0.000525"/>
</kw>
<kw name="Log To Console" owner="BuiltIn">
<arg>[STEP 1] Creating new employee with email: ${email}</arg>
<doc>Logs the given message to the console.</doc>
<status status="PASS" start="2026-05-19T09:36:17.078591" elapsed="0.000550"/>
</kw>
<kw name="Create Employee via API" owner="employee_api">
<kw name="Create Dictionary" owner="BuiltIn">
<msg time="2026-05-19T09:36:17.080727" level="INFO">${payload} = {'firstName': 'สมชาย', 'lastName': 'อภินันท์', 'email': 'somchai.apinan.2666@example.com'}</msg>
<var>${payload}</var>
<arg>firstName=${first_name}</arg>
<arg>lastName=${last_name}</arg>
<arg>email=${email}</arg>
<doc>Creates and returns a dictionary based on the given ``items``.</doc>
<status status="PASS" start="2026-05-19T09:36:17.080202" elapsed="0.000525"/>
</kw>
<kw name="Run Keyword If" owner="BuiltIn">
<kw name="Set To Dictionary" owner="Collections">
<arg>${payload}</arg>
<arg>departmentId=${dept_id}</arg>
<doc>Adds the given ``key_value_pairs`` and/or ``items`` to the ``dictionary``.</doc>
<status status="PASS" start="2026-05-19T09:36:17.081792" elapsed="0.000000"/>
</kw>
<arg>'${dept_id}' != '${None}'</arg>
<arg>Set To Dictionary</arg>
<arg>${payload}</arg>
<arg>departmentId=${dept_id}</arg>
<doc>Runs the given keyword with the given arguments, if ``condition`` is true.</doc>
<status status="PASS" start="2026-05-19T09:36:17.080727" elapsed="0.001591"/>
</kw>
<kw name="Run Keyword If" owner="BuiltIn">
<kw name="Set To Dictionary" owner="Collections">
<arg>${payload}</arg>
<arg>positionId=${pos_id}</arg>
<doc>Adds the given ``key_value_pairs`` and/or ``items`` to the ``dictionary``.</doc>
<status status="PASS" start="2026-05-19T09:36:17.082838" elapsed="0.000000"/>
</kw>
<arg>'${pos_id}' != '${None}'</arg>
<arg>Set To Dictionary</arg>
<arg>${payload}</arg>
<arg>positionId=${pos_id}</arg>
<doc>Runs the given keyword with the given arguments, if ``condition`` is true.</doc>
<status status="PASS" start="2026-05-19T09:36:17.082318" elapsed="0.000520"/>
</kw>
<kw name="Send POST Request Wrapper" owner="api_common">
<kw name="POST On Session" owner="RequestsLibrary">
<msg time="2026-05-19T09:36:17.351530" level="INFO">POST Request : url=http://localhost:3001/api/v1/employees 
 path_url=/api/v1/employees 
 headers={'User-Agent': 'python-requests/2.32.5', 'Accept-Encoding': 'gzip, deflate', 'Accept': '*/*', 'Connection': 'keep-alive', 'Content-Type': 'application/json', 'Authorization': 'Bearer 4287b80f113f094a6b2ec64c322e5cf12c395d01655f0b71ffe400d51a31fa5ae56754f8ee587b6dd9d8ee8ec5feca3351f01d0b01254248c180614a855b3655', 'x-tenant-id': '3', 'Content-Length': '265'} 
 body=b'{"firstName": "\\u0e2a\\u0e21\\u0e0a\\u0e32\\u0e22", "lastName": "\\u0e2d\\u0e20\\u0e34\\u0e19\\u0e31\\u0e19\\u0e17\\u0e4c", "email": "somchai.apinan.2666@example.com", "departmentId": "3cee669d-235d-4f8e-a455-16f2e8fde4f8", "positionId": "7b48960c-8704-4007-9863-4f6f51be2162"}' 
 </msg>
<msg time="2026-05-19T09:36:17.351530" level="INFO">POST Response : url=http://localhost:3001/api/v1/employees 
 status=201, reason=Created 
 headers={'X-Powered-By': 'Express', 'Vary': 'Origin', 'Access-Control-Allow-Credentials': 'true', 'Access-Control-Expose-Headers': 'Set-Cookie', 'Content-Type': 'application/json; charset=utf-8', 'Content-Length': '2033', 'ETag': 'W/"7f1-4jNPvu8GjcxSvheUP3T2b3mCO1I"', 'Date': 'Tue, 19 May 2026 02:36:17 GMT', 'Connection': 'keep-alive', 'Keep-Alive': 'timeout=5'} 
 body={"id":"7cf79bef-d089-493b-96a9-bd8469a537df","tenantId":"3","employeeCode":"DJ2026TEST00001","prefix":null,"firstName":"สมชาย","lastName":"อภินันท์","nickname":null,"gender":null,"bloodType":null,"idCardNumber":null,"birthDate":null,"phone":null,"email":"somchai.apinan.2666@example.com","citizenshipType":"thai","nationalityId":null,"profileImageUrl":null,"personalityId":null,"companyId":null,"departmentId":"3cee669d-235d-4f8e-a455-16f2e8fde4f8","positionId":"7b48960c-8704-4007-9863-4f6f51be2162","employeeLevel":null,"employmentTypeId":null,"startDate":null,"socialSecurityRights":null,"endDate":null,"salary":null,"payCycle":null,"employeeStatusId":null,"resignationReason":null,"resignationNote":null,"createdAt":"2026-05-19T02:36:17.000Z","updatedAt":"2026-05-19T02:36:17.000Z","personality":null,"company":null,"department":{"id":"3cee669d-235d-4f8e-a455-16f2e8fde4f8","tenantId":"3","code":"QL","nameTh":"ฝ่ายตรวจสอบคุณภาพ (อัปเดต)","nameEn":"Quality Assurance (Updated)","description":"Updated via Robot API Smoke Test","status":"active"},"position":{"id":"7b48960c-8704-4007-9863-4f6f51be2162","tenantId":"3","code":"PR","nameTh":"วิศวกรซอฟต์แวร์อาวุโส (อัปเดต)","nameEn":"Senior Software Engineer (Updated)","departmentId":"3cee669d-235d-4f8e-a455-16f2e8fde4f8","levelId":null,"description":"Updated via Robot API Smoke Test","status":"active","department":{"id":"3cee669d-235d-4f8e-a455-16f2e8fde4f8","tenantId":"3","code":"QL","nameTh":"ฝ่ายตรวจสอบคุณภาพ (อัปเดต)","nameEn":"Quality Assurance (Updated)","description":"Updated via Robot API Smoke Test","status":"active"},"level":null},"employmentType":null,"employeeStatus":null,"nationality":null,"tags":[],"addresses":[],"emergencyContacts":[],"educations":[],"workExperiences":[],"socialSecurityInfos":[],"bankAccounts":[],"vehicles":[],"employeeDocuments":[],"passports":[],"workPermits":[]} 
 </msg>
<msg time="2026-05-19T09:36:17.351530" level="INFO">${response} = &lt;Response [201]&gt;</msg>
<var>${response}</var>
<arg>hr_api</arg>
<arg>${uri}</arg>
<arg>json=${payload}</arg>
<arg>headers=${custom_headers}</arg>
<arg>expected_status=any</arg>
<doc>Sends a POST request on a previously created HTTP Session.</doc>
<status status="PASS" start="2026-05-19T09:36:17.083346" elapsed="0.268184"/>
</kw>
<kw name="Log" owner="BuiltIn">
<msg time="2026-05-19T09:36:17.353043" level="INFO">POST Response: 201 - {"id":"7cf79bef-d089-493b-96a9-bd8469a537df","tenantId":"3","employeeCode":"DJ2026TEST00001","prefix":null,"firstName":"สมชาย","lastName":"อภินันท์","nickname":null,"gender":null,"bloodType":null,"idCardNumber":null,"birthDate":null,"phone":null,"email":"somchai.apinan.2666@example.com","citizenshipType":"thai","nationalityId":null,"profileImageUrl":null,"personalityId":null,"companyId":null,"departmentId":"3cee669d-235d-4f8e-a455-16f2e8fde4f8","positionId":"7b48960c-8704-4007-9863-4f6f51be2162","employeeLevel":null,"employmentTypeId":null,"startDate":null,"socialSecurityRights":null,"endDate":null,"salary":null,"payCycle":null,"employeeStatusId":null,"resignationReason":null,"resignationNote":null,"createdAt":"2026-05-19T02:36:17.000Z","updatedAt":"2026-05-19T02:36:17.000Z","personality":null,"company":null,"department":{"id":"3cee669d-235d-4f8e-a455-16f2e8fde4f8","tenantId":"3","code":"QL","nameTh":"ฝ่ายตรวจสอบคุณภาพ (อัปเดต)","nameEn":"Quality Assurance (Updated)","description":"Updated via Robot API Smoke Test","status":"active"},"position":{"id":"7b48960c-8704-4007-9863-4f6f51be2162","tenantId":"3","code":"PR","nameTh":"วิศวกรซอฟต์แวร์อาวุโส (อัปเดต)","nameEn":"Senior Software Engineer (Updated)","departmentId":"3cee669d-235d-4f8e-a455-16f2e8fde4f8","levelId":null,"description":"Updated via Robot API Smoke Test","status":"active","department":{"id":"3cee669d-235d-4f8e-a455-16f2e8fde4f8","tenantId":"3","code":"QL","nameTh":"ฝ่ายตรวจสอบคุณภาพ (อัปเดต)","nameEn":"Quality Assurance (Updated)","description":"Updated via Robot API Smoke Test","status":"active"},"level":null},"employmentType":null,"employeeStatus":null,"nationality":null,"tags":[],"addresses":[],"emergencyContacts":[],"educations":[],"workExperiences":[],"socialSecurityInfos":[],"bankAccounts":[],"vehicles":[],"employeeDocuments":[],"passports":[],"workPermits":[]}</msg>
<arg>POST Response: ${response.status_code} - ${response.text}</arg>
<doc>Logs the given message with the given level.</doc>
<status status="PASS" start="2026-05-19T09:36:17.351530" elapsed="0.003028"/>
</kw>
<kw name="Should Be Equal As Integers" owner="BuiltIn">
<msg time="2026-05-19T09:36:17.354558" level="INFO">Argument types are:
&lt;class 'int'&gt;
&lt;class 'str'&gt;</msg>
<arg>${response.status_code}</arg>
<arg>${expected_status}</arg>
<doc>Fails if objects are unequal after converting them to integers.</doc>
<status status="PASS" start="2026-05-19T09:36:17.354558" elapsed="0.000000"/>
</kw>
<return>
<value>${response}</value>
<status status="PASS" start="2026-05-19T09:36:17.355862" elapsed="0.000000"/>
</return>
<msg time="2026-05-19T09:36:17.355862" level="INFO">${response} = &lt;Response [201]&gt;</msg>
<var>${response}</var>
<arg>/employees</arg>
<arg>${payload}</arg>
<arg>expected_status=201</arg>
<doc>Wraps POST request and asserts response status code.</doc>
<status status="PASS" start="2026-05-19T09:36:17.083346" elapsed="0.272516"/>
</kw>
<kw name="Get From Dictionary" owner="Collections">
<msg time="2026-05-19T09:36:17.355862" level="INFO">${emp_id} = 7cf79bef-d089-493b-96a9-bd8469a537df</msg>
<var>${emp_id}</var>
<arg>${response.json()}</arg>
<arg>id</arg>
<doc>Returns a value from the given ``dictionary`` based on the given ``key``.</doc>
<status status="PASS" start="2026-05-19T09:36:17.355862" elapsed="0.000000"/>
</kw>
<kw name="Log" owner="BuiltIn">
<msg time="2026-05-19T09:36:17.357368" level="INFO">Employee created with ID: 7cf79bef-d089-493b-96a9-bd8469a537df</msg>
<arg>Employee created with ID: ${emp_id}</arg>
<doc>Logs the given message with the given level.</doc>
<status status="PASS" start="2026-05-19T09:36:17.355862" elapsed="0.001506"/>
</kw>
<return>
<value>${emp_id}</value>
<value>${response.json()}</value>
<status status="PASS" start="2026-05-19T09:36:17.357368" elapsed="0.000000"/>
</return>
<msg time="2026-05-19T09:36:17.357888" level="INFO">${emp_id} = 7cf79bef-d089-493b-96a9-bd8469a537df</msg>
<msg time="2026-05-19T09:36:17.357888" level="INFO">${body} = {'id': '7cf79bef-d089-493b-96a9-bd8469a537df', 'tenantId': '3', 'employeeCode': 'DJ2026TEST00001', 'prefix': None, 'firstName': 'สมชาย', 'lastName': 'อภินันท์', 'nickname': None, 'gender': None, 'bloo...</msg>
<var>${emp_id}</var>
<var>${body}</var>
<arg>first_name=สมชาย</arg>
<arg>last_name=อภินันท์</arg>
<arg>email=${email}</arg>
<arg>dept_id=${CREATED_DEPT_ID}</arg>
<arg>pos_id=${CREATED_POS_ID}</arg>
<doc>Creates a new employee and returns their generated ID.</doc>
<status status="PASS" start="2026-05-19T09:36:17.079141" elapsed="0.278747"/>
</kw>
<kw name="Set Suite Variable" owner="BuiltIn">
<msg time="2026-05-19T09:36:17.357888" level="INFO">${CREATED_EMP_ID} = 7cf79bef-d089-493b-96a9-bd8469a537df</msg>
<arg>${CREATED_EMP_ID}</arg>
<arg>${emp_id}</arg>
<doc>Makes a variable available everywhere within the scope of the current suite.</doc>
<status status="PASS" start="2026-05-19T09:36:17.357888" elapsed="0.000000"/>
</kw>
<kw name="Log To Console" owner="BuiltIn">
<arg>[INFO] Created Employee ID: ${emp_id}</arg>
<doc>Logs the given message to the console.</doc>
<status status="PASS" start="2026-05-19T09:36:17.357888" elapsed="0.001510"/>
</kw>
<kw name="Log To Console" owner="BuiltIn">
<arg>[STEP 2] Verifying employee profile details for ID: ${emp_id}</arg>
<doc>Logs the given message to the console.</doc>
<status status="PASS" start="2026-05-19T09:36:17.359398" elapsed="0.001007"/>
</kw>
<kw name="Get Employee Profile via API" owner="employee_api">
<kw name="Send GET Request Wrapper" owner="api_common">
<kw name="GET On Session" owner="RequestsLibrary">
<msg time="2026-05-19T09:36:17.380828" level="INFO">GET Request : url=http://localhost:3001/api/v1/employees/7cf79bef-d089-493b-96a9-bd8469a537df 
 path_url=/api/v1/employees/7cf79bef-d089-493b-96a9-bd8469a537df 
 headers={'User-Agent': 'python-requests/2.32.5', 'Accept-Encoding': 'gzip, deflate', 'Accept': '*/*', 'Connection': 'keep-alive', 'Content-Type': 'application/json', 'Authorization': 'Bearer 4287b80f113f094a6b2ec64c322e5cf12c395d01655f0b71ffe400d51a31fa5ae56754f8ee587b6dd9d8ee8ec5feca3351f01d0b01254248c180614a855b3655', 'x-tenant-id': '3'} 
 body=None 
 </msg>
<msg time="2026-05-19T09:36:17.380828" level="INFO">GET Response : url=http://localhost:3001/api/v1/employees/7cf79bef-d089-493b-96a9-bd8469a537df 
 status=200, reason=OK 
 headers={'X-Powered-By': 'Express', 'Vary': 'Origin', 'Access-Control-Allow-Credentials': 'true', 'Access-Control-Expose-Headers': 'Set-Cookie', 'Content-Type': 'application/json; charset=utf-8', 'Content-Length': '2363', 'ETag': 'W/"93b-PBCU6dwImpgYo19f7S3FinuyAfo"', 'Date': 'Tue, 19 May 2026 02:36:17 GMT', 'Connection': 'keep-alive', 'Keep-Alive': 'timeout=5'} 
 body={"id":"7cf79bef-d089-493b-96a9-bd8469a537df","tenantId":"3","employeeCode":"DJ2026TEST00001","prefix":null,"firstName":"สมชาย","lastName":"อภินันท์","nickname":null,"gender":null,"bloodType":null,"idCardNumber":null,"birthDate":null,"phone":null,"email":"somchai.apinan.2666@example.com","citizenshipType":"thai","nationalityId":null,"profileImageUrl":null,"personalityId":null,"companyId":null,"departmentId":"3cee669d-235d-4f8e-a455-16f2e8fde4f8","positionId":"7b48960c-8704-4007-9863-4f6f51be2162","employeeLevel":null,"employmentTypeId":null,"startDate":null,"socialSecurityRights":null,"endDate":null,"salary":null,"payCycle":null,"employeeStatusId":null,"resignationReason":null,"resignationNote":null,"createdAt":"2026-05-19T02:36:17.000Z","updatedAt":"2026-05-19T02:36:17.000Z","company":{"id":"3","name":"Demo Tenant","nameEn":"Demo Tenant","code":"3","prefix":null,"shortName":"Demo Tenant","address":null,"addressEn":null,"contactNumber":null,"website":null,"email":null,"tenantId":"3","status":"active","metadata":{}},"department":{"id":"3cee669d-235d-4f8e-a455-16f2e8fde4f8","tenantId":"3","code":"QL","nameTh":"ฝ่ายตรวจสอบคุณภาพ (อัปเดต)","nameEn":"Quality Assurance (Updated)","description":"Updated via Robot API Smoke Test","status":"active"},"position":{"id":"7b48960c-8704-4007-9863-4f6f51be2162","tenantId":"3","code":"PR","nameTh":"วิศวกรซอฟต์แวร์อาวุโส (อัปเดต)","nameEn":"Senior Software Engineer (Updated)","departmentId":"3cee669d-235d-4f8e-a455-16f2e8fde4f8","levelId":null,"description":"Updated via Robot API Smoke Test","status":"active","department":{"id":"3cee669d-235d-4f8e-a455-16f2e8fde4f8","tenantId":"3","code":"QL","nameTh":"ฝ่ายตรวจสอบคุณภาพ (อัปเดต)","nameEn":"Quality Assurance (Updated)","description":"Updated via Robot API Smoke Test","status":"active"}},"employmentType":null,"employeeLevelRelation":null,"employeeStatus":null,"tags":[],"addresses":[],"organicsPointBalanceId":"107ba42c-e03e-47e0-90f2-e514c50b7584","organicsPointTotalPoints":0,"providentFundRemainingBalance":0,"citizenType":"thai","passportNumber":null,"passportExpiryDate":null,"passportCountry":null,"permitNumber":null,"workPermitIssuedDate":null,"workPermitExpiryDate":null} 
 </msg>
<msg time="2026-05-19T09:36:17.381825" level="INFO">${response} = &lt;Response [200]&gt;</msg>
<var>${response}</var>
<arg>hr_api</arg>
<arg>${uri}</arg>
<arg>headers=${custom_headers}</arg>
<arg>expected_status=any</arg>
<doc>Sends a GET request on a previously created HTTP Session.</doc>
<status status="PASS" start="2026-05-19T09:36:17.360995" elapsed="0.020830"/>
</kw>
<kw name="Log" owner="BuiltIn">
<msg time="2026-05-19T09:36:17.383333" level="INFO">GET Response: 200 - {"id":"7cf79bef-d089-493b-96a9-bd8469a537df","tenantId":"3","employeeCode":"DJ2026TEST00001","prefix":null,"firstName":"สมชาย","lastName":"อภินันท์","nickname":null,"gender":null,"bloodType":null,"idCardNumber":null,"birthDate":null,"phone":null,"email":"somchai.apinan.2666@example.com","citizenshipType":"thai","nationalityId":null,"profileImageUrl":null,"personalityId":null,"companyId":null,"departmentId":"3cee669d-235d-4f8e-a455-16f2e8fde4f8","positionId":"7b48960c-8704-4007-9863-4f6f51be2162","employeeLevel":null,"employmentTypeId":null,"startDate":null,"socialSecurityRights":null,"endDate":null,"salary":null,"payCycle":null,"employeeStatusId":null,"resignationReason":null,"resignationNote":null,"createdAt":"2026-05-19T02:36:17.000Z","updatedAt":"2026-05-19T02:36:17.000Z","company":{"id":"3","name":"Demo Tenant","nameEn":"Demo Tenant","code":"3","prefix":null,"shortName":"Demo Tenant","address":null,"addressEn":null,"contactNumber":null,"website":null,"email":null,"tenantId":"3","status":"active","metadata":{}},"department":{"id":"3cee669d-235d-4f8e-a455-16f2e8fde4f8","tenantId":"3","code":"QL","nameTh":"ฝ่ายตรวจสอบคุณภาพ (อัปเดต)","nameEn":"Quality Assurance (Updated)","description":"Updated via Robot API Smoke Test","status":"active"},"position":{"id":"7b48960c-8704-4007-9863-4f6f51be2162","tenantId":"3","code":"PR","nameTh":"วิศวกรซอฟต์แวร์อาวุโส (อัปเดต)","nameEn":"Senior Software Engineer (Updated)","departmentId":"3cee669d-235d-4f8e-a455-16f2e8fde4f8","levelId":null,"description":"Updated via Robot API Smoke Test","status":"active","department":{"id":"3cee669d-235d-4f8e-a455-16f2e8fde4f8","tenantId":"3","code":"QL","nameTh":"ฝ่ายตรวจสอบคุณภาพ (อัปเดต)","nameEn":"Quality Assurance (Updated)","description":"Updated via Robot API Smoke Test","status":"active"}},"employmentType":null,"employeeLevelRelation":null,"employeeStatus":null,"tags":[],"addresses":[],"organicsPointBalanceId":"107ba42c-e03e-47e0-90f2-e514c50b7584","organicsPointTotalPoints":0,"providentFundRemainingBalance":0,"citizenType":"thai","passportNumber":null,"passportExpiryDate":null,"passportCountry":null,"permitNumber":null,"workPermitIssuedDate":null,"workPermitExpiryDate":null}</msg>
<arg>GET Response: ${response.status_code} - ${response.text}</arg>
<doc>Logs the given message with the given level.</doc>
<status status="PASS" start="2026-05-19T09:36:17.381825" elapsed="0.001508"/>
</kw>
<kw name="Should Be Equal As Integers" owner="BuiltIn">
<msg time="2026-05-19T09:36:17.383848" level="INFO">Argument types are:
&lt;class 'int'&gt;
&lt;class 'str'&gt;</msg>
<arg>${response.status_code}</arg>
<arg>${expected_status}</arg>
<doc>Fails if objects are unequal after converting them to integers.</doc>
<status status="PASS" start="2026-05-19T09:36:17.383333" elapsed="0.000515"/>
</kw>
<return>
<value>${response}</value>
<status status="PASS" start="2026-05-19T09:36:17.383848" elapsed="0.000000"/>
</return>
<msg time="2026-05-19T09:36:17.383848" level="INFO">${response} = &lt;Response [200]&gt;</msg>
<var>${response}</var>
<arg>/employees/${emp_id}</arg>
<arg>expected_status=200</arg>
<doc>Wraps GET request and asserts response status code.</doc>
<status status="PASS" start="2026-05-19T09:36:17.360995" elapsed="0.022853"/>
</kw>
<return>
<value>${response.json()}</value>
<status status="PASS" start="2026-05-19T09:36:17.383848" elapsed="0.000000"/>
</return>
<msg time="2026-05-19T09:36:17.384856" level="INFO">${details} = {'id': '7cf79bef-d089-493b-96a9-bd8469a537df', 'tenantId': '3', 'employeeCode': 'DJ2026TEST00001', 'prefix': None, 'firstName': 'สมชาย', 'lastName': 'อภินันท์', 'nickname': None, 'gender': None, 'bloo...</msg>
<var>${details}</var>
<arg>${emp_id}</arg>
<doc>Retrieves employee details by ID.</doc>
<status status="PASS" start="2026-05-19T09:36:17.360405" elapsed="0.024451"/>
</kw>
<kw name="Should Be Equal As Strings" owner="BuiltIn">
<arg>${details}[firstName]</arg>
<arg>สมชาย</arg>
<doc>Fails if objects are unequal after converting them to strings.</doc>
<status status="PASS" start="2026-05-19T09:36:17.384856" elapsed="0.000997"/>
</kw>
<kw name="Should Be Equal As Strings" owner="BuiltIn">
<arg>${details}[email]</arg>
<arg>${email}</arg>
<doc>Fails if objects are unequal after converting them to strings.</doc>
<status status="PASS" start="2026-05-19T09:36:17.385853" elapsed="0.000000"/>
</kw>
<kw name="Should Be Equal As Strings" owner="BuiltIn">
<arg>${details}[departmentId]</arg>
<arg>${CREATED_DEPT_ID}</arg>
<doc>Fails if objects are unequal after converting them to strings.</doc>
<status status="PASS" start="2026-05-19T09:36:17.385853" elapsed="0.000995"/>
</kw>
<kw name="Should Be Equal As Strings" owner="BuiltIn">
<arg>${details}[positionId]</arg>
<arg>${CREATED_POS_ID}</arg>
<doc>Fails if objects are unequal after converting them to strings.</doc>
<status status="PASS" start="2026-05-19T09:36:17.386848" elapsed="0.000000"/>
</kw>
<kw name="Log To Console" owner="BuiltIn">
<arg>[STEP 3] Updating employee ID ${emp_id} first name to: สมชาย (อัปเดต)</arg>
<doc>Logs the given message to the console.</doc>
<status status="PASS" start="2026-05-19T09:36:17.388355" elapsed="0.000000"/>
</kw>
<kw name="Create Dictionary" owner="BuiltIn">
<msg time="2026-05-19T09:36:17.389620" level="INFO">${update_payload} = {'firstName': 'สมชาย (อัปเดต)', 'lastName': 'อภินันท์', 'email': 'somchai.apinan.2666@example.com', 'nickname': 'ชาย'}</msg>
<var>${update_payload}</var>
<arg>firstName=สมชาย (อัปเดต)</arg>
<arg>lastName=อภินันท์</arg>
<arg>email=${email}</arg>
<arg>nickname=ชาย</arg>
<doc>Creates and returns a dictionary based on the given ``items``.</doc>
<status status="PASS" start="2026-05-19T09:36:17.389115" elapsed="0.000505"/>
</kw>
<kw name="Update Employee via API" owner="employee_api">
<kw name="Send PUT Request Wrapper" owner="api_common">
<kw name="PUT On Session" owner="RequestsLibrary">
<msg time="2026-05-19T09:36:17.437174" level="INFO">PUT Request : url=http://localhost:3001/api/v1/employees/7cf79bef-d089-493b-96a9-bd8469a537df 
 path_url=/api/v1/employees/7cf79bef-d089-493b-96a9-bd8469a537df 
 headers={'User-Agent': 'python-requests/2.32.5', 'Accept-Encoding': 'gzip, deflate', 'Accept': '*/*', 'Connection': 'keep-alive', 'Content-Type': 'application/json', 'Authorization': 'Bearer 4287b80f113f094a6b2ec64c322e5cf12c395d01655f0b71ffe400d51a31fa5ae56754f8ee587b6dd9d8ee8ec5feca3351f01d0b01254248c180614a855b3655', 'x-tenant-id': '3', 'Content-Length': '228'} 
 body=b'{"firstName": "\\u0e2a\\u0e21\\u0e0a\\u0e32\\u0e22 (\\u0e2d\\u0e31\\u0e1b\\u0e40\\u0e14\\u0e15)", "lastName": "\\u0e2d\\u0e20\\u0e34\\u0e19\\u0e31\\u0e19\\u0e17\\u0e4c", "email": "somchai.apinan.2666@example.com", "nickname": "\\u0e0a\\u0e32\\u0e22"}' 
 </msg>
<msg time="2026-05-19T09:36:17.437174" level="INFO">PUT Response : url=http://localhost:3001/api/v1/employees/7cf79bef-d089-493b-96a9-bd8469a537df 
 status=200, reason=OK 
 headers={'X-Powered-By': 'Express', 'Vary': 'Origin', 'Access-Control-Allow-Credentials': 'true', 'Access-Control-Expose-Headers': 'Set-Cookie', 'Content-Type': 'application/json; charset=utf-8', 'Content-Length': '2061', 'ETag': 'W/"80d-QZUlLAqpXCsKLKYBEAh8SKnR/B0"', 'Date': 'Tue, 19 May 2026 02:36:17 GMT', 'Connection': 'keep-alive', 'Keep-Alive': 'timeout=5'} 
 body={"id":"7cf79bef-d089-493b-96a9-bd8469a537df","tenantId":"3","employeeCode":"DJ2026TEST00001","prefix":null,"firstName":"สมชาย (อัปเดต)","lastName":"อภินันท์","nickname":"ชาย","gender":null,"bloodType":null,"idCardNumber":null,"birthDate":null,"phone":null,"email":"somchai.apinan.2666@example.com","citizenshipType":"thai","nationalityId":null,"profileImageUrl":null,"personalityId":null,"companyId":null,"departmentId":"3cee669d-235d-4f8e-a455-16f2e8fde4f8","positionId":"7b48960c-8704-4007-9863-4f6f51be2162","employeeLevel":null,"employmentTypeId":null,"startDate":null,"socialSecurityRights":null,"endDate":null,"salary":null,"payCycle":null,"employeeStatusId":null,"resignationReason":null,"resignationNote":null,"createdAt":"2026-05-19T02:36:17.000Z","updatedAt":"2026-05-19T02:36:17.000Z","personality":null,"company":null,"department":{"id":"3cee669d-235d-4f8e-a455-16f2e8fde4f8","tenantId":"3","code":"QL","nameTh":"ฝ่ายตรวจสอบคุณภาพ (อัปเดต)","nameEn":"Quality Assurance (Updated)","description":"Updated via Robot API Smoke Test","status":"active"},"position":{"id":"7b48960c-8704-4007-9863-4f6f51be2162","tenantId":"3","code":"PR","nameTh":"วิศวกรซอฟต์แวร์อาวุโส (อัปเดต)","nameEn":"Senior Software Engineer (Updated)","departmentId":"3cee669d-235d-4f8e-a455-16f2e8fde4f8","levelId":null,"description":"Updated via Robot API Smoke Test","status":"active","department":{"id":"3cee669d-235d-4f8e-a455-16f2e8fde4f8","tenantId":"3","code":"QL","nameTh":"ฝ่ายตรวจสอบคุณภาพ (อัปเดต)","nameEn":"Quality Assurance (Updated)","description":"Updated via Robot API Smoke Test","status":"active"},"level":null},"employmentType":null,"employeeStatus":null,"nationality":null,"tags":[],"addresses":[],"emergencyContacts":[],"educations":[],"workExperiences":[],"socialSecurityInfos":[],"bankAccounts":[],"vehicles":[],"employeeDocuments":[],"passports":[],"workPermits":[]} 
 </msg>
<msg time="2026-05-19T09:36:17.438174" level="INFO">${response} = &lt;Response [200]&gt;</msg>
<var>${response}</var>
<arg>hr_api</arg>
<arg>${uri}</arg>
<arg>json=${payload}</arg>
<arg>headers=${custom_headers}</arg>
<arg>expected_status=any</arg>
<doc>Sends a PUT request on a previously created HTTP Session.</doc>
<status status="PASS" start="2026-05-19T09:36:17.390788" elapsed="0.047386"/>
</kw>
<kw name="Log" owner="BuiltIn">
<msg time="2026-05-19T09:36:17.440373" level="INFO">PUT Response: 200 - {"id":"7cf79bef-d089-493b-96a9-bd8469a537df","tenantId":"3","employeeCode":"DJ2026TEST00001","prefix":null,"firstName":"สมชาย (อัปเดต)","lastName":"อภินันท์","nickname":"ชาย","gender":null,"bloodType":null,"idCardNumber":null,"birthDate":null,"phone":null,"email":"somchai.apinan.2666@example.com","citizenshipType":"thai","nationalityId":null,"profileImageUrl":null,"personalityId":null,"companyId":null,"departmentId":"3cee669d-235d-4f8e-a455-16f2e8fde4f8","positionId":"7b48960c-8704-4007-9863-4f6f51be2162","employeeLevel":null,"employmentTypeId":null,"startDate":null,"socialSecurityRights":null,"endDate":null,"salary":null,"payCycle":null,"employeeStatusId":null,"resignationReason":null,"resignationNote":null,"createdAt":"2026-05-19T02:36:17.000Z","updatedAt":"2026-05-19T02:36:17.000Z","personality":null,"company":null,"department":{"id":"3cee669d-235d-4f8e-a455-16f2e8fde4f8","tenantId":"3","code":"QL","nameTh":"ฝ่ายตรวจสอบคุณภาพ (อัปเดต)","nameEn":"Quality Assurance (Updated)","description":"Updated via Robot API Smoke Test","status":"active"},"position":{"id":"7b48960c-8704-4007-9863-4f6f51be2162","tenantId":"3","code":"PR","nameTh":"วิศวกรซอฟต์แวร์อาวุโส (อัปเดต)","nameEn":"Senior Software Engineer (Updated)","departmentId":"3cee669d-235d-4f8e-a455-16f2e8fde4f8","levelId":null,"description":"Updated via Robot API Smoke Test","status":"active","department":{"id":"3cee669d-235d-4f8e-a455-16f2e8fde4f8","tenantId":"3","code":"QL","nameTh":"ฝ่ายตรวจสอบคุณภาพ (อัปเดต)","nameEn":"Quality Assurance (Updated)","description":"Updated via Robot API Smoke Test","status":"active"},"level":null},"employmentType":null,"employeeStatus":null,"nationality":null,"tags":[],"addresses":[],"emergencyContacts":[],"educations":[],"workExperiences":[],"socialSecurityInfos":[],"bankAccounts":[],"vehicles":[],"employeeDocuments":[],"passports":[],"workPermits":[]}</msg>
<arg>PUT Response: ${response.status_code} - ${response.text}</arg>
<doc>Logs the given message with the given level.</doc>
<status status="PASS" start="2026-05-19T09:36:17.438174" elapsed="0.002199"/>
</kw>
<kw name="Should Be Equal As Integers" owner="BuiltIn">
<msg time="2026-05-19T09:36:17.441878" level="INFO">Argument types are:
&lt;class 'int'&gt;
&lt;class 'str'&gt;</msg>
<arg>${response.status_code}</arg>
<arg>${expected_status}</arg>
<doc>Fails if objects are unequal after converting them to integers.</doc>
<status status="PASS" start="2026-05-19T09:36:17.440373" elapsed="0.001505"/>
</kw>
<return>
<value>${response}</value>
<status status="PASS" start="2026-05-19T09:36:17.441878" elapsed="0.000000"/>
</return>
<msg time="2026-05-19T09:36:17.441878" level="INFO">${response} = &lt;Response [200]&gt;</msg>
<var>${response}</var>
<arg>/employees/${emp_id}</arg>
<arg>${payload}</arg>
<arg>expected_status=200</arg>
<doc>Wraps PUT request and asserts response status code.</doc>
<status status="PASS" start="2026-05-19T09:36:17.390182" elapsed="0.051696"/>
</kw>
<return>
<value>${response.json()}</value>
<status status="PASS" start="2026-05-19T09:36:17.441878" elapsed="0.000512"/>
</return>
<msg time="2026-05-19T09:36:17.442390" level="INFO">${updated} = {'id': '7cf79bef-d089-493b-96a9-bd8469a537df', 'tenantId': '3', 'employeeCode': 'DJ2026TEST00001', 'prefix': None, 'firstName': 'สมชาย (อัปเดต)', 'lastName': 'อภินันท์', 'nickname': 'ชาย', 'gender': N...</msg>
<var>${updated}</var>
<arg>${emp_id}</arg>
<arg>${update_payload}</arg>
<doc>Updates employee profile by ID.</doc>
<status status="PASS" start="2026-05-19T09:36:17.390182" elapsed="0.052208"/>
</kw>
<kw name="Should Be Equal As Strings" owner="BuiltIn">
<arg>${updated}[firstName]</arg>
<arg>สมชาย (อัปเดต)</arg>
<doc>Fails if objects are unequal after converting them to strings.</doc>
<status status="PASS" start="2026-05-19T09:36:17.442390" elapsed="0.000000"/>
</kw>
<kw name="Log To Console" owner="BuiltIn">
<arg>[SUCCESS] Employee CRUD verified successfully!</arg>
<doc>Logs the given message to the console.</doc>
<status status="PASS" start="2026-05-19T09:36:17.442390" elapsed="0.000000"/>
</kw>
<kw name="Log To Console" owner="BuiltIn">
<arg>------------------------------------------------------------</arg>
<doc>Logs the given message to the console.</doc>
<status status="PASS" start="2026-05-19T09:36:17.442390" elapsed="0.002007"/>
</kw>
<kw name="Log" owner="BuiltIn">
<msg time="2026-05-19T09:36:17.444397" level="INFO">Employee CRUD verified successfully!</msg>
<arg>Employee CRUD verified successfully!</arg>
<doc>Logs the given message with the given level.</doc>
<status status="PASS" start="2026-05-19T09:36:17.444397" elapsed="0.000000"/>
</kw>
<doc>Verifies that employees can be created, retrieved, updated, and deleted with department/position bindings.</doc>
<tag>api</tag>
<tag>employee</tag>
<tag>smoke</tag>
<status status="PASS" start="2026-05-19T09:36:17.075939" elapsed="0.369034"/>
</test>
<test id="s1-t4" name="Verify Leave Request and Workflow Operations" line="142">
<kw name="Skip If" owner="BuiltIn">
<arg>'${CREATED_EMP_ID}' == '${None}'</arg>
<arg>Skipping because Employee creation failed.</arg>
<doc>Skips the rest of the current test if the ``condition`` is True.</doc>
<status status="PASS" start="2026-05-19T09:36:17.446063" elapsed="0.000531"/>
</kw>
<kw name="Log To Console" owner="BuiltIn">
<arg>\n------------------------------------------------------------</arg>
<doc>Logs the given message to the console.</doc>
<status status="PASS" start="2026-05-19T09:36:17.447123" elapsed="0.001099"/>
</kw>
<kw name="Log To Console" owner="BuiltIn">
<arg>[START] Testing Leave Request and Workflow Operations...</arg>
<doc>Logs the given message to the console.</doc>
<status status="PASS" start="2026-05-19T09:36:17.448222" elapsed="0.000530"/>
</kw>
<kw name="Log To Console" owner="BuiltIn">
<arg>[STEP 1] Querying active leave types...</arg>
<doc>Logs the given message to the console.</doc>
<status status="PASS" start="2026-05-19T09:36:17.448752" elapsed="0.000000"/>
</kw>
<kw name="Get Active Leave Type Id via API" owner="leave_api">
<kw name="Send GET Request Wrapper" owner="api_common">
<kw name="GET On Session" owner="RequestsLibrary">
<msg time="2026-05-19T09:36:17.487163" level="INFO">GET Request : url=http://localhost:3001/api/v1/leaves/type/list 
 path_url=/api/v1/leaves/type/list 
 headers={'User-Agent': 'python-requests/2.32.5', 'Accept-Encoding': 'gzip, deflate', 'Accept': '*/*', 'Connection': 'keep-alive', 'Content-Type': 'application/json', 'Authorization': 'Bearer 4287b80f113f094a6b2ec64c322e5cf12c395d01655f0b71ffe400d51a31fa5ae56754f8ee587b6dd9d8ee8ec5feca3351f01d0b01254248c180614a855b3655', 'x-tenant-id': '3'} 
 body=None 
 </msg>
<msg time="2026-05-19T09:36:17.488160" level="INFO">GET Response : url=http://localhost:3001/api/v1/leaves/type/list 
 status=200, reason=OK 
 headers={'X-Powered-By': 'Express', 'Vary': 'Origin', 'Access-Control-Allow-Credentials': 'true', 'Access-Control-Expose-Headers': 'Set-Cookie', 'Content-Type': 'application/json; charset=utf-8', 'Content-Length': '50320', 'ETag': 'W/"c490-sBgl/miJGUAeFH0bzH2fZrJj7+8"', 'Date': 'Tue, 19 May 2026 02:36:17 GMT', 'Connection': 'keep-alive', 'Keep-Alive': 'timeout=5'} 
 body=[{"id":"b6aa339e-a3c5-4e54-a412-4c9a64500bbf","code":"EARLY","name":"กลับก่อนเวลา","nameEn":"Early","isPaid":false,"requireAttachment":false,"attachmentDeadlineDays":null,"maxDaysPerTime":1,"maxDaysPerYear":30,"carryForward":false,"carryForwardLimit":0,"status":"1","advanceNoticeRuleId":"5cd5a361-34c7-4a09-b21f-5e370a9b708a","advanceNoticeDays":0,"blockedLeaveDates":[],"policies":[{"id":"72c5c582-48b5-40b2-8b4e-39af263b1ff9","leaveTypeId":"b6aa339e-a3c5-4e54-a412-4c9a64500bbf","levelId":"d4805c80-10e1-4d44-b67a-204cf89309f6","departmentId":null,"positionId":null,"minTenureMonths":null,"maxTenureMonths":null,"priority":1,"effectiveFrom":null,"effectiveTo":null,"isActive":true,"yearlyQuota":30,"allowHalfDay":false,"requirePriorDays":0,"level":{"id":"d4805c80-10e1-4d44-b67a-204cf89309f6","name":"ระดับต้น (Junior)"},"department":null,"position":null}],"leaveEntitlements":[{"id":"101a1a63-a9dc-446e-8097-4a95de201f44","employeeId":"af544930-c729-4264-8bde-fcb933001c58","year":2026,"totalQuota":30,"usedQuota":0,"carriedOver":0,"totalQuotaMinutes":14400,"usedQuotaMinutes":0,"carriedOverMinutes":0,"remainingMinutes":14400,"breakdown":{"total":{"totalMinutes":14400,"days":30,"hours":0,"minutes":0},"used":{"totalMinutes":0,"days":0,"hours":0,"minutes":0},"carried":{"totalMinutes":0,"days":0,"hours":0,"minutes":0},"remaining":{"totalMinutes":14400,"days":30,"hours":0,"minutes":0}},"employee":{"id":"af544930-c729-4264-8bde-fcb933001c58","employeeCode":"EMP0101","name":"Aran Sukjai"}},{"id":"455e723d-366c-48d5-ab6b-65af1e529cf3","employeeId":"64795b7c-cdbe-490e-a620-6bdf58a0867c","year":2026,"totalQuota":30,"usedQuota":0,"carriedOver":0,"totalQuotaMinutes":14400,"usedQuotaMinutes":0,"carriedOverMinutes":0,"remainingMinutes":14400,"breakdown":{"total":{"totalMinutes":14400,"days":30,"hours":0,"minutes":0},"used":{"totalMinutes":0,"days":0,"hours":0,"minutes":0},"carried":{"totalMinutes":0,"days":0,"hours":0,"minutes":0},"remaining":{"totalMinutes":14400,"days":30,"hours":0,"minutes":0}},"employee":{"id":"64795b7c-cdbe-490e-a620-6bdf58a0867c","employeeCode":"EMP0102","name":"Kannika Prasert"}},{"id":"54b98115-a906-41f0-badb-c8148aa55ba8","employeeId":"469c9635-55a8-43c0-a5a8-908cd2b03356","year":2026,"totalQuota":30,"usedQuota":0,"carriedOver":0,"totalQuotaMinutes":14400,"usedQuotaMinutes":0,"carriedOverMinutes":0,"remainingMinutes":14400,"breakdown":{"total":{"totalMinutes":14400,"days":30,"hours":0,"minutes":0},"used":{"totalMinutes":0,"days":0,"hours":0,"minutes":0},"carried":{"totalMinutes":0,"days":0,"hours":0,"minutes":0},"remaining":{"totalMinutes":14400,"days":30,"hours":0,"minutes":0}},"employee":{"id":"469c9635-55a8-43c0-a5a8-908cd2b03356","employeeCode":"EMP0103","name":"Nattapol Boonsri"}},{"id":"68763366-9a27-4770-9f12-9c9146beed4f","employeeId":"de83e888-62aa-4e56-8079-a2b3d1b5e736","year":2026,"totalQuota":30,"usedQuota":0,"carriedOver":0,"totalQuotaMinutes":14400,"usedQuotaMinutes":0,"carriedOverMinutes":0,"remainingMinutes":14400,"breakdown":{"total":{"totalMinutes":14400,"days":30,"hours":0,"minutes":0},"used":{"totalMinutes":0,"days":0,"hours":0,"minutes":0},"carried":{"totalMinutes":0,"days":0,"hours":0,"minutes":0},"remaining":{
[...]
<status status="PASS" start="2026-05-19T09:36:18.160449" elapsed="0.000535"/>
</kw>
<kw name="Log" owner="BuiltIn">
<msg time="2026-05-19T09:36:18.161505" level="INFO">Initiating Cleanup of Created Test Resources...</msg>
<arg>Initiating Cleanup of Created Test Resources...</arg>
<doc>Logs the given message with the given level.</doc>
<status status="PASS" start="2026-05-19T09:36:18.160984" elapsed="0.000521"/>
</kw>
<if>
<branch type="IF" condition="'${CREATED_SALARY_REC_ID}' != '${None}'">
<kw name="Run Keyword And Ignore Error" owner="BuiltIn">
<kw name="Delete Salary Record via API" owner="salary_api">
<kw name="Send DELETE Request Wrapper" owner="api_common">
<kw name="DELETE On Session" owner="RequestsLibrary">
<msg time="2026-05-19T09:36:18.199008" level="INFO">DELETE Request : url=http://localhost:3001/api/v1/salary-records/83eb5529-9973-48a5-b604-fa5eb96ded3c 
 path_url=/api/v1/salary-records/83eb5529-9973-48a5-b604-fa5eb96ded3c 
 headers={'User-Agent': 'python-requests/2.32.5', 'Accept-Encoding': 'gzip, deflate', 'Accept': '*/*', 'Connection': 'keep-alive', 'Content-Type': 'application/json', 'Authorization': 'Bearer 4287b80f113f094a6b2ec64c322e5cf12c395d01655f0b71ffe400d51a31fa5ae56754f8ee587b6dd9d8ee8ec5feca3351f01d0b01254248c180614a855b3655', 'x-tenant-id': '3', 'Content-Length': '0'} 
 body=None 
 </msg>
<msg time="2026-05-19T09:36:18.199008" level="INFO">DELETE Response : url=http://localhost:3001/api/v1/salary-records/83eb5529-9973-48a5-b604-fa5eb96ded3c 
 status=200, reason=OK 
 headers={'X-Powered-By': 'Express', 'Vary': 'Origin', 'Access-Control-Allow-Credentials': 'true', 'Access-Control-Expose-Headers': 'Set-Cookie', 'Content-Type': 'application/json; charset=utf-8', 'Content-Length': '172', 'ETag': 'W/"ac-S5EMwMYSzBRpx70iOtpxHPiG6B4"', 'Date': 'Tue, 19 May 2026 02:36:18 GMT', 'Connection': 'keep-alive', 'Keep-Alive': 'timeout=5'} 
 body={"success":true,"data":{"id":"83eb5529-9973-48a5-b604-fa5eb96ded3c"},"message":"ลบบันทึกเงินเดือนเรียบร้อยแล้ว"} 
 </msg>
<msg time="2026-05-19T09:36:18.199641" level="INFO">${response} = &lt;Response [200]&gt;</msg>
<var>${response}</var>
<arg>hr_api</arg>
<arg>${uri}</arg>
<arg>headers=${custom_headers}</arg>
<arg>expected_status=any</arg>
<doc>Sends a DELETE request on a previously created HTTP Session.</doc>
<status status="PASS" start="2026-05-19T09:36:18.165330" elapsed="0.034311"/>
</kw>
<kw name="Log" owner="BuiltIn">
<msg time="2026-05-19T09:36:18.201708" level="INFO">DELETE Response: 200 - {"success":true,"data":{"id":"83eb5529-9973-48a5-b604-fa5eb96ded3c"},"message":"ลบบันทึกเงินเดือนเรียบร้อยแล้ว"}</msg>
<arg>DELETE Response: ${response.status_code} - ${response.text}</arg>
<doc>Logs the given message with the given level.</doc>
<status status="PASS" start="2026-05-19T09:36:18.200175" elapsed="0.001533"/>
</kw>
<kw name="Should Be Equal As Integers" owner="BuiltIn">
<msg time="2026-05-19T09:36:18.203232" level="INFO">Argument types are:
&lt;class 'int'&gt;
&lt;class 'str'&gt;</msg>
<arg>${response.status_code}</arg>
<arg>${expected_status}</arg>
<doc>Fails if objects are unequal after converting them to integers.</doc>
<status status="PASS" start="2026-05-19T09:36:18.202219" elapsed="0.001013"/>
</kw>
<return>
<value>${response}</value>
<status status="PASS" start="2026-05-19T09:36:18.203232" elapsed="0.000000"/>
</return>
<msg time="2026-05-19T09:36:18.203232" level="INFO">${response} = &lt;Response [200]&gt;</msg>
<var>${response}</var>
<arg>/salary-records/${sal_rec_id}</arg>
<arg>expected_status=200</arg>
<doc>Wraps DELETE request and asserts response status code.</doc>
<status status="PASS" start="2026-05-19T09:36:18.164714" elapsed="0.038518"/>
</kw>
<return>
<value>${response}</value>
<status status="PASS" start="2026-05-19T09:36:18.203232" elapsed="0.000000"/>
</return>
<arg>${CREATED_SALARY_REC_ID}</arg>
<doc>Deletes a salary record by ID.</doc>
<status status="PASS" start="2026-05-19T09:36:18.164040" elapsed="0.039192"/>
</kw>
<arg>Delete Salary Record via API</arg>
<arg>${CREATED_SALARY_REC_ID}</arg>
<doc>Runs the given keyword with the given arguments and ignores possible error.</doc>
<status status="PASS" start="2026-05-19T09:36:18.162039" elapsed="0.041193"/>
</kw>
<kw name="Log To Console" owner="BuiltIn">
<arg>[CLEANUP] Deleted Salary Record: ${CREATED_SALARY_REC_ID}</arg>
<doc>Logs the given message to the console.</doc>
<status status="PASS" start="2026-05-19T09:36:18.203232" elapsed="0.001511"/>
</kw>
<kw name="Log" owner="BuiltIn">
<msg time="2026-05-19T09:36:18.205622" level="INFO">Deleted Salary Record: 83eb5529-9973-48a5-b604-fa5eb96ded3c</msg>
<arg>Deleted Salary Record: ${CREATED_SALARY_REC_ID}</arg>
<doc>Logs the given message with the given level.</doc>
<status status="PASS" start="2026-05-19T09:36:18.205116" elapsed="0.000506"/>
</kw>
<status status="PASS" start="2026-05-19T09:36:18.162039" elapsed="0.043583"/>
</branch>
<status status="PASS" start="2026-05-19T09:36:18.162039" elapsed="0.043583"/>
</if>
<if>
<branch type="IF" condition="'${CREATED_EMP_ID}' != '${None}'">
<kw name="Run Keyword And Ignore Error" owner="BuiltIn">
<kw name="Delete Employee via API" owner="employee_api">
<kw name="Send DELETE Request Wrapper" owner="api_common">
<kw name="DELETE On Session" owner="RequestsLibrary">
<msg time="2026-05-19T09:36:18.296073" level="INFO">DELETE Request : url=http://localhost:3001/api/v1/employees/7cf79bef-d089-493b-96a9-bd8469a537df 
 path_url=/api/v1/employees/7cf79bef-d089-493b-96a9-bd8469a537df 
 headers={'User-Agent': 'python-requests/2.32.5', 'Accept-Encoding': 'gzip, deflate', 'Accept': '*/*', 'Connection': 'keep-alive', 'Content-Type': 'application/json', 'Authorization': 'Bearer 4287b80f113f094a6b2ec64c322e5cf12c395d01655f0b71ffe400d51a31fa5ae56754f8ee587b6dd9d8ee8ec5feca3351f01d0b01254248c180614a855b3655', 'x-tenant-id': '3', 'Content-Length': '0'} 
 body=None 
 </msg>
<msg time="2026-05-19T09:36:18.296073" level="INFO">DELETE Response : url=http://localhost:3001/api/v1/employees/7cf79bef-d089-493b-96a9-bd8469a537df 
 status=200, reason=OK 
 headers={'X-Powered-By': 'Express', 'Vary': 'Origin', 'Access-Control-Allow-Credentials': 'true', 'Access-Control-Expose-Headers': 'Set-Cookie', 'Content-Type': 'application/json; charset=utf-8', 'Content-Length': '45', 'ETag': 'W/"2d-PbiShFYzR7SJJIKmWpGoBvUysxg"', 'Date': 'Tue, 19 May 2026 02:36:18 GMT', 'Connection': 'keep-alive', 'Keep-Alive': 'timeout=5'} 
 body={"id":"7cf79bef-d089-493b-96a9-bd8469a537df"} 
 </msg>
<msg time="2026-05-19T09:36:18.297768" level="INFO">${response} = &lt;Response [200]&gt;</msg>
<var>${response}</var>
<arg>hr_api</arg>
<arg>${uri}</arg>
<arg>headers=${custom_headers}</arg>
<arg>expected_status=any</arg>
<doc>Sends a DELETE request on a previously created HTTP Session.</doc>
<status status="PASS" start="2026-05-19T09:36:18.207779" elapsed="0.089989"/>
</kw>
<kw name="Log" owner="BuiltIn">
<msg time="2026-05-19T09:36:18.300861" level="INFO">DELETE Response: 200 - {"id":"7cf79bef-d089-493b-96a9-bd8469a537df"}</msg>
<arg>DELETE Response: ${response.status_code} - ${response.text}</arg>
<doc>Logs the given message with the given level.</doc>
<status status="PASS" start="2026-05-19T09:36:18.297768" elapsed="0.003093"/>
</kw>
<kw name="Should Be Equal As Integers" owner="BuiltIn">
<msg time="2026-05-19T09:36:18.301862" level="INFO">Argument types are:
&lt;class 'int'&gt;
&lt;class 'str'&gt;</msg>
<arg>${response.status_code}</arg>
<arg>${expected_status}</arg>
<doc>Fails if objects are unequal after converting them to integers.</doc>
<status status="PASS" start="2026-05-19T09:36:18.300861" elapsed="0.001001"/>
</kw>
<return>
<value>${response}</value>
<status status="PASS" start="2026-05-19T09:36:18.302366" elapsed="0.000000"/>
</return>
<msg time="2026-05-19T09:36:18.302366" level="INFO">${response} = &lt;Response [200]&gt;</msg>
<var>${response}</var>
<arg>/employees/${emp_id}</arg>
<arg>expected_status=200</arg>
<doc>Wraps DELETE request and asserts response status code.</doc>
<status status="PASS" start="2026-05-19T09:36:18.207264" elapsed="0.095102"/>
</kw>
<return>
<value>${response}</value>
<status status="PASS" start="2026-05-19T09:36:18.302366" elapsed="0.000000"/>
</return>
<arg>${CREATED_EMP_ID}</arg>
<doc>Deletes an employee profile by ID.</doc>
<status status="PASS" start="2026-05-19T09:36:18.206720" elapsed="0.095646"/>
</kw>
<arg>Delete Employee via API</arg>
<arg>${CREATED_EMP_ID}</arg>
<doc>Runs the given keyword with the given arguments and ignores possible error.</doc>
<status status="PASS" start="2026-05-19T09:36:18.206172" elapsed="0.096194"/>
</kw>
<kw name="Log To Console" owner="BuiltIn">
<arg>[CLEANUP] Deleted Employee: ${CREATED_EMP_ID}</arg>
<doc>Logs the given message to the console.</doc>
<status status="PASS" start="2026-05-19T09:36:18.302366" elapsed="0.001001"/>
</kw>
<kw name="Log" owner="BuiltIn">
<msg time="2026-05-19T09:36:18.303367" level="INFO">Deleted Employee: 7cf79bef-d089-493b-96a9-bd8469a537df</msg>
<arg>Deleted Employee: ${CREATED_EMP_ID}</arg>
<doc>Logs the given message with the given level.</doc>
<status status="PASS" start="2026-05-19T09:36:18.303367" elapsed="0.000000"/>
</kw>
<status status="PASS" start="2026-05-19T09:36:18.205622" elapsed="0.097745"/>
</branch>
<status status="PASS" start="2026-05-19T09:36:18.205622" elapsed="0.097745"/>
</if>
<if>
<branch type="IF" condition="'${CREATED_POS_ID}' != '${None}'">
<kw name="Run Keyword And Ignore Error" owner="BuiltIn">
<kw name="Delete Position via API" owner="position_api">
<kw name="Send DELETE Request Wrapper" owner="api_common">
<kw name="DELETE On Session" owner="RequestsLibrary">
<msg time="2026-05-19T09:36:18.332099" level="INFO">DELETE Request : url=http://localhost:3001/api/v1/positions/7b48960c-8704-4007-9863-4f6f51be2162 
 path_url=/api/v1/positions/7b48960c-8704-4007-9863-4f6f51be2162 
 headers={'User-Agent': 'python-requests/2.32.5', 'Accept-Encoding': 'gzip, deflate', 'Accept': '*/*', 'Connection': 'keep-alive', 'Content-Type': 'application/json', 'Authorization': 'Bearer 4287b80f113f094a6b2ec64c322e5cf12c395d01655f0b71ffe400d51a31fa5ae56754f8ee587b6dd9d8ee8ec5feca3351f01d0b01254248c180614a855b3655', 'x-tenant-id': '3', 'Content-Length': '0'} 
 body=None 
 </msg>
<msg time="2026-05-19T09:36:18.332099" level="INFO">DELETE Response : url=http://localhost:3001/api/v1/positions/7b48960c-8704-4007-9863-4f6f51be2162 
 status=200, reason=OK 
 headers={'X-Powered-By': 'Express', 'Vary': 'Origin', 'Access-Control-Allow-Credentials': 'true', 'Access-Control-Expose-Headers': 'Set-Cookie', 'Content-Type': 'application/json; charset=utf-8', 'Content-Length': '45', 'ETag': 'W/"2d-bAw7oixgf64WiV/jhNYaRXnjVMU"', 'Date': 'Tue, 19 May 2026 02:36:18 GMT', 'Connection': 'keep-alive', 'Keep-Alive': 'timeout=5'} 
 body={"id":"7b48960c-8704-4007-9863-4f6f51be2162"} 
 </msg>
<msg time="2026-05-19T09:36:18.332099" level="INFO">${response} = &lt;Response [200]&gt;</msg>
<var>${response}</var>
<arg>hr_api</arg>
<arg>${uri}</arg>
<arg>headers=${custom_headers}</arg>
<arg>expected_status=any</arg>
<doc>Sends a DELETE request on a previously created HTTP Session.</doc>
<status status="PASS" start="2026-05-19T09:36:18.307931" elapsed="0.024168"/>
</kw>
<kw name="Log" owner="BuiltIn">
<msg time="2026-05-19T09:36:18.334123" level="INFO">DELETE Response: 200 - {"id":"7b48960c-8704-4007-9863-4f6f51be2162"}</msg>
<arg>DELETE Response: ${response.status_code} - ${response.text}</arg>
<doc>Logs the given message with the given level.</doc>
<status status="PASS" start="2026-05-19T09:36:18.333106" elapsed="0.001017"/>
</kw>
<kw name="Should Be Equal As Integers" owner="BuiltIn">
<msg time="2026-05-19T09:36:18.335626" level="INFO">Argument types are:
&lt;class 'int'&gt;
&lt;class 'str'&gt;</msg>
<arg>${response.status_code}</arg>
<arg>${expected_status}</arg>
<doc>Fails if objects are unequal after converting them to integers.</doc>
<status status="PASS" start="2026-05-19T09:36:18.334123" elapsed="0.001503"/>
</kw>
<return>
<value>${response}</value>
<status status="PASS" start="2026-05-19T09:36:18.335626" elapsed="0.000000"/>
</return>
<msg time="2026-05-19T09:36:18.335626" level="INFO">${response} = &lt;Response [200]&gt;</msg>
<var>${response}</var>
<arg>/positions/${pos_id}</arg>
<arg>expected_status=200</arg>
<doc>Wraps DELETE request and asserts response status code.</doc>
<status status="PASS" start="2026-05-19T09:36:18.306901" elapsed="0.028725"/>
</kw>
<return>
<value>${response}</value>
<status status="PASS" start="2026-05-19T09:36:18.335626" elapsed="0.000000"/>
</return>
<arg>${CREATED_POS_ID}</arg>
<doc>Deletes a position by ID.</doc>
<status status="PASS" start="2026-05-19T09:36:18.306367" elapsed="0.029259"/>
</kw>
<arg>Delete Position via API</arg>
<arg>${CREATED_POS_ID}</arg>
<doc>Runs the given keyword with the given arguments and ignores possible error.</doc>
<status status="PASS" start="2026-05-19T09:36:18.305281" elapsed="0.030345"/>
</kw>
<kw name="Log To Console" owner="BuiltIn">
<arg>[CLEANUP] Deleted Position: ${CREATED_POS_ID}</arg>
<doc>Logs the given message to the console.</doc>
<status status="PASS" start="2026-05-19T09:36:18.336628" elapsed="0.000000"/>
</kw>
<kw name="Log" owner="BuiltIn">
<msg time="2026-05-19T09:36:18.338140" level="INFO">Deleted Position: 7b48960c-8704-4007-9863-4f6f51be2162</msg>
<arg>Deleted Position: ${CREATED_POS_ID}</arg>
<doc>Logs the given message with the given level.</doc>
<status status="PASS" start="2026-05-19T09:36:18.336628" elapsed="0.001512"/>
</kw>
<status status="PASS" start="2026-05-19T09:36:18.303367" elapsed="0.035357"/>
</branch>
<status status="PASS" start="2026-05-19T09:36:18.303367" elapsed="0.035357"/>
</if>
<if>
<branch type="IF" condition="'${CREATED_DEPT_ID}' != '${None}'">
<kw name="Run Keyword And Ignore Error" owner="BuiltIn">
<kw name="Delete Department via API" owner="department_api">
<kw name="Send DELETE Request Wrapper" owner="api_common">
<kw name="DELETE On Session" owner="RequestsLibrary">
<msg time="2026-05-19T09:36:18.361513" level="INFO">DELETE Request : url=http://localhost:3001/api/v1/departments/3cee669d-235d-4f8e-a455-16f2e8fde4f8 
 path_url=/api/v1/departments/3cee669d-235d-4f8e-a455-16f2e8fde4f8 
 headers={'User-Agent': 'python-requests/2.32.5', 'Accept-Encoding': 'gzip, deflate', 'Accept': '*/*', 'Connection': 'keep-alive', 'Content-Type': 'application/json', 'Authorization': 'Bearer 4287b80f113f094a6b2ec64c322e5cf12c395d01655f0b71ffe400d51a31fa5ae56754f8ee587b6dd9d8ee8ec5feca3351f01d0b01254248c180614a855b3655', 'x-tenant-id': '3', 'Content-Length': '0'} 
 body=None 
 </msg>
<msg time="2026-05-19T09:36:18.361513" level="INFO">DELETE Response : url=http://localhost:3001/api/v1/departments/3cee669d-235d-4f8e-a455-16f2e8fde4f8 
 status=200, reason=OK 
 headers={'X-Powered-By': 'Express', 'Vary': 'Origin', 'Access-Control-Allow-Credentials': 'true', 'Access-Control-Expose-Headers': 'Set-Cookie', 'Content-Type': 'application/json; charset=utf-8', 'Content-Length': '45', 'ETag': 'W/"2d-r3CGlu1R9QSrC2p9R8xfvcq1KeM"', 'Date': 'Tue, 19 May 2026 02:36:18 GMT', 'Connection': 'keep-alive', 'Keep-Alive': 'timeout=5'} 
 body={"id":"3cee669d-235d-4f8e-a455-16f2e8fde4f8"} 
 </msg>
<msg time="2026-05-19T09:36:18.362974" level="INFO">${response} = &lt;Response [200]&gt;</msg>
<var>${response}</var>
<arg>hr_api</arg>
<arg>${uri}</arg>
<arg>headers=${custom_headers}</arg>
<arg>expected_status=any</arg>
<doc>Sends a DELETE request on a previously created HTTP Session.</doc>
<status status="PASS" start="2026-05-19T09:36:18.341561" elapsed="0.021413"/>
</kw>
<kw name="Log" owner="BuiltIn">
<msg time="2026-05-19T09:36:18.363971" level="INFO">DELETE Response: 200 - {"id":"3cee669d-235d-4f8e-a455-16f2e8fde4f8"}</msg>
<arg>DELETE Response: ${response.status_code} - ${response.text}</arg>
<doc>Logs the given message with the given level.</doc>
<status status="PASS" start="2026-05-19T09:36:18.362974" elapsed="0.000997"/>
</kw>
<kw name="Should Be Equal As Integers" owner="BuiltIn">
<msg time="2026-05-19T09:36:18.364967" level="INFO">Argument types are:
&lt;class 'int'&gt;
&lt;class 'str'&gt;</msg>
<arg>${response.status_code}</arg>
<arg>${expected_status}</arg>
<doc>Fails if objects are unequal after converting them to integers.</doc>
<status status="PASS" start="2026-05-19T09:36:18.364967" elapsed="0.000000"/>
</kw>
<return>
<value>${response}</value>
<status status="PASS" start="2026-05-19T09:36:18.364967" elapsed="0.000000"/>
</return>
<msg time="2026-05-19T09:36:18.364967" level="INFO">${response} = &lt;Response [200]&gt;</msg>
<var>${response}</var>
<arg>/departments/${dept_id}</arg>
<arg>expected_status=200</arg>
<doc>Wraps DELETE request and asserts response status code.</doc>
<status status="PASS" start="2026-05-19T09:36:18.341019" elapsed="0.023948"/>
</kw>
<return>
<value>${response}</value>
<status status="PASS" start="2026-05-19T09:36:18.366473" elapsed="0.000000"/>
</return>
<arg>${CREATED_DEPT_ID}</arg>
<doc>Deletes a department by ID.</doc>
<status status="PASS" start="2026-05-19T09:36:18.339951" elapsed="0.026522"/>
</kw>
<arg>Delete Department via API</arg>
<arg>${CREATED_DEPT_ID}</arg>
<doc>Runs the given keyword with the given arguments and ignores possible error.</doc>
<status status="PASS" start="2026-05-19T09:36:18.339400" elapsed="0.027073"/>
</kw>
<kw name="Log To Console" owner="BuiltIn">
<arg>[CLEANUP] Deleted Department: ${CREATED_DEPT_ID}</arg>
<doc>Logs the given message to the console.</doc>
<status status="PASS" start="2026-05-19T09:36:18.366473" elapsed="0.000523"/>
</kw>
<kw name="Log" owner="BuiltIn">
<msg time="2026-05-19T09:36:18.367552" level="INFO">Deleted Department: 3cee669d-235d-4f8e-a455-16f2e8fde4f8</msg>
<arg>Deleted Department: ${CREATED_DEPT_ID}</arg>
<doc>Logs the given message with the given level.</doc>
<status status="PASS" start="2026-05-19T09:36:18.367552" elapsed="0.000000"/>
</kw>
<status status="PASS" start="2026-05-19T09:36:18.338724" elapsed="0.028828"/>
</branch>
<status status="PASS" start="2026-05-19T09:36:18.338724" elapsed="0.028828"/>
</if>
<kw name="Log To Console" owner="BuiltIn">
<arg>[CLEANUP] Cleanup of Created Test Resources Completed successfully.</arg>
<doc>Logs the given message to the console.</doc>
<status status="PASS" start="2026-05-19T09:36:18.368057" elapsed="0.000000"/>
</kw>
<kw name="Log To Console" owner="BuiltIn">
<arg>------------------------------------------------------------</arg>
<doc>Logs the given message to the console.</doc>
<status status="PASS" start="2026-05-19T09:36:18.368583" elapsed="0.000000"/>
</kw>
<kw name="Log" owner="BuiltIn">
<msg time="2026-05-19T09:36:18.369114" level="INFO">Cleanup of Created Test Resources Completed successfully.</msg>
<arg>Cleanup of Created Test Resources Completed successfully.</arg>
<doc>Logs the given message with the given level.</doc>
<status status="PASS" start="2026-05-19T09:36:18.369114" elapsed="0.000000"/>
</kw>
<doc>Deletes all created test resources in reverse order of creation to prevent foreign key constraint issues.</doc>
<status status="PASS" start="2026-05-19T09:36:18.158794" elapsed="0.210320"/>
</kw>
<doc>System-Wide E2E API Smoke Testing Suite for HRPlus Backend</doc>
<status status="PASS" start="2026-05-19T09:36:16.688104" elapsed="1.681539"/>
</suite>
<statistics>
<total>
<stat pass="5" fail="0" skip="0">All Tests</stat>
</total>
<tag>
<stat pass="5" fail="0" skip="0">api</stat>
<stat pass="1" fail="0" skip="0">department</stat>
<stat pass="1" fail="0" skip="0">employee</stat>
<stat pass="1" fail="0" skip="0">leave</stat>
<stat pass="1" fail="0" skip="0">payroll</stat>
<stat pass="1" fail="0" skip="0">position</stat>
<stat pass="1" fail="0" skip="0">salary</stat>
<stat pass="5" fail="0" skip="0">smoke</stat>
<stat pass="1" fail="0" skip="0">workflow</stat>
</tag>
<suite>
<stat name="Smoke Api Tests" id="s1" pass="5" fail="0" skip="0">Smoke Api Tests</stat>
</suite>
</statistics>
<errors>
</errors>
</robot>
