<?xml version="1.0" encoding="UTF-8"?>
<robot generator="Robot 7.3.2 (Python 3.12.10 on win32)" generated="2026-05-19T09:37:34.048360" rpa="false" schemaversion="5">
<suite id="s1" name="Smoke" source="C:\Users\User\Desktop\Naluephan1\saas\hrplus\tests\api\smoke">
<suite id="s1-s1" name="Smoke Api Tests" source="C:\Users\User\Desktop\Naluephan1\saas\hrplus\tests\api\smoke\smoke_api_tests.robot">
<kw name="Run Keywords" owner="BuiltIn" type="SETUP">
<kw name="Create HR API Session" owner="api_common">
<kw name="Create Dictionary" owner="BuiltIn">
<msg time="2026-05-19T09:37:34.194689" level="INFO">${headers} = {'Content-Type': 'application/json', 'Authorization': 'Bearer 4287b80f113f094a6b2ec64c322e5cf12c395d01655f0b71ffe400d51a31fa5ae56754f8ee587b6dd9d8ee8ec5feca3351f01d0b01254248c180614a855b3655', 'x-tena...</msg>
<var>${headers}</var>
<arg>Content-Type=application/json</arg>
<arg>Authorization=Bearer ${SYSTEM_JWT_SECRET}</arg>
<arg>x-tenant-id=${tenant_id}</arg>
<doc>Creates and returns a dictionary based on the given ``items``.</doc>
<status status="PASS" start="2026-05-19T09:37:34.194061" elapsed="0.000628"/>
</kw>
<kw name="Create Session" owner="RequestsLibrary">
<msg time="2026-05-19T09:37:34.194689" level="INFO">Creating Session using : alias=hr_api, url=http://localhost:3001/api/v1, headers={'Content-Type': 'application/json', 'Authorization': 'Bearer 4287b80f113f094a6b2ec64c322e5cf12c395d01655f0b71ffe400d51a31fa5ae56754f8ee587b6dd9d8ee8ec5feca3351f01d0b01254248c180614a855b3655', 'x-tenant-id': '3'},                     cookies={}, auth=None, timeout=None, proxies=None, verify=False,                     debug=0 </msg>
<arg>hr_api</arg>
<arg>${API_BASE_URL}</arg>
<arg>headers=${headers}</arg>
<arg>disable_warnings=1</arg>
<doc>Create Session: create a HTTP session to a server</doc>
<status status="PASS" start="2026-05-19T09:37:34.194689" elapsed="0.000000"/>
</kw>
<kw name="Log" owner="BuiltIn">
<msg time="2026-05-19T09:37:34.196199" level="INFO">HR API session created successfully targeting: http://localhost:3001/api/v1 with tenant-id: 3</msg>
<arg>HR API session created successfully targeting: ${API_BASE_URL} with tenant-id: ${tenant_id}</arg>
<doc>Logs the given message with the given level.</doc>
<status status="PASS" start="2026-05-19T09:37:34.194689" elapsed="0.001510"/>
</kw>
<doc>Initializes HTTP requests session with standard auth headers.</doc>
<status status="PASS" start="2026-05-19T09:37:34.194061" elapsed="0.002138"/>
</kw>
<arg>Create HR API Session</arg>
<doc>Executes all the given keywords in a sequence.</doc>
<status status="PASS" start="2026-05-19T09:37:34.192279" elapsed="0.003920"/>
</kw>
<test id="s1-s1-t1" name="Verify Department CRUD Operations" line="20">
<kw name="Log To Console" owner="BuiltIn">
<arg>\n------------------------------------------------------------</arg>
<doc>Logs the given message to the console.</doc>
<status status="PASS" start="2026-05-19T09:37:34.196199" elapsed="0.000000"/>
</kw>
<kw name="Log To Console" owner="BuiltIn">
<arg>[START] Testing Department CRUD Operations...</arg>
<doc>Logs the given message to the console.</doc>
<status status="PASS" start="2026-05-19T09:37:34.196199" elapsed="0.000000"/>
</kw>
<kw name="Evaluate" owner="BuiltIn">
<msg time="2026-05-19T09:37:34.197887" level="INFO">${random_char} = H</msg>
<var>${random_char}</var>
<arg>random.choice(['A','B','C','D','E','F','G','H','I','J','K','L','M','N','O','P','Q','R','S','T','U','V','W','X','Y','Z'])</arg>
<arg>modules=random</arg>
<doc>Evaluates the given expression in Python and returns the result.</doc>
<status status="PASS" start="2026-05-19T09:37:34.196199" elapsed="0.001688"/>
</kw>
<kw name="Set Variable" owner="BuiltIn">
<msg time="2026-05-19T09:37:34.197887" level="INFO">${dept_code} = QH</msg>
<var>${dept_code}</var>
<arg>Q${random_char}</arg>
<doc>Returns the given values which can then be assigned to a variables.</doc>
<status status="PASS" start="2026-05-19T09:37:34.197887" elapsed="0.000000"/>
</kw>
<kw name="Log To Console" owner="BuiltIn">
<arg>[STEP 1] Creating new department with code: ${dept_code}</arg>
<doc>Logs the given message to the console.</doc>
<status status="PASS" start="2026-05-19T09:37:34.197887" elapsed="0.000000"/>
</kw>
<kw name="Create Department via API" owner="department_api">
<kw name="Create Dictionary" owner="BuiltIn">
<msg time="2026-05-19T09:37:34.198994" level="INFO">${payload} = {'code': 'QH', 'nameTh': 'ฝ่ายตรวจสอบคุณภาพ', 'nameEn': 'Quality Assurance', 'description': 'Created via Robot API Smoke Test', 'status': 'active'}</msg>
<var>${payload}</var>
<arg>code=${code}</arg>
<arg>nameTh=${name_th}</arg>
<arg>nameEn=${name_en}</arg>
<arg>description=${description}</arg>
<arg>status=active</arg>
<doc>Creates and returns a dictionary based on the given ``items``.</doc>
<status status="PASS" start="2026-05-19T09:37:34.198994" elapsed="0.000000"/>
</kw>
<kw name="Send POST Request Wrapper" owner="api_common">
<kw name="POST On Session" owner="RequestsLibrary">
<msg time="2026-05-19T09:37:34.254746" level="INFO">POST Request : url=http://localhost:3001/api/v1/departments 
 path_url=/api/v1/departments 
 headers={'User-Agent': 'python-requests/2.32.5', 'Accept-Encoding': 'gzip, deflate', 'Accept': '*/*', 'Connection': 'keep-alive', 'Content-Type': 'application/json', 'Authorization': 'Bearer 4287b80f113f094a6b2ec64c322e5cf12c395d01655f0b71ffe400d51a31fa5ae56754f8ee587b6dd9d8ee8ec5feca3351f01d0b01254248c180614a855b3655', 'x-tenant-id': '3', 'Content-Length': '232'} 
 body=b'{"code": "QH", "nameTh": "\\u0e1d\\u0e48\\u0e32\\u0e22\\u0e15\\u0e23\\u0e27\\u0e08\\u0e2a\\u0e2d\\u0e1a\\u0e04\\u0e38\\u0e13\\u0e20\\u0e32\\u0e1e", "nameEn": "Quality Assurance", "description": "Created via Robot API Smoke Test", "status": "active"}' 
 </msg>
<msg time="2026-05-19T09:37:34.254746" level="INFO">POST Response : url=http://localhost:3001/api/v1/departments 
 status=201, reason=Created 
 headers={'X-Powered-By': 'Express', 'Vary': 'Origin', 'Access-Control-Allow-Credentials': 'true', 'Access-Control-Expose-Headers': 'Set-Cookie', 'Content-Type': 'application/json; charset=utf-8', 'Content-Length': '231', 'ETag': 'W/"e7-gXOF6rdK5BFa47wnnw7M3Xk2Fq8"', 'Date': 'Tue, 19 May 2026 02:37:34 GMT', 'Connection': 'keep-alive', 'Keep-Alive': 'timeout=5'} 
 body={"id":"e8c898ed-b9c1-4464-8dcc-c4b7669a49f2","tenantId":"3","code":"QH","nameTh":"ฝ่ายตรวจสอบคุณภาพ","nameEn":"Quality Assurance","description":"Created via Robot API Smoke Test","status":"active"} 
 </msg>
<msg time="2026-05-19T09:37:34.254746" level="INFO">${response} = &lt;Response [201]&gt;</msg>
<var>${response}</var>
<arg>hr_api</arg>
<arg>${uri}</arg>
<arg>json=${payload}</arg>
<arg>headers=${custom_headers}</arg>
<arg>expected_status=any</arg>
<doc>Sends a POST request on a previously created HTTP Session.</doc>
<status status="PASS" start="2026-05-19T09:37:34.199991" elapsed="0.054755"/>
</kw>
<kw name="Log" owner="BuiltIn">
<msg time="2026-05-19T09:37:34.255991" level="INFO">POST Response: 201 - {"id":"e8c898ed-b9c1-4464-8dcc-c4b7669a49f2","tenantId":"3","code":"QH","nameTh":"ฝ่ายตรวจสอบคุณภาพ","nameEn":"Quality Assurance","description":"Created via Robot API Smoke Test","status":"active"}</msg>
<arg>POST Response: ${response.status_code} - ${response.text}</arg>
<doc>Logs the given message with the given level.</doc>
<status status="PASS" start="2026-05-19T09:37:34.254746" elapsed="0.001245"/>
</kw>
<kw name="Should Be Equal As Integers" owner="BuiltIn">
<msg time="2026-05-19T09:37:34.255991" level="INFO">Argument types are:
&lt;class 'int'&gt;
&lt;class 'str'&gt;</msg>
<arg>${response.status_code}</arg>
<arg>${expected_status}</arg>
<doc>Fails if objects are unequal after converting them to integers.</doc>
<status status="PASS" start="2026-05-19T09:37:34.255991" elapsed="0.000000"/>
</kw>
<return>
<value>${response}</value>
<status status="PASS" start="2026-05-19T09:37:34.255991" elapsed="0.000000"/>
</return>
<msg time="2026-05-19T09:37:34.255991" level="INFO">${response} = &lt;Response [201]&gt;</msg>
<var>${response}</var>
<arg>/departments</arg>
<arg>${payload}</arg>
<arg>expected_status=201</arg>
<doc>Wraps POST request and asserts response status code.</doc>
<status status="PASS" start="2026-05-19T09:37:34.198994" elapsed="0.058500"/>
</kw>
<kw name="Get From Dictionary" owner="Collections">
<msg time="2026-05-19T09:37:34.258063" level="INFO">${dept_id} = e8c898ed-b9c1-4464-8dcc-c4b7669a49f2</msg>
<var>${dept_id}</var>
<arg>${response.json()}</arg>
<arg>id</arg>
<doc>Returns a value from the given ``dictionary`` based on the given ``key``.</doc>
<status status="PASS" start="2026-05-19T09:37:34.257494" elapsed="0.000569"/>
</kw>
<kw name="Log" owner="BuiltIn">
<msg time="2026-05-19T09:37:34.258592" level="INFO">Department created with ID: e8c898ed-b9c1-4464-8dcc-c4b7669a49f2</msg>
<arg>Department created with ID: ${dept_id}</arg>
<doc>Logs the given message with the given level.</doc>
<status status="PASS" start="2026-05-19T09:37:34.258063" elapsed="0.000529"/>
</kw>
<return>
<value>${dept_id}</value>
<value>${response.json()}</value>
<status status="PASS" start="2026-05-19T09:37:34.258592" elapsed="0.000000"/>
</return>
<msg time="2026-05-19T09:37:34.259102" level="INFO">${dept_id} = e8c898ed-b9c1-4464-8dcc-c4b7669a49f2</msg>
<msg time="2026-05-19T09:37:34.259102" level="INFO">${body} = {'id': 'e8c898ed-b9c1-4464-8dcc-c4b7669a49f2', 'tenantId': '3', 'code': 'QH', 'nameTh': 'ฝ่ายตรวจสอบคุณภาพ', 'nameEn': 'Quality Assurance', 'description': 'Created via Robot API Smoke Test', 'status':...</msg>
<var>${dept_id}</var>
<var>${body}</var>
<arg>code=${dept_code}</arg>
<arg>name_th=ฝ่ายตรวจสอบคุณภาพ</arg>
<arg>name_en=Quality Assurance</arg>
<arg>description=Created via Robot API Smoke Test</arg>
<doc>Creates a new department and returns its generated ID.</doc>
<status status="PASS" start="2026-05-19T09:37:34.198994" elapsed="0.060108"/>
</kw>
<kw name="Set Suite Variable" owner="BuiltIn">
<msg time="2026-05-19T09:37:34.259609" level="INFO">${CREATED_DEPT_ID} = e8c898ed-b9c1-4464-8dcc-c4b7669a49f2</msg>
<arg>${CREATED_DEPT_ID}</arg>
<arg>${dept_id}</arg>
<doc>Makes a variable available everywhere within the scope of the current suite.</doc>
<status status="PASS" start="2026-05-19T09:37:34.259609" elapsed="0.000000"/>
</kw>
<kw name="Log To Console" owner="BuiltIn">
<arg>[INFO] Created Department ID: ${dept_id}</arg>
<doc>Logs the given message to the console.</doc>
<status status="PASS" start="2026-05-19T09:37:34.259609" elapsed="0.001113"/>
</kw>
<kw name="Log To Console" owner="BuiltIn">
<arg>[STEP 2] Verifying department details for ID: ${dept_id}</arg>
<doc>Logs the given message to the console.</doc>
<status status="PASS" start="2026-05-19T09:37:34.260722" elapsed="0.000000"/>
</kw>
<kw name="Get Department Details via API" owner="department_api">
<kw name="Send GET Request Wrapper" owner="api_common">
<kw name="GET On Session" owner="RequestsLibrary">
<msg time="2026-05-19T09:37:34.281927" level="INFO">GET Request : url=http://localhost:3001/api/v1/departments/e8c898ed-b9c1-4464-8dcc-c4b7669a49f2 
 path_url=/api/v1/departments/e8c898ed-b9c1-4464-8dcc-c4b7669a49f2 
 headers={'User-Agent': 'python-requests/2.32.5', 'Accept-Encoding': 'gzip, deflate', 'Accept': '*/*', 'Connection': 'keep-alive', 'Content-Type': 'application/json', 'Authorization': 'Bearer 4287b80f113f094a6b2ec64c322e5cf12c395d01655f0b71ffe400d51a31fa5ae56754f8ee587b6dd9d8ee8ec5feca3351f01d0b01254248c180614a855b3655', 'x-tenant-id': '3'} 
 body=None 
 </msg>
<msg time="2026-05-19T09:37:34.281927" level="INFO">GET Response : url=http://localhost:3001/api/v1/departments/e8c898ed-b9c1-4464-8dcc-c4b7669a49f2 
 status=200, reason=OK 
 headers={'X-Powered-By': 'Express', 'Vary': 'Origin', 'Access-Control-Allow-Credentials': 'true', 'Access-Control-Expose-Headers': 'Set-Cookie', 'Content-Type': 'application/json; charset=utf-8', 'Content-Length': '231', 'ETag': 'W/"e7-gXOF6rdK5BFa47wnnw7M3Xk2Fq8"', 'Date': 'Tue, 19 May 2026 02:37:34 GMT', 'Connection': 'keep-alive', 'Keep-Alive': 'timeout=5'} 
 body={"id":"e8c898ed-b9c1-4464-8dcc-c4b7669a49f2","tenantId":"3","code":"QH","nameTh":"ฝ่ายตรวจสอบคุณภาพ","nameEn":"Quality Assurance","description":"Created via Robot API Smoke Test","status":"active"} 
 </msg>
<msg time="2026-05-19T09:37:34.281927" level="INFO">${response} = &lt;Response [200]&gt;</msg>
<var>${response}</var>
<arg>hr_api</arg>
<arg>${uri}</arg>
<arg>headers=${custom_headers}</arg>
<arg>expected_status=any</arg>
<doc>Sends a GET request on a previously created HTTP Session.</doc>
<status status="PASS" start="2026-05-19T09:37:34.261809" elapsed="0.020118"/>
</kw>
<kw name="Log" owner="BuiltIn">
<msg time="2026-05-19T09:37:34.283062" level="INFO">GET Response: 200 - {"id":"e8c898ed-b9c1-4464-8dcc-c4b7669a49f2","tenantId":"3","code":"QH","nameTh":"ฝ่ายตรวจสอบคุณภาพ","nameEn":"Quality Assurance","description":"Created via Robot API Smoke Test","status":"active"}</msg>
<arg>GET Response: ${response.status_code} - ${response.text}</arg>
<doc>Logs the given message with the given level.</doc>
<status status="PASS" start="2026-05-19T09:37:34.281927" elapsed="0.001135"/>
</kw>
<kw name="Should Be Equal As Integers" owner="BuiltIn">
<msg time="2026-05-19T09:37:34.283062" level="INFO">Argument types are:
&lt;class 'int'&gt;
&lt;class 'str'&gt;</msg>
<arg>${response.status_code}</arg>
<arg>${expected_status}</arg>
<doc>Fails if objects are unequal after converting them to integers.</doc>
<status status="PASS" start="2026-05-19T09:37:34.283062" elapsed="0.000000"/>
</kw>
<return>
<value>${response}</value>
<status status="PASS" start="2026-05-19T09:37:34.283062" elapsed="0.001142"/>
</return>
<msg time="2026-05-19T09:37:34.284204" level="INFO">${response} = &lt;Response [200]&gt;</msg>
<var>${response}</var>
<arg>/departments/${dept_id}</arg>
<arg>expected_status=200</arg>
<doc>Wraps GET request and asserts response status code.</doc>
<status status="PASS" start="2026-05-19T09:37:34.261809" elapsed="0.022395"/>
</kw>
<return>
<value>${response.json()}</value>
<status status="PASS" start="2026-05-19T09:37:34.284204" elapsed="0.000000"/>
</return>
<msg time="2026-05-19T09:37:34.284204" level="INFO">${details} = {'id': 'e8c898ed-b9c1-4464-8dcc-c4b7669a49f2', 'tenantId': '3', 'code': 'QH', 'nameTh': 'ฝ่ายตรวจสอบคุณภาพ', 'nameEn': 'Quality Assurance', 'description': 'Created via Robot API Smoke Test', 'status':...</msg>
<var>${details}</var>
<arg>${dept_id}</arg>
<doc>Retrieves department details by ID.</doc>
<status status="PASS" start="2026-05-19T09:37:34.260722" elapsed="0.023482"/>
</kw>
<kw name="Should Be Equal As Strings" owner="BuiltIn">
<arg>${details}[code]</arg>
<arg>${dept_code}</arg>
<doc>Fails if objects are unequal after converting them to strings.</doc>
<status status="PASS" start="2026-05-19T09:37:34.284204" elapsed="0.000000"/>
</kw>
<kw name="Should Be Equal As Strings" owner="BuiltIn">
<arg>${details}[nameTh]</arg>
<arg>ฝ่ายตรวจสอบคุณภาพ</arg>
<doc>Fails if objects are unequal after converting them to strings.</doc>
<status status="PASS" start="2026-05-19T09:37:34.285311" elapsed="0.000997"/>
</kw>
<kw name="Log To Console" owner="BuiltIn">
<arg>[STEP 3] Updating department ID ${dept_id} details (name Th -&gt; ฝ่ายตรวจสอบคุณภาพ (อัปเดต))</arg>
<doc>Logs the given message to the console.</doc>
<status status="PASS" start="2026-05-19T09:37:34.286308" elapsed="0.000000"/>
</kw>
<kw name="Create Dictionary" owner="BuiltIn">
<msg time="2026-05-19T09:37:34.288213" level="INFO">${update_payload} = {'code': 'QH', 'nameTh': 'ฝ่ายตรวจสอบคุณภาพ (อัปเดต)', 'nameEn': 'Quality Assurance (Updated)', 'description': 'Updated via Robot API Smoke Test'}</msg>
<var>${update_payload}</var>
<arg>code=${dept_code}</arg>
<arg>nameTh=ฝ่ายตรวจสอบคุณภาพ (อัปเดต)</arg>
<arg>nameEn=Quality Assurance (Updated)</arg>
<arg>description=Updated via Robot API Smoke Test</arg>
<doc>Creates and returns a dictionary based on the given ``items``.</doc>
<status status="PASS" start="2026-05-19T09:37:34.287709" elapsed="0.000504"/>
</kw>
<kw name="Update Department via API" owner="department_api">
<kw name="Send PUT Request Wrapper" owner="api_common">
<kw name="PUT On Session" owner="RequestsLibrary">
<msg time="2026-05-19T09:37:34.306604" level="INFO">PUT Request : url=http://localhost:3001/api/v1/departments/e8c898ed-b9c1-4464-8dcc-c4b7669a49f2 
 path_url=/api/v1/departments/e8c898ed-b9c1-4464-8dcc-c4b7669a49f2 
 headers={'User-Agent': 'python-requests/2.32.5', 'Accept-Encoding': 'gzip, deflate', 'Accept': '*/*', 'Connection': 'keep-alive', 'Content-Type': 'application/json', 'Authorization': 'Bearer 4287b80f113f094a6b2ec64c322e5cf12c395d01655f0b71ffe400d51a31fa5ae56754f8ee587b6dd9d8ee8ec5feca3351f01d0b01254248c180614a855b3655', 'x-tenant-id': '3', 'Content-Length': '261'} 
 body=b'{"code": "QH", "nameTh": "\\u0e1d\\u0e48\\u0e32\\u0e22\\u0e15\\u0e23\\u0e27\\u0e08\\u0e2a\\u0e2d\\u0e1a\\u0e04\\u0e38\\u0e13\\u0e20\\u0e32\\u0e1e (\\u0e2d\\u0e31\\u0e1b\\u0e40\\u0e14\\u0e15)", "nameEn": "Quality Assurance (Updated)", "description": "Updated via Robot API Smoke Test"}' 
 </msg>
<msg time="2026-05-19T09:37:34.306604" level="INFO">PUT Response : url=http://localhost:3001/api/v1/departments/e8c898ed-b9c1-4464-8dcc-c4b7669a49f2 
 status=200, reason=OK 
 headers={'X-Powered-By': 'Express', 'Vary': 'Origin', 'Access-Control-Allow-Credentials': 'true', 'Access-Control-Expose-Headers': 'Set-Cookie', 'Content-Type': 'application/json; charset=utf-8', 'Content-Length': '262', 'ETag': 'W/"106-n144zIoo8jN9OGGJrv39P8BrDgo"', 'Date': 'Tue, 19 May 2026 02:37:34 GMT', 'Connection': 'keep-alive', 'Keep-Alive': 'timeout=5'} 
 body={"id":"e8c898ed-b9c1-4464-8dcc-c4b7669a49f2","tenantId":"3","code":"QH","nameTh":"ฝ่ายตรวจสอบคุณภาพ (อัปเดต)","nameEn":"Quality Assurance (Updated)","description":"Updated via Robot API Smoke Test","status":"active"} 
 </msg>
<msg time="2026-05-19T09:37:34.307600" level="INFO">${response} = &lt;Response [200]&gt;</msg>
<var>${response}</var>
<arg>hr_api</arg>
<arg>${uri}</arg>
<arg>json=${payload}</arg>
<arg>headers=${custom_headers}</arg>
<arg>expected_status=any</arg>
<doc>Sends a PUT request on a previously created HTTP Session.</doc>
<status status="PASS" start="2026-05-19T09:37:34.289790" elapsed="0.017810"/>
</kw>
<kw name="Log" owner="BuiltIn">
<msg time="2026-05-19T09:37:34.308103" level="INFO">PUT Response: 200 - {"id":"e8c898ed-b9c1-4464-8dcc-c4b7669a49f2","tenantId":"3","code":"QH","nameTh":"ฝ่ายตรวจสอบคุณภาพ (อัปเดต)","nameEn":"Quality Assurance (Updated)","description":"Updated via Robot API Smoke Test","status":"active"}</msg>
<arg>PUT Response: ${response.status_code} - ${response.text}</arg>
<doc>Logs the given message with the given level.</doc>
<status status="PASS" start="2026-05-19T09:37:34.307600" elapsed="0.000503"/>
</kw>
<kw name="Should Be Equal As Integers" owner="BuiltIn">
<msg time="2026-05-19T09:37:34.308103" level="INFO">Argument types are:
&lt;class 'int'&gt;
&lt;class 'str'&gt;</msg>
<arg>${response.status_code}</arg>
<arg>${expected_status}</arg>
<doc>Fails if objects are unequal after converting them to integers.</doc>
<status status="PASS" start="2026-05-19T09:37:34.308103" elapsed="0.000000"/>
</kw>
<return>
<value>${response}</value>
<status status="PASS" start="2026-05-19T09:37:34.308103" elapsed="0.000000"/>
</return>
<msg time="2026-05-19T09:37:34.308103" level="INFO">${response} = &lt;Response [200]&gt;</msg>
<var>${response}</var>
<arg>/departments/${dept_id}</arg>
<arg>${payload}</arg>
<arg>expected_status=200</arg>
<doc>Wraps PUT request and asserts response status code.</doc>
<status status="PASS" start="2026-05-19T09:37:34.288784" elapsed="0.019319"/>
</kw>
<return>
<value>${response.json()}</value>
<status status="PASS" start="2026-05-19T09:37:34.308103" elapsed="0.000000"/>
</return>
<msg time="2026-05-19T09:37:34.309946" level="INFO">${updated} = {'id': 'e8c898ed-b9c1-4464-8dcc-c4b7669a49f2', 'tenantId': '3', 'code': 'QH', 'nameTh': 'ฝ่ายตรวจสอบคุณภาพ (อัปเดต)', 'nameEn': 'Quality Assurance (Updated)', 'description': 'Updated via Robot API Smo...</msg>
<var>${updated}</var>
<arg>${dept_id}</arg>
<arg>${update_payload}</arg>
<doc>Updates department details by ID.</doc>
<status status="PASS" start="2026-05-19T09:37:34.288784" elapsed="0.021162"/>
</kw>
<kw name="Should Be Equal As Strings" owner="BuiltIn">
<arg>${updated}[nameTh]</arg>
<arg>ฝ่ายตรวจสอบคุณภาพ (อัปเดต)</arg>
<doc>Fails if objects are unequal after converting them to strings.</doc>
<status status="PASS" start="2026-05-19T09:37:34.309946" elapsed="0.000591"/>
</kw>
<kw name="Log To Console" owner="BuiltIn">
<arg>[SUCCESS] Department CRUD verified successfully!</arg>
<doc>Logs the given message to the console.</doc>
<status status="PASS" start="2026-05-19T09:37:34.310537" elapsed="0.000516"/>
</kw>
<kw name="Log To Console" owner="BuiltIn">
<arg>------------------------------------------------------------</arg>
<doc>Logs the given message to the console.</doc>
<status status="PASS" start="2026-05-19T09:37:34.311053" elapsed="0.000516"/>
</kw>
<kw name="Log" owner="BuiltIn">
<msg time="2026-05-19T09:37:34.312238" level="INFO">Department CRUD verified successfully!</msg>
<arg>Department CRUD verified successfully!</arg>
<doc>Logs the given message with the given level.</doc>
<status status="PASS" start="2026-05-19T09:37:34.311569" elapsed="0.000669"/>
</kw>
<doc>Verifies that departments can be created, retrieved, updated, and deleted.</doc>
<tag>api</tag>
<tag>department</tag>
<tag>smoke</tag>
<status status="PASS" start="2026-05-19T09:37:34.196199" elapsed="0.116597"/>
</test>
<test id="s1-s1-t2" name="Verify Position CRUD Operations" line="57">
<kw name="Skip If" owner="BuiltIn">
<arg>'${CREATED_DEPT_ID}' == '${None}'</arg>
<arg>Skipping because Department creation failed.</arg>
<doc>Skips the rest of the current test if the ``condition`` is True.</doc>
<status status="PASS" start="2026-05-19T09:37:34.314407" elapsed="0.000521"/>
</kw>
<kw name="Log To Console" owner="BuiltIn">
<arg>\n------------------------------------------------------------</arg>
<doc>Logs the given message to the console.</doc>
<status status="PASS" start="2026-05-19T09:37:34.314928" elapsed="0.000000"/>
</kw>
<kw name="Log To Console" owner="BuiltIn">
<arg>[START] Testing Position CRUD Operations...</arg>
<doc>Logs the given message to the console.</doc>
<status status="PASS" start="2026-05-19T09:37:34.315448" elapsed="0.000000"/>
</kw>
<kw name="Evaluate" owner="BuiltIn">
<msg time="2026-05-19T09:37:34.316477" level="INFO">${random_char_pos} = Q</msg>
<var>${random_char_pos}</var>
<arg>random.choice(['A','B','C','D','E','F','G','H','I','J','K','L','M','N','O','P','Q','R','S','T','U','V','W','X','Y','Z'])</arg>
<arg>modules=random</arg>
<doc>Evaluates the given expression in Python and returns the result.</doc>
<status status="PASS" start="2026-05-19T09:37:34.315971" elapsed="0.000506"/>
</kw>
<kw name="Set Variable" owner="BuiltIn">
<msg time="2026-05-19T09:37:34.317213" level="INFO">${pos_code} = PQ</msg>
<var>${pos_code}</var>
<arg>P${random_char_pos}</arg>
<doc>Returns the given values which can then be assigned to a variables.</doc>
<status status="PASS" start="2026-05-19T09:37:34.316477" elapsed="0.000736"/>
</kw>
<kw name="Log To Console" owner="BuiltIn">
<arg>[STEP 1] Creating new position with code: ${pos_code} under Department ID: ${CREATED_DEPT_ID}</arg>
<doc>Logs the given message to the console.</doc>
<status status="PASS" start="2026-05-19T09:37:34.317755" elapsed="0.000000"/>
</kw>
<kw name="Create Position via API" owner="position_api">
<kw name="Length Should Be" owner="BuiltIn">
<msg time="2026-05-19T09:37:34.319317" level="INFO">Length is 2.</msg>
<arg>${code}</arg>
<arg>2</arg>
<arg>msg=Position code must be exactly 2 characters (e.g. IT, GD, HR)</arg>
<doc>Verifies that the length of the given item is correct.</doc>
<status status="PASS" start="2026-05-19T09:37:34.318797" elapsed="0.000520"/>
</kw>
<kw name="Create Dictionary" owner="BuiltIn">
<msg time="2026-05-19T09:37:34.319833" level="INFO">${payload} = {'code': 'PQ', 'nameTh': 'วิศวกรซอฟต์แวร์อาวุโส', 'nameEn': 'Senior Software Engineer', 'departmentId': 'e8c898ed-b9c1-4464-8dcc-c4b7669a49f2', 'description': 'Position created via Robot API Smoke Tes...</msg>
<var>${payload}</var>
<arg>code=${code}</arg>
<arg>nameTh=${name_th}</arg>
<arg>nameEn=${name_en}</arg>
<arg>departmentId=${department_id}</arg>
<arg>description=${description}</arg>
<arg>status=active</arg>
<doc>Creates and returns a dictionary based on the given ``items``.</doc>
<status status="PASS" start="2026-05-19T09:37:34.319317" elapsed="0.000516"/>
</kw>
<kw name="Send POST Request Wrapper" owner="api_common">
<kw name="POST On Session" owner="RequestsLibrary">
<msg time="2026-05-19T09:37:34.337061" level="INFO">POST Request : url=http://localhost:3001/api/v1/positions 
 path_url=/api/v1/positions 
 headers={'User-Agent': 'python-requests/2.32.5', 'Accept-Encoding': 'gzip, deflate', 'Accept': '*/*', 'Connection': 'keep-alive', 'Content-Type': 'application/json', 'Authorization': 'Bearer 4287b80f113f094a6b2ec64c322e5cf12c395d01655f0b71ffe400d51a31fa5ae56754f8ee587b6dd9d8ee8ec5feca3351f01d0b01254248c180614a855b3655', 'x-tenant-id': '3', 'Content-Length': '328'} 
 body=b'{"code": "PQ", "nameTh": "\\u0e27\\u0e34\\u0e28\\u0e27\\u0e01\\u0e23\\u0e0b\\u0e2d\\u0e1f\\u0e15\\u0e4c\\u0e41\\u0e27\\u0e23\\u0e4c\\u0e2d\\u0e32\\u0e27\\u0e38\\u0e42\\u0e2a", "nameEn": "Senior Software Engineer", "departmentId": "e8c898ed-b9c1-4464-8dcc-c4b7669a49f2", "description": "Position created via Robot API Smoke Test", "status": "active"}' 
 </msg>
<msg time="2026-05-19T09:37:34.337061" level="INFO">POST Response : url=http://localhost:3001/api/v1/positions 
 status=201, reason=Created 
 headers={'X-Powered-By': 'Express', 'Vary': 'Origin', 'Access-Control-Allow-Credentials': 'true', 'Access-Control-Expose-Headers': 'Set-Cookie', 'Content-Type': 'application/json; charset=utf-8', 'Content-Length': '328', 'ETag': 'W/"148-O+14bZFIF5o7YgzY2ll5XqQhTZc"', 'Date': 'Tue, 19 May 2026 02:37:34 GMT', 'Connection': 'keep-alive', 'Keep-Alive': 'timeout=5'} 
 body={"id":"224b2080-0679-459a-82e2-6b011a1cb06b","tenantId":"3","code":"PQ","nameTh":"วิศวกรซอฟต์แวร์อาวุโส","nameEn":"Senior Software Engineer","departmentId":"e8c898ed-b9c1-4464-8dcc-c4b7669a49f2","levelId":null,"description":"Position created via Robot API Smoke Test","status":"active"} 
 </msg>
<msg time="2026-05-19T09:37:34.338057" level="INFO">${response} = &lt;Response [201]&gt;</msg>
<var>${response}</var>
<arg>hr_api</arg>
<arg>${uri}</arg>
<arg>json=${payload}</arg>
<arg>headers=${custom_headers}</arg>
<arg>expected_status=any</arg>
<doc>Sends a POST request on a previously created HTTP Session.</doc>
<status status="PASS" start="2026-05-19T09:37:34.320960" elapsed="0.017097"/>
</kw>
<kw name="Log" owner="BuiltIn">
<msg time="2026-05-19T09:37:34.339561" level="INFO">POST Response: 201 - {"id":"224b2080-0679-459a-82e2-6b011a1cb06b","tenantId":"3","code":"PQ","nameTh":"วิศวกรซอฟต์แวร์อาวุโส","nameEn":"Senior Software Engineer","departmentId":"e8c898ed-b9c1-4464-8dcc-c4b7669a49f2","levelId":null,"description":"Position created via Robot API Smoke Test","status":"active"}</msg>
<arg>POST Response: ${response.status_code} - ${response.text}</arg>
<doc>Logs the given message with the given level.</doc>
<status status="PASS" start="2026-05-19T09:37:34.338561" elapsed="0.001000"/>
</kw>
<kw name="Should Be Equal As Integers" owner="BuiltIn">
<msg time="2026-05-19T09:37:34.341066" level="INFO">Argument types are:
&lt;class 'int'&gt;
&lt;class 'str'&gt;</msg>
<arg>${response.status_code}</arg>
<arg>${expected_status}</arg>
<doc>Fails if objects are unequal after converting them to integers.</doc>
<status status="PASS" start="2026-05-19T09:37:34.339561" elapsed="0.001505"/>
</kw>
<return>
<value>${response}</value>
<status status="PASS" start="2026-05-19T09:37:34.341066" elapsed="0.000000"/>
</return>
<msg time="2026-05-19T09:37:34.341066" level="INFO">${response} = &lt;Response [201]&gt;</msg>
<var>${response}</var>
<arg>/positions</arg>
<arg>${payload}</arg>
<arg>expected_status=201</arg>
<doc>Wraps POST request and asserts response status code.</doc>
<status status="PASS" start="2026-05-19T09:37:34.320411" elapsed="0.020655"/>
</kw>
<kw name="Get From Dictionary" owner="Collections">
<msg time="2026-05-19T09:37:34.341066" level="INFO">${pos_id} = 224b2080-0679-459a-82e2-6b011a1cb06b</msg>
<var>${pos_id}</var>
<arg>${response.json()}</arg>
<arg>id</arg>
<doc>Returns a value from the given ``dictionary`` based on the given ``key``.</doc>
<status status="PASS" start="2026-05-19T09:37:34.341066" elapsed="0.000000"/>
</kw>
<kw name="Log" owner="BuiltIn">
<msg time="2026-05-19T09:37:34.342579" level="INFO">Position created with ID: 224b2080-0679-459a-82e2-6b011a1cb06b</msg>
<arg>Position created with ID: ${pos_id}</arg>
<doc>Logs the given message with the given level.</doc>
<status status="PASS" start="2026-05-19T09:37:34.342579" elapsed="0.000000"/>
</kw>
<return>
<value>${pos_id}</value>
<value>${response.json()}</value>
<status status="PASS" start="2026-05-19T09:37:34.342579" elapsed="0.000000"/>
</return>
<msg time="2026-05-19T09:37:34.343095" level="INFO">${pos_id} = 224b2080-0679-459a-82e2-6b011a1cb06b</msg>
<msg time="2026-05-19T09:37:34.343095" level="INFO">${body} = {'id': '224b2080-0679-459a-82e2-6b011a1cb06b', 'tenantId': '3', 'code': 'PQ', 'nameTh': 'วิศวกรซอฟต์แวร์อาวุโส', 'nameEn': 'Senior Software Engineer', 'departmentId': 'e8c898ed-b9c1-4464-8dcc-c4b7669a...</msg>
<var>${pos_id}</var>
<var>${body}</var>
<arg>code=${pos_code}</arg>
<arg>name_th=วิศวกรซอฟต์แวร์อาวุโส</arg>
<arg>name_en=Senior Software Engineer</arg>
<arg>department_id=${CREATED_DEPT_ID}</arg>
<arg>description=Position created via Robot API Smoke Test</arg>
<doc>Creates a new position (code must be exactly 2 chars) and returns its generated ID.</doc>
<status status="PASS" start="2026-05-19T09:37:34.318276" elapsed="0.024819"/>
</kw>
<kw name="Set Suite Variable" owner="BuiltIn">
<msg time="2026-05-19T09:37:34.344150" level="INFO">${CREATED_POS_ID} = 224b2080-0679-459a-82e2-6b011a1cb06b</msg>
<arg>${CREATED_POS_ID}</arg>
<arg>${pos_id}</arg>
<doc>Makes a variable available everywhere within the scope of the current suite.</doc>
<status status="PASS" start="2026-05-19T09:37:34.343603" elapsed="0.000547"/>
</kw>
<kw name="Log To Console" owner="BuiltIn">
<arg>[INFO] Created Position ID: ${pos_id}</arg>
<doc>Logs the given message to the console.</doc>
<status status="PASS" start="2026-05-19T09:37:34.344150" elapsed="0.001381"/>
</kw>
<kw name="Log To Console" owner="BuiltIn">
<arg>[STEP 2] Verifying position details for ID: ${pos_id}</arg>
<doc>Logs the given message to the console.</doc>
<status status="PASS" start="2026-05-19T09:37:34.346036" elapsed="0.000375"/>
</kw>
<kw name="Get Position Details via API" owner="position_api">
<kw name="Send GET Request Wrapper" owner="api_common">
<kw name="GET On Session" owner="RequestsLibrary">
<msg time="2026-05-19T09:37:34.367708" level="INFO">GET Request : url=http://localhost:3001/api/v1/positions/224b2080-0679-459a-82e2-6b011a1cb06b 
 path_url=/api/v1/positions/224b2080-0679-459a-82e2-6b011a1cb06b 
 headers={'User-Agent': 'python-requests/2.32.5', 'Accept-Encoding': 'gzip, deflate', 'Accept': '*/*', 'Connection': 'keep-alive', 'Content-Type': 'application/json', 'Authorization': 'Bearer 4287b80f113f094a6b2ec64c322e5cf12c395d01655f0b71ffe400d51a31fa5ae56754f8ee587b6dd9d8ee8ec5feca3351f01d0b01254248c180614a855b3655', 'x-tenant-id': '3'} 
 body=None 
 </msg>
<msg time="2026-05-19T09:37:34.367708" level="INFO">GET Response : url=http://localhost:3001/api/v1/positions/224b2080-0679-459a-82e2-6b011a1cb06b 
 status=200, reason=OK 
 headers={'X-Powered-By': 'Express', 'Vary': 'Origin', 'Access-Control-Allow-Credentials': 'true', 'Access-Control-Expose-Headers': 'Set-Cookie', 'Content-Type': 'application/json; charset=utf-8', 'Content-Length': '617', 'ETag': 'W/"269-fWehcfWTfYLt+4kxaqT/6L7I/9w"', 'Date': 'Tue, 19 May 2026 02:37:34 GMT', 'Connection': 'keep-alive', 'Keep-Alive': 'timeout=5'} 
 body={"id":"224b2080-0679-459a-82e2-6b011a1cb06b","tenantId":"3","code":"PQ","nameTh":"วิศวกรซอฟต์แวร์อาวุโส","nameEn":"Senior Software Engineer","departmentId":"e8c898ed-b9c1-4464-8dcc-c4b7669a49f2","levelId":null,"description":"Position created via Robot API Smoke Test","status":"active","department":{"id":"e8c898ed-b9c1-4464-8dcc-c4b7669a49f2","tenantId":"3","code":"QH","nameTh":"ฝ่ายตรวจสอบคุณภาพ (อัปเดต)","nameEn":"Quality Assurance (Updated)","description":"Updated via Robot API Smoke Test","status":"active"},"level":null} 
 </msg>
<msg time="2026-05-19T09:37:34.367708" level="INFO">${response} = &lt;Response [200]&gt;</msg>
<var>${response}</var>
<arg>hr_api</arg>
<arg>${uri}</arg>
<arg>headers=${custom_headers}</arg>
<arg>expected_status=any</arg>
<doc>Sends a GET request on a previously created HTTP Session.</doc>
<status status="PASS" start="2026-05-19T09:37:34.347916" elapsed="0.019792"/>
</kw>
<kw name="Log" owner="BuiltIn">
<msg time="2026-05-19T09:37:34.368737" level="INFO">GET Response: 200 - {"id":"224b2080-0679-459a-82e2-6b011a1cb06b","tenantId":"3","code":"PQ","nameTh":"วิศวกรซอฟต์แวร์อาวุโส","nameEn":"Senior Software Engineer","departmentId":"e8c898ed-b9c1-4464-8dcc-c4b7669a49f2","levelId":null,"description":"Position created via Robot API Smoke Test","status":"active","department":{"id":"e8c898ed-b9c1-4464-8dcc-c4b7669a49f2","tenantId":"3","code":"QH","nameTh":"ฝ่ายตรวจสอบคุณภาพ (อัปเดต)","nameEn":"Quality Assurance (Updated)","description":"Updated via Robot API Smoke Test","status":"active"},"level":null}</msg>
<arg>GET Response: ${response.status_code} - ${response.text}</arg>
<doc>Logs the given message with the given level.</doc>
<status status="PASS" start="2026-05-19T09:37:34.367708" elapsed="0.001029"/>
</kw>
<kw name="Should Be Equal As Integers" owner="BuiltIn">
<msg time="2026-05-19T09:37:34.369734" level="INFO">Argument types are:
&lt;class 'int'&gt;
&lt;class 'str'&gt;</msg>
<arg>${response.status_code}</arg>
<arg>${expected_status}</arg>
<doc>Fails if objects are unequal after converting them to integers.</doc>
<status status="PASS" start="2026-05-19T09:37:34.368737" elapsed="0.000997"/>
</kw>
<return>
<value>${response}</value>
<status status="PASS" start="2026-05-19T09:37:34.369734" elapsed="0.000000"/>
</return>
<msg time="2026-05-19T09:37:34.369734" level="INFO">${response} = &lt;Response [200]&gt;</msg>
<var>${response}</var>
<arg>/positions/${pos_id}</arg>
<arg>expected_status=200</arg>
<doc>Wraps GET request and asserts response status code.</doc>
<status status="PASS" start="2026-05-19T09:37:34.347916" elapsed="0.021818"/>
</kw>
<return>
<value>${response.json()}</value>
<status status="PASS" start="2026-05-19T09:37:34.369734" elapsed="0.000000"/>
</return>
<msg time="2026-05-19T09:37:34.370730" level="INFO">${details} = {'id': '224b2080-0679-459a-82e2-6b011a1cb06b', 'tenantId': '3', 'code': 'PQ', 'nameTh': 'วิศวกรซอฟต์แวร์อาวุโส', 'nameEn': 'Senior Software Engineer', 'departmentId': 'e8c898ed-b9c1-4464-8dcc-c4b7669a...</msg>
<var>${details}</var>
<arg>${pos_id}</arg>
<doc>Retrieves position details by ID.</doc>
<status status="PASS" start="2026-05-19T09:37:34.346411" elapsed="0.024319"/>
</kw>
<kw name="Should Be Equal As Strings" owner="BuiltIn">
<arg>${details}[code]</arg>
<arg>${pos_code}</arg>
<doc>Fails if objects are unequal after converting them to strings.</doc>
<status status="PASS" start="2026-05-19T09:37:34.371725" elapsed="0.000504"/>
</kw>
<kw name="Should Be Equal As Strings" owner="BuiltIn">
<arg>${details}[departmentId]</arg>
<arg>${CREATED_DEPT_ID}</arg>
<doc>Fails if objects are unequal after converting them to strings.</doc>
<status status="PASS" start="2026-05-19T09:37:34.372229" elapsed="0.001004"/>
</kw>
<kw name="Log To Console" owner="BuiltIn">
<arg>[STEP 3] Updating position ID ${pos_id} details (name Th -&gt; วิศวกรซอฟต์แวร์อาวุโส (อัปเดต))</arg>
<doc>Logs the given message to the console.</doc>
<status status="PASS" start="2026-05-19T09:37:34.373821" elapsed="0.000000"/>
</kw>
<kw name="Create Dictionary" owner="BuiltIn">
<msg time="2026-05-19T09:37:34.375036" level="INFO">${update_payload} = {'code': 'PQ', 'nameTh': 'วิศวกรซอฟต์แวร์อาวุโส (อัปเดต)', 'nameEn': 'Senior Software Engineer (Updated)', 'departmentId': 'e8c898ed-b9c1-4464-8dcc-c4b7669a49f2', 'description': 'Updated via Robot API...</msg>
<var>${update_payload}</var>
<arg>code=${pos_code}</arg>
<arg>nameTh=วิศวกรซอฟต์แวร์อาวุโส (อัปเดต)</arg>
<arg>nameEn=Senior Software Engineer (Updated)</arg>
<arg>departmentId=${CREATED_DEPT_ID}</arg>
<arg>description=Updated via Robot API Smoke Test</arg>
<doc>Creates and returns a dictionary based on the given ``items``.</doc>
<status status="PASS" start="2026-05-19T09:37:34.373821" elapsed="0.001215"/>
</kw>
<kw name="Update Position via API" owner="position_api">
<kw name="Send PUT Request Wrapper" owner="api_common">
<kw name="PUT On Session" owner="RequestsLibrary">
<msg time="2026-05-19T09:37:34.400410" level="INFO">PUT Request : url=http://localhost:3001/api/v1/positions/224b2080-0679-459a-82e2-6b011a1cb06b 
 path_url=/api/v1/positions/224b2080-0679-459a-82e2-6b011a1cb06b 
 headers={'User-Agent': 'python-requests/2.32.5', 'Accept-Encoding': 'gzip, deflate', 'Accept': '*/*', 'Connection': 'keep-alive', 'Content-Type': 'application/json', 'Authorization': 'Bearer 4287b80f113f094a6b2ec64c322e5cf12c395d01655f0b71ffe400d51a31fa5ae56754f8ee587b6dd9d8ee8ec5feca3351f01d0b01254248c180614a855b3655', 'x-tenant-id': '3', 'Content-Length': '348'} 
 body=b'{"code": "PQ", "nameTh": "\\u0e27\\u0e34\\u0e28\\u0e27\\u0e01\\u0e23\\u0e0b\\u0e2d\\u0e1f\\u0e15\\u0e4c\\u0e41\\u0e27\\u0e23\\u0e4c\\u0e2d\\u0e32\\u0e27\\u0e38\\u0e42\\u0e2a (\\u0e2d\\u0e31\\u0e1b\\u0e40\\u0e14\\u0e15)", "nameEn": "Senior Software Engineer (Updated)", "departmentId": "e8c898ed-b9c1-4464-8dcc-c4b7669a49f2", "description": "Updated via Robot API Smoke Test"}' 
 </msg>
<msg time="2026-05-19T09:37:34.400410" level="INFO">PUT Response : url=http://localhost:3001/api/v1/positions/224b2080-0679-459a-82e2-6b011a1cb06b 
 status=200, reason=OK 
 headers={'X-Powered-By': 'Express', 'Vary': 'Origin', 'Access-Control-Allow-Credentials': 'true', 'Access-Control-Expose-Headers': 'Set-Cookie', 'Content-Type': 'application/json; charset=utf-8', 'Content-Length': '626', 'ETag': 'W/"272-mpza2v5JSJGYB01EajDbMi2vips"', 'Date': 'Tue, 19 May 2026 02:37:34 GMT', 'Connection': 'keep-alive', 'Keep-Alive': 'timeout=5'} 
 body={"id":"224b2080-0679-459a-82e2-6b011a1cb06b","tenantId":"3","code":"PQ","nameTh":"วิศวกรซอฟต์แวร์อาวุโส (อัปเดต)","nameEn":"Senior Software Engineer (Updated)","departmentId":"e8c898ed-b9c1-4464-8dcc-c4b7669a49f2","levelId":null,"description":"Updated via Robot API Smoke Test","status":"active","department":{"id":"e8c898ed-b9c1-4464-8dcc-c4b7669a49f2","tenantId":"3","code":"QH","nameTh":"ฝ่ายตรวจสอบคุณภาพ (อัปเดต)","nameEn":"Quality Assurance (Updated)","description":"Updated via Robot API Smoke Test","status":"active"}} 
 </msg>
<msg time="2026-05-19T09:37:34.401409" level="INFO">${response} = &lt;Response [200]&gt;</msg>
<var>${response}</var>
<arg>hr_api</arg>
<arg>${uri}</arg>
<arg>json=${payload}</arg>
<arg>headers=${custom_headers}</arg>
<arg>expected_status=any</arg>
<doc>Sends a PUT request on a previously created HTTP Session.</doc>
<status status="PASS" start="2026-05-19T09:37:34.375539" elapsed="0.025870"/>
</kw>
<kw name="Log" owner="BuiltIn">
<msg time="2026-05-19T09:37:34.401912" level="INFO">PUT Response: 200 - {"id":"224b2080-0679-459a-82e2-6b011a1cb06b","tenantId":"3","code":"PQ","nameTh":"วิศวกรซอฟต์แวร์อาวุโส (อัปเดต)","nameEn":"Senior Software Engineer (Updated)","departmentId":"e8c898ed-b9c1-4464-8dcc-c4b7669a49f2","levelId":null,"description":"Updated via Robot API Smoke Test","status":"active","department":{"id":"e8c898ed-b9c1-4464-8dcc-c4b7669a49f2","tenantId":"3","code":"QH","nameTh":"ฝ่ายตรวจสอบคุณภาพ (อัปเดต)","nameEn":"Quality Assurance (Updated)","description":"Updated via Robot API Smoke Test","status":"active"}}</msg>
<arg>PUT Response: ${response.status_code} - ${response.text}</arg>
<doc>Logs the given message with the given level.</doc>
<status status="PASS" start="2026-05-19T09:37:34.401409" elapsed="0.000503"/>
</kw>
<kw name="Should Be Equal As Integers" owner="BuiltIn">
<msg time="2026-05-19T09:37:34.403163" level="INFO">Argument types are:
&lt;class 'int'&gt;
&lt;class 'str'&gt;</msg>
<arg>${response.status_code}</arg>
<arg>${expected_status}</arg>
<doc>Fails if objects are unequal after converting them to integers.</doc>
<status status="PASS" start="2026-05-19T09:37:34.401912" elapsed="0.001251"/>
</kw>
<return>
<value>${response}</value>
<status status="PASS" start="2026-05-19T09:37:34.403163" elapsed="0.000000"/>
</return>
<msg time="2026-05-19T09:37:34.403163" level="INFO">${response} = &lt;Response [200]&gt;</msg>
<var>${response}</var>
<arg>/positions/${pos_id}</arg>
<arg>${payload}</arg>
<arg>expected_status=200</arg>
<doc>Wraps PUT request and asserts response status code.</doc>
<status status="PASS" start="2026-05-19T09:37:34.375539" elapsed="0.027624"/>
</kw>
<return>
<value>${response.json()}</value>
<status status="PASS" start="2026-05-19T09:37:34.403667" elapsed="0.000000"/>
</return>
<msg time="2026-05-19T09:37:34.403667" level="INFO">${updated} = {'id': '224b2080-0679-459a-82e2-6b011a1cb06b', 'tenantId': '3', 'code': 'PQ', 'nameTh': 'วิศวกรซอฟต์แวร์อาวุโส (อัปเดต)', 'nameEn': 'Senior Software Engineer (Updated)', 'departmentId': 'e8c898ed-b9c1...</msg>
<var>${updated}</var>
<arg>${pos_id}</arg>
<arg>${update_payload}</arg>
<doc>Updates position details by ID.</doc>
<status status="PASS" start="2026-05-19T09:37:34.375539" elapsed="0.028128"/>
</kw>
<kw name="Should Be Equal As Strings" owner="BuiltIn">
<arg>${updated}[nameTh]</arg>
<arg>วิศวกรซอฟต์แวร์อาวุโส (อัปเดต)</arg>
<doc>Fails if objects are unequal after converting them to strings.</doc>
<status status="PASS" start="2026-05-19T09:37:34.404670" elapsed="0.000000"/>
</kw>
<kw name="Log To Console" owner="BuiltIn">
<arg>[SUCCESS] Position CRUD verified successfully!</arg>
<doc>Logs the given message to the console.</doc>
<status status="PASS" start="2026-05-19T09:37:34.405806" elapsed="0.000000"/>
</kw>
<kw name="Log To Console" owner="BuiltIn">
<arg>------------------------------------------------------------</arg>
<doc>Logs the given message to the console.</doc>
<status status="PASS" start="2026-05-19T09:37:34.405806" elapsed="0.000000"/>
</kw>
<kw name="Log" owner="BuiltIn">
<msg time="2026-05-19T09:37:34.407311" level="INFO">Position CRUD verified successfully!</msg>
<arg>Position CRUD verified successfully!</arg>
<doc>Logs the given message with the given level.</doc>
<status status="PASS" start="2026-05-19T09:37:34.407311" elapsed="0.000000"/>
</kw>
<doc>Verifies that positions can be created, retrieved, updated, and deleted under a department.</doc>
<tag>api</tag>
<tag>position</tag>
<tag>smoke</tag>
<status status="PASS" start="2026-05-19T09:37:34.313853" elapsed="0.093972"/>
</test>
<test id="s1-s1-t3" name="Verify Employee CRUD Operations" line="99">
<kw name="Skip If" owner="BuiltIn">
<arg>'${CREATED_DEPT_ID}' == '${None}' or '${CREATED_POS_ID}' == '${None}'</arg>
<arg>Skipping because Department/Position creation failed.</arg>
<doc>Skips the rest of the current test if the ``condition`` is True.</doc>
<status status="PASS" start="2026-05-19T09:37:34.409336" elapsed="0.001253"/>
</kw>
<kw name="Log To Console" owner="BuiltIn">
<arg>\n------------------------------------------------------------</arg>
<doc>Logs the given message to the console.</doc>
<status status="PASS" start="2026-05-19T09:37:34.410589" elapsed="0.000000"/>
</kw>
<kw name="Log To Console" owner="BuiltIn">
<arg>[START] Testing Employee CRUD Operations...</arg>
<doc>Logs the given message to the console.</doc>
<status status="PASS" start="2026-05-19T09:37:34.411772" elapsed="0.000000"/>
</kw>
<kw name="Evaluate" owner="BuiltIn">
<msg time="2026-05-19T09:37:34.413825" level="INFO">${random_num} = 2930</msg>
<var>${random_num}</var>
<arg>random.randint(1000, 9999)</arg>
<arg>modules=random</arg>
<doc>Evaluates the given expression in Python and returns the result.</doc>
<status status="PASS" start="2026-05-19T09:37:34.412829" elapsed="0.001735"/>
</kw>
<kw name="Set Variable" owner="BuiltIn">
<msg time="2026-05-19T09:37:34.414564" level="INFO">${email} = somchai.apinan.2930@example.com</msg>
<var>${email}</var>
<arg>somchai.apinan.${random_num}@example.com</arg>
<doc>Returns the given values which can then be assigned to a variables.</doc>
<status status="PASS" start="2026-05-19T09:37:34.414564" elapsed="0.000000"/>
</kw>
<kw name="Log To Console" owner="BuiltIn">
<arg>[STEP 1] Creating new employee with email: ${email}</arg>
<doc>Logs the given message to the console.</doc>
<status status="PASS" start="2026-05-19T09:37:34.416045" elapsed="0.000504"/>
</kw>
<kw name="Create Employee via API" owner="employee_api">
<kw name="Create Dictionary" owner="BuiltIn">
<msg time="2026-05-19T09:37:34.418071" level="INFO">${payload} = {'firstName': 'สมชาย', 'lastName': 'อภินันท์', 'email': 'somchai.apinan.2930@example.com'}</msg>
<var>${payload}</var>
<arg>firstName=${first_name}</arg>
<arg>lastName=${last_name}</arg>
<arg>email=${email}</arg>
<doc>Creates and returns a dictionary based on the given ``items``.</doc>
<status status="PASS" start="2026-05-19T09:37:34.417063" elapsed="0.001008"/>
</kw>
<kw name="Run Keyword If" owner="BuiltIn">
<kw name="Set To Dictionary" owner="Collections">
<arg>${payload}</arg>
<arg>departmentId=${dept_id}</arg>
<doc>Adds the given ``key_value_pairs`` and/or ``items`` to the ``dictionary``.</doc>
<status status="PASS" start="2026-05-19T09:37:34.418071" elapsed="0.000998"/>
</kw>
<arg>'${dept_id}' != '${None}'</arg>
<arg>Set To Dictionary</arg>
<arg>${payload}</arg>
<arg>departmentId=${dept_id}</arg>
<doc>Runs the given keyword with the given arguments, if ``condition`` is true.</doc>
<status status="PASS" start="2026-05-19T09:37:34.418071" elapsed="0.000998"/>
</kw>
<kw name="Run Keyword If" owner="BuiltIn">
<kw name="Set To Dictionary" owner="Collections">
<arg>${payload}</arg>
<arg>positionId=${pos_id}</arg>
<doc>Adds the given ``key_value_pairs`` and/or ``items`` to the ``dictionary``.</doc>
<status status="PASS" start="2026-05-19T09:37:34.419069" elapsed="0.000000"/>
</kw>
<arg>'${pos_id}' != '${None}'</arg>
<arg>Set To Dictionary</arg>
<arg>${payload}</arg>
<arg>positionId=${pos_id}</arg>
<doc>Runs the given keyword with the given arguments, if ``condition`` is true.</doc>
<status status="PASS" start="2026-05-19T09:37:34.419069" elapsed="0.000000"/>
</kw>
<kw name="Send POST Request Wrapper" owner="api_common">
<kw name="POST On Session" owner="RequestsLibrary">
<msg time="2026-05-19T09:37:34.733384" level="INFO">POST Request : url=http://localhost:3001/api/v1/employees 
 path_url=/api/v1/employees 
 headers={'User-Agent': 'python-requests/2.32.5', 'Accept-Encoding': 'gzip, deflate', 'Accept': '*/*', 'Connection': 'keep-alive', 'Content-Type': 'application/json', 'Authorization': 'Bearer 4287b80f113f094a6b2ec64c322e5cf12c395d01655f0b71ffe400d51a31fa5ae56754f8ee587b6dd9d8ee8ec5feca3351f01d0b01254248c180614a855b3655', 'x-tenant-id': '3', 'Content-Length': '265'} 
 body=b'{"firstName": "\\u0e2a\\u0e21\\u0e0a\\u0e32\\u0e22", "lastName": "\\u0e2d\\u0e20\\u0e34\\u0e19\\u0e31\\u0e19\\u0e17\\u0e4c", "email": "somchai.apinan.2930@example.com", "departmentId": "e8c898ed-b9c1-4464-8dcc-c4b7669a49f2", "positionId": "224b2080-0679-459a-82e2-6b011a1cb06b"}' 
 </msg>
<msg time="2026-05-19T09:37:34.733887" level="INFO">POST Response : url=http://localhost:3001/api/v1/employees 
 status=201, reason=Created 
 headers={'X-Powered-By': 'Express', 'Vary': 'Origin', 'Access-Control-Allow-Credentials': 'true', 'Access-Control-Expose-Headers': 'Set-Cookie', 'Content-Type': 'application/json; charset=utf-8', 'Content-Length': '2033', 'ETag': 'W/"7f1-PsKQMzHwq05o0fFV8FBYJeceyfc"', 'Date': 'Tue, 19 May 2026 02:37:34 GMT', 'Connection': 'keep-alive', 'Keep-Alive': 'timeout=5'} 
 body={"id":"0c2b3a52-5633-42ce-9f3e-a8f49275761e","tenantId":"3","employeeCode":"DJ2026TEST00001","prefix":null,"firstName":"สมชาย","lastName":"อภินันท์","nickname":null,"gender":null,"bloodType":null,"idCardNumber":null,"birthDate":null,"phone":null,"email":"somchai.apinan.2930@example.com","citizenshipType":"thai","nationalityId":null,"profileImageUrl":null,"personalityId":null,"companyId":null,"departmentId":"e8c898ed-b9c1-4464-8dcc-c4b7669a49f2","positionId":"224b2080-0679-459a-82e2-6b011a1cb06b","employeeLevel":null,"employmentTypeId":null,"startDate":null,"socialSecurityRights":null,"endDate":null,"salary":null,"payCycle":null,"employeeStatusId":null,"resignationReason":null,"resignationNote":null,"createdAt":"2026-05-19T02:37:34.000Z","updatedAt":"2026-05-19T02:37:34.000Z","personality":null,"company":null,"department":{"id":"e8c898ed-b9c1-4464-8dcc-c4b7669a49f2","tenantId":"3","code":"QH","nameTh":"ฝ่ายตรวจสอบคุณภาพ (อัปเดต)","nameEn":"Quality Assurance (Updated)","description":"Updated via Robot API Smoke Test","status":"active"},"position":{"id":"224b2080-0679-459a-82e2-6b011a1cb06b","tenantId":"3","code":"PQ","nameTh":"วิศวกรซอฟต์แวร์อาวุโส (อัปเดต)","nameEn":"Senior Software Engineer (Updated)","departmentId":"e8c898ed-b9c1-4464-8dcc-c4b7669a49f2","levelId":null,"description":"Updated via Robot API Smoke Test","status":"active","department":{"id":"e8c898ed-b9c1-4464-8dcc-c4b7669a49f2","tenantId":"3","code":"QH","nameTh":"ฝ่ายตรวจสอบคุณภาพ (อัปเดต)","nameEn":"Quality Assurance (Updated)","description":"Updated via Robot API Smoke Test","status":"active"},"level":null},"employmentType":null,"employeeStatus":null,"nationality":null,"tags":[],"addresses":[],"emergencyContacts":[],"educations":[],"workExperiences":[],"socialSecurityInfos":[],"bankAccounts":[],"vehicles":[],"employeeDocuments":[],"passports":[],"workPermits":[]} 
 </msg>
<msg time="2026-05-19T09:37:34.733887" level="INFO">${response} = &lt;Response [201]&gt;</msg>
<var>${response}</var>
<arg>hr_api</arg>
<arg>${uri}</arg>
<arg>json=${payload}</arg>
<arg>headers=${custom_headers}</arg>
<arg>expected_status=any</arg>
<doc>Sends a POST request on a previously created HTTP Session.</doc>
<status status="PASS" start="2026-05-19T09:37:34.420556" elapsed="0.313331"/>
</kw>
<kw name="Log" owner="BuiltIn">
<msg time="2026-05-19T09:37:34.734887" level="INFO">POST Response: 201 - {"id":"0c2b3a52-5633-42ce-9f3e-a8f49275761e","tenantId":"3","employeeCode":"DJ2026TEST00001","prefix":null,"firstName":"สมชาย","lastName":"อภินันท์","nickname":null,"gender":null,"bloodType":null,"idCardNumber":null,"birthDate":null,"phone":null,"email":"somchai.apinan.2930@example.com","citizenshipType":"thai","nationalityId":null,"profileImageUrl":null,"personalityId":null,"companyId":null,"departmentId":"e8c898ed-b9c1-4464-8dcc-c4b7669a49f2","positionId":"224b2080-0679-459a-82e2-6b011a1cb06b","employeeLevel":null,"employmentTypeId":null,"startDate":null,"socialSecurityRights":null,"endDate":null,"salary":null,"payCycle":null,"employeeStatusId":null,"resignationReason":null,"resignationNote":null,"createdAt":"2026-05-19T02:37:34.000Z","updatedAt":"2026-05-19T02:37:34.000Z","personality":null,"company":null,"department":{"id":"e8c898ed-b9c1-4464-8dcc-c4b7669a49f2","tenantId":"3","code":"QH","nameTh":"ฝ่ายตรวจสอบคุณภาพ (อัปเดต)","nameEn":"Quality Assurance (Updated)","description":"Updated via Robot API Smoke Test","status":"active"},"position":{"id":"224b2080-0679-459a-82e2-6b011a1cb06b","tenantId":"3","code":"PQ","nameTh":"วิศวกรซอฟต์แวร์อาวุโส (อัปเดต)","nameEn":"Senior Software Engineer (Updated)","departmentId":"e8c898ed-b9c1-4464-8dcc-c4b7669a49f2","levelId":null,"description":"Updated via Robot API Smoke Test","status":"active","department":{"id":"e8c898ed-b9c1-4464-8dcc-c4b7669a49f2","tenantId":"3","code":"QH","nameTh":"ฝ่ายตรวจสอบคุณภาพ (อัปเดต)","nameEn":"Quality Assurance (Updated)","description":"Updated via Robot API Smoke Test","status":"active"},"level":null},"employmentType":null,"employeeStatus":null,"nationality":null,"tags":[],"addresses":[],"emergencyContacts":[],"educations":[],"workExperiences":[],"socialSecurityInfos":[],"bankAccounts":[],"vehicles":[],"employeeDocuments":[],"passports":[],"workPermits":[]}</msg>
<arg>POST Response: ${response.status_code} - ${response.text}</arg>
<doc>Logs the given message with the given level.</doc>
<status status="PASS" start="2026-05-19T09:37:34.733887" elapsed="0.001000"/>
</kw>
<kw name="Should Be Equal As Integers" owner="BuiltIn">
<msg time="2026-05-19T09:37:34.736115" level="INFO">Argument types are:
&lt;class 'int'&gt;
&lt;class 'str'&gt;</msg>
<arg>${response.status_code}</arg>
<arg>${expected_status}</arg>
<doc>Fails if objects are unequal after converting them to integers.</doc>
<status status="PASS" start="2026-05-19T09:37:34.734887" elapsed="0.001228"/>
</kw>
<return>
<value>${response}</value>
<status status="PASS" start="2026-05-19T09:37:34.736115" elapsed="0.000000"/>
</return>
<msg time="2026-05-19T09:37:34.736115" level="INFO">${response} = &lt;Response [201]&gt;</msg>
<var>${response}</var>
<arg>/employees</arg>
<arg>${payload}</arg>
<arg>expected_status=201</arg>
<doc>Wraps POST request and asserts response status code.</doc>
<status status="PASS" start="2026-05-19T09:37:34.419069" elapsed="0.317046"/>
</kw>
<kw name="Get From Dictionary" owner="Collections">
<msg time="2026-05-19T09:37:34.737111" level="INFO">${emp_id} = 0c2b3a52-5633-42ce-9f3e-a8f49275761e</msg>
<var>${emp_id}</var>
<arg>${response.json()}</arg>
<arg>id</arg>
<doc>Returns a value from the given ``dictionary`` based on the given ``key``.</doc>
<status status="PASS" start="2026-05-19T09:37:34.736115" elapsed="0.000996"/>
</kw>
<kw name="Log" owner="BuiltIn">
<msg time="2026-05-19T09:37:34.737111" level="INFO">Employee created with ID: 0c2b3a52-5633-42ce-9f3e-a8f49275761e</msg>
<arg>Employee created with ID: ${emp_id}</arg>
<doc>Logs the given message with the given level.</doc>
<status status="PASS" start="2026-05-19T09:37:34.737111" elapsed="0.000000"/>
</kw>
<return>
<value>${emp_id}</value>
<value>${response.json()}</value>
<status status="PASS" start="2026-05-19T09:37:34.737111" elapsed="0.000000"/>
</return>
<msg time="2026-05-19T09:37:34.738495" level="INFO">${emp_id} = 0c2b3a52-5633-42ce-9f3e-a8f49275761e</msg>
<msg time="2026-05-19T09:37:34.739060" level="INFO">${body} = {'id': '0c2b3a52-5633-42ce-9f3e-a8f49275761e', 'tenantId': '3', 'employeeCode': 'DJ2026TEST00001', 'prefix': None, 'firstName': 'สมชาย', 'lastName': 'อภินันท์', 'nickname': None, 'gender': None, 'bloo...</msg>
<var>${emp_id}</var>
<var>${body}</var>
<arg>first_name=สมชาย</arg>
<arg>last_name=อภินันท์</arg>
<arg>email=${email}</arg>
<arg>dept_id=${CREATED_DEPT_ID}</arg>
<arg>pos_id=${CREATED_POS_ID}</arg>
<doc>Creates a new employee and returns their generated ID.</doc>
<status status="PASS" start="2026-05-19T09:37:34.416549" elapsed="0.322511"/>
</kw>
<kw name="Set Suite Variable" owner="BuiltIn">
<msg time="2026-05-19T09:37:34.740067" level="INFO">${CREATED_EMP_ID} = 0c2b3a52-5633-42ce-9f3e-a8f49275761e</msg>
<arg>${CREATED_EMP_ID}</arg>
<arg>${emp_id}</arg>
<doc>Makes a variable available everywhere within the scope of the current suite.</doc>
<status status="PASS" start="2026-05-19T09:37:34.739060" elapsed="0.001007"/>
</kw>
<kw name="Log To Console" owner="BuiltIn">
<arg>[INFO] Created Employee ID: ${emp_id}</arg>
<doc>Logs the given message to the console.</doc>
<status status="PASS" start="2026-05-19T09:37:34.740067" elapsed="0.000000"/>
</kw>
<kw name="Log To Console" owner="BuiltIn">
<arg>[STEP 2] Verifying employee profile details for ID: ${emp_id}</arg>
<doc>Logs the given message to the console.</doc>
<status status="PASS" start="2026-05-19T09:37:34.741064" elapsed="0.000504"/>
</kw>
<kw name="Get Employee Profile via API" owner="employee_api">
<kw name="Send GET Request Wrapper" owner="api_common">
<kw name="GET On Session" owner="RequestsLibrary">
<msg time="2026-05-19T09:37:34.774876" level="INFO">GET Request : url=http://localhost:3001/api/v1/employees/0c2b3a52-5633-42ce-9f3e-a8f49275761e 
 path_url=/api/v1/employees/0c2b3a52-5633-42ce-9f3e-a8f49275761e 
 headers={'User-Agent': 'python-requests/2.32.5', 'Accept-Encoding': 'gzip, deflate', 'Accept': '*/*', 'Connection': 'keep-alive', 'Content-Type': 'application/json', 'Authorization': 'Bearer 4287b80f113f094a6b2ec64c322e5cf12c395d01655f0b71ffe400d51a31fa5ae56754f8ee587b6dd9d8ee8ec5feca3351f01d0b01254248c180614a855b3655', 'x-tenant-id': '3'} 
 body=None 
 </msg>
<msg time="2026-05-19T09:37:34.774876" level="INFO">GET Response : url=http://localhost:3001/api/v1/employees/0c2b3a52-5633-42ce-9f3e-a8f49275761e 
 status=200, reason=OK 
 headers={'X-Powered-By': 'Express', 'Vary': 'Origin', 'Access-Control-Allow-Credentials': 'true', 'Access-Control-Expose-Headers': 'Set-Cookie', 'Content-Type': 'application/json; charset=utf-8', 'Content-Length': '2363', 'ETag': 'W/"93b-wgCM0UwB5gujyXqUBXGufD06xlQ"', 'Date': 'Tue, 19 May 2026 02:37:34 GMT', 'Connection': 'keep-alive', 'Keep-Alive': 'timeout=5'} 
 body={"id":"0c2b3a52-5633-42ce-9f3e-a8f49275761e","tenantId":"3","employeeCode":"DJ2026TEST00001","prefix":null,"firstName":"สมชาย","lastName":"อภินันท์","nickname":null,"gender":null,"bloodType":null,"idCardNumber":null,"birthDate":null,"phone":null,"email":"somchai.apinan.2930@example.com","citizenshipType":"thai","nationalityId":null,"profileImageUrl":null,"personalityId":null,"companyId":null,"departmentId":"e8c898ed-b9c1-4464-8dcc-c4b7669a49f2","positionId":"224b2080-0679-459a-82e2-6b011a1cb06b","employeeLevel":null,"employmentTypeId":null,"startDate":null,"socialSecurityRights":null,"endDate":null,"salary":null,"payCycle":null,"employeeStatusId":null,"resignationReason":null,"resignationNote":null,"createdAt":"2026-05-19T02:37:34.000Z","updatedAt":"2026-05-19T02:37:34.000Z","company":{"id":"3","name":"Demo Tenant","nameEn":"Demo Tenant","code":"3","prefix":null,"shortName":"Demo Tenant","address":null,"addressEn":null,"contactNumber":null,"website":null,"email":null,"tenantId":"3","status":"active","metadata":{}},"department":{"id":"e8c898ed-b9c1-4464-8dcc-c4b7669a49f2","tenantId":"3","code":"QH","nameTh":"ฝ่ายตรวจสอบคุณภาพ (อัปเดต)","nameEn":"Quality Assurance (Updated)","description":"Updated via Robot API Smoke Test","status":"active"},"position":{"id":"224b2080-0679-459a-82e2-6b011a1cb06b","tenantId":"3","code":"PQ","nameTh":"วิศวกรซอฟต์แวร์อาวุโส (อัปเดต)","nameEn":"Senior Software Engineer (Updated)","departmentId":"e8c898ed-b9c1-4464-8dcc-c4b7669a49f2","levelId":null,"description":"Updated via Robot API Smoke Test","status":"active","department":{"id":"e8c898ed-b9c1-4464-8dcc-c4b7669a49f2","tenantId":"3","code":"QH","nameTh":"ฝ่ายตรวจสอบคุณภาพ (อัปเดต)","nameEn":"Quality Assurance (Updated)","description":"Updated via Robot API Smoke Test","status":"active"}},"employmentType":null,"employeeLevelRelation":null,"employeeStatus":null,"tags":[],"addresses":[],"organicsPointBalanceId":"91c0b2b7-38e2-4ca8-a8ef-3901c41e405a","organicsPointTotalPoints":0,"providentFundRemainingBalance":0,"citizenType":"thai","passportNumber":null,"passportExpiryDate":null,"passportCountry":null,"permitNumber":null,"workPermitIssuedDate":null,"workPermitExpiryDate":null} 
 </msg>
<msg time="2026-05-19T09:37:34.774876" level="INFO">${response} = &lt;Response [200]&gt;</msg>
<var>${response}</var>
<arg>hr_api</arg>
<arg>${uri}</arg>
<arg>headers=${custom_headers}</arg>
<arg>expected_status=any</arg>
<doc>Sends a GET request on a previously created HTTP Session.</doc>
<status status="PASS" start="2026-05-19T09:37:34.742584" elapsed="0.033289"/>
</kw>
<kw name="Log" owner="BuiltIn">
<msg time="2026-05-19T09:37:34.777378" level="INFO">GET Response: 200 - {"id":"0c2b3a52-5633-42ce-9f3e-a8f49275761e","tenantId":"3","employeeCode":"DJ2026TEST00001","prefix":null,"firstName":"สมชาย","lastName":"อภินันท์","nickname":null,"gender":null,"bloodType":null,"idCardNumber":null,"birthDate":null,"phone":null,"email":"somchai.apinan.2930@example.com","citizenshipType":"thai","nationalityId":null,"profileImageUrl":null,"personalityId":null,"companyId":null,"departmentId":"e8c898ed-b9c1-4464-8dcc-c4b7669a49f2","positionId":"224b2080-0679-459a-82e2-6b011a1cb06b","employeeLevel":null,"employmentTypeId":null,"startDate":null,"socialSecurityRights":null,"endDate":null,"salary":null,"payCycle":null,"employeeStatusId":null,"resignationReason":null,"resignationNote":null,"createdAt":"2026-05-19T02:37:34.000Z","updatedAt":"2026-05-19T02:37:34.000Z","company":{"id":"3","name":"Demo Tenant","nameEn":"Demo Tenant","code":"3","prefix":null,"shortName":"Demo Tenant","address":null,"addressEn":null,"contactNumber":null,"website":null,"email":null,"tenantId":"3","status":"active","metadata":{}},"department":{"id":"e8c898ed-b9c1-4464-8dcc-c4b7669a49f2","tenantId":"3","code":"QH","nameTh":"ฝ่ายตรวจสอบคุณภาพ (อัปเดต)","nameEn":"Quality Assurance (Updated)","description":"Updated via Robot API Smoke Test","status":"active"},"position":{"id":"224b2080-0679-459a-82e2-6b011a1cb06b","tenantId":"3","code":"PQ","nameTh":"วิศวกรซอฟต์แวร์อาวุโส (อัปเดต)","nameEn":"Senior Software Engineer (Updated)","departmentId":"e8c898ed-b9c1-4464-8dcc-c4b7669a49f2","levelId":null,"description":"Updated via Robot API Smoke Test","status":"active","department":{"id":"e8c898ed-b9c1-4464-8dcc-c4b7669a49f2","tenantId":"3","code":"QH","nameTh":"ฝ่ายตรวจสอบคุณภาพ (อัปเดต)","nameEn":"Quality Assurance (Updated)","description":"Updated via Robot API Smoke Test","status":"active"}},"employmentType":null,"employeeLevelRelation":null,"employeeStatus":null,"tags":[],"addresses":[],"organicsPointBalanceId":"91c0b2b7-38e2-4ca8-a8ef-3901c41e405a","organicsPointTotalPoints":0,"providentFundRemainingBalance":0,"citizenType":"thai","passportNumber":null,"passportExpiryDate":null,"passportCountry":null,"permitNumber":null,"workPermitIssuedDate":null,"workPermitExpiryDate":null}</msg>
<arg>GET Response: ${response.status_code} - ${response.text}</arg>
<doc>Logs the given message with the given level.</doc>
<status status="PASS" start="2026-05-19T09:37:34.775873" elapsed="0.001505"/>
</kw>
<kw name="Should Be Equal As Integers" owner="BuiltIn">
<msg time="2026-05-19T09:37:34.779659" level="INFO">Argument types are:
&lt;class 'int'&gt;
&lt;class 'str'&gt;</msg>
<arg>${response.status_code}</arg>
<arg>${expected_status}</arg>
<doc>Fails if objects are unequal after converting them to integers.</doc>
<status status="PASS" start="2026-05-19T09:37:34.778374" elapsed="0.001285"/>
</kw>
<return>
<value>${response}</value>
<status status="PASS" start="2026-05-19T09:37:34.779659" elapsed="0.000000"/>
</return>
<msg time="2026-05-19T09:37:34.779659" level="INFO">${response} = &lt;Response [200]&gt;</msg>
<var>${response}</var>
<arg>/employees/${emp_id}</arg>
<arg>expected_status=200</arg>
<doc>Wraps GET request and asserts response status code.</doc>
<status status="PASS" start="2026-05-19T09:37:34.742584" elapsed="0.038127"/>
</kw>
<return>
<value>${response.json()}</value>
<status status="PASS" start="2026-05-19T09:37:34.780711" elapsed="0.000000"/>
</return>
<msg time="2026-05-19T09:37:34.781909" level="INFO">${details} = {'id': '0c2b3a52-5633-42ce-9f3e-a8f49275761e', 'tenantId': '3', 'employeeCode': 'DJ2026TEST00001', 'prefix': None, 'firstName': 'สมชาย', 'lastName': 'อภินันท์', 'nickname': None, 'gender': None, 'bloo...</msg>
<var>${details}</var>
<arg>${emp_id}</arg>
<doc>Retrieves employee details by ID.</doc>
<status status="PASS" start="2026-05-19T09:37:34.742072" elapsed="0.039837"/>
</kw>
<kw name="Should Be Equal As Strings" owner="BuiltIn">
<arg>${details}[firstName]</arg>
<arg>สมชาย</arg>
<doc>Fails if objects are unequal after converting them to strings.</doc>
<status status="PASS" start="2026-05-19T09:37:34.781909" elapsed="0.000000"/>
</kw>
<kw name="Should Be Equal As Strings" owner="BuiltIn">
<arg>${details}[email]</arg>
<arg>${email}</arg>
<doc>Fails if objects are unequal after converting them to strings.</doc>
<status status="PASS" start="2026-05-19T09:37:34.783430" elapsed="0.000000"/>
</kw>
<kw name="Should Be Equal As Strings" owner="BuiltIn">
<arg>${details}[departmentId]</arg>
<arg>${CREATED_DEPT_ID}</arg>
<doc>Fails if objects are unequal after converting them to strings.</doc>
<status status="PASS" start="2026-05-19T09:37:34.784014" elapsed="0.000000"/>
</kw>
<kw name="Should Be Equal As Strings" owner="BuiltIn">
<arg>${details}[positionId]</arg>
<arg>${CREATED_POS_ID}</arg>
<doc>Fails if objects are unequal after converting them to strings.</doc>
<status status="PASS" start="2026-05-19T09:37:34.784014" elapsed="0.000000"/>
</kw>
<kw name="Log To Console" owner="BuiltIn">
<arg>[STEP 3] Updating employee ID ${emp_id} first name to: สมชาย (อัปเดต)</arg>
<doc>Logs the given message to the console.</doc>
<status status="PASS" start="2026-05-19T09:37:34.785023" elapsed="0.000000"/>
</kw>
<kw name="Create Dictionary" owner="BuiltIn">
<msg time="2026-05-19T09:37:34.785023" level="INFO">${update_payload} = {'firstName': 'สมชาย (อัปเดต)', 'lastName': 'อภินันท์', 'email': 'somchai.apinan.2930@example.com', 'nickname': 'ชาย'}</msg>
<var>${update_payload}</var>
<arg>firstName=สมชาย (อัปเดต)</arg>
<arg>lastName=อภินันท์</arg>
<arg>email=${email}</arg>
<arg>nickname=ชาย</arg>
<doc>Creates and returns a dictionary based on the given ``items``.</doc>
<status status="PASS" start="2026-05-19T09:37:34.785023" elapsed="0.000000"/>
</kw>
<kw name="Update Employee via API" owner="employee_api">
<kw name="Send PUT Request Wrapper" owner="api_common">
<kw name="PUT On Session" owner="RequestsLibrary">
<msg time="2026-05-19T09:37:34.851922" level="INFO">PUT Request : url=http://localhost:3001/api/v1/employees/0c2b3a52-5633-42ce-9f3e-a8f49275761e 
 path_url=/api/v1/employees/0c2b3a52-5633-42ce-9f3e-a8f49275761e 
 headers={'User-Agent': 'python-requests/2.32.5', 'Accept-Encoding': 'gzip, deflate', 'Accept': '*/*', 'Connection': 'keep-alive', 'Content-Type': 'application/json', 'Authorization': 'Bearer 4287b80f113f094a6b2ec64c322e5cf12c395d01655f0b71ffe400d51a31fa5ae56754f8ee587b6dd9d8ee8ec5feca3351f01d0b01254248c180614a855b3655', 'x-tenant-id': '3', 'Content-Length': '228'} 
 body=b'{"firstName": "\\u0e2a\\u0e21\\u0e0a\\u0e32\\u0e22 (\\u0e2d\\u0e31\\u0e1b\\u0e40\\u0e14\\u0e15)", "lastName": "\\u0e2d\\u0e20\\u0e34\\u0e19\\u0e31\\u0e19\\u0e17\\u0e4c", "email": "somchai.apinan.2930@example.com", "nickname": "\\u0e0a\\u0e32\\u0e22"}' 
 </msg>
<msg time="2026-05-19T09:37:34.852925" level="INFO">PUT Response : url=http://localhost:3001/api/v1/employees/0c2b3a52-5633-42ce-9f3e-a8f49275761e 
 status=200, reason=OK 
 headers={'X-Powered-By': 'Express', 'Vary': 'Origin', 'Access-Control-Allow-Credentials': 'true', 'Access-Control-Expose-Headers': 'Set-Cookie', 'Content-Type': 'application/json; charset=utf-8', 'Content-Length': '2061', 'ETag': 'W/"80d-Q4ubdA/29jNgMtltVV84a+fC3iU"', 'Date': 'Tue, 19 May 2026 02:37:34 GMT', 'Connection': 'keep-alive', 'Keep-Alive': 'timeout=5'} 
 body={"id":"0c2b3a52-5633-42ce-9f3e-a8f49275761e","tenantId":"3","employeeCode":"DJ2026TEST00001","prefix":null,"firstName":"สมชาย (อัปเดต)","lastName":"อภินันท์","nickname":"ชาย","gender":null,"bloodType":null,"idCardNumber":null,"birthDate":null,"phone":null,"email":"somchai.apinan.2930@example.com","citizenshipType":"thai","nationalityId":null,"profileImageUrl":null,"personalityId":null,"companyId":null,"departmentId":"e8c898ed-b9c1-4464-8dcc-c4b7669a49f2","positionId":"224b2080-0679-459a-82e2-6b011a1cb06b","employeeLevel":null,"employmentTypeId":null,"startDate":null,"socialSecurityRights":null,"endDate":null,"salary":null,"payCycle":null,"employeeStatusId":null,"resignationReason":null,"resignationNote":null,"createdAt":"2026-05-19T02:37:34.000Z","updatedAt":"2026-05-19T02:37:34.000Z","personality":null,"company":null,"department":{"id":"e8c898ed-b9c1-4464-8dcc-c4b7669a49f2","tenantId":"3","code":"QH","nameTh":"ฝ่ายตรวจสอบคุณภาพ (อัปเดต)","nameEn":"Quality Assurance (Updated)","description":"Updated via Robot API Smoke Test","status":"active"},"position":{"id":"224b2080-0679-459a-82e2-6b011a1cb06b","tenantId":"3","code":"PQ","nameTh":"วิศวกรซอฟต์แวร์อาวุโส (อัปเดต)","nameEn":"Senior Software Engineer (Updated)","departmentId":"e8c898ed-b9c1-4464-8dcc-c4b7669a49f2","levelId":null,"description":"Updated via Robot API Smoke Test","status":"active","department":{"id":"e8c898ed-b9c1-4464-8dcc-c4b7669a49f2","tenantId":"3","code":"QH","nameTh":"ฝ่ายตรวจสอบคุณภาพ (อัปเดต)","nameEn":"Quality Assurance (Updated)","description":"Updated via Robot API Smoke Test","status":"active"},"level":null},"employmentType":null,"employeeStatus":null,"nationality":null,"tags":[],"addresses":[],"emergencyContacts":[],"educations":[],"workExperiences":[],"socialSecurityInfos":[],"bankAccounts":[],"vehicles":[],"employeeDocuments":[],"passports":[],"workPermits":[]} 
 </msg>
<msg time="2026-05-19T09:37:34.853446" level="INFO">${response} = &lt;Response [200]&gt;</msg>
<var>${response}</var>
<arg>hr_api</arg>
<arg>${uri}</arg>
<arg>json=${payload}</arg>
<arg>headers=${custom_headers}</arg>
<arg>expected_status=any</arg>
<doc>Sends a PUT request on a previously created HTTP Session.</doc>
<status status="PASS" start="2026-05-19T09:37:34.787018" elapsed="0.066428"/>
</kw>
<kw name="Log" owner="BuiltIn">
<msg time="2026-05-19T09:37:34.855799" level="INFO">PUT Response: 200 - {"id":"0c2b3a52-5633-42ce-9f3e-a8f49275761e","tenantId":"3","employeeCode":"DJ2026TEST00001","prefix":null,"firstName":"สมชาย (อัปเดต)","lastName":"อภินันท์","nickname":"ชาย","gender":null,"bloodType":null,"idCardNumber":null,"birthDate":null,"phone":null,"email":"somchai.apinan.2930@example.com","citizenshipType":"thai","nationalityId":null,"profileImageUrl":null,"personalityId":null,"companyId":null,"departmentId":"e8c898ed-b9c1-4464-8dcc-c4b7669a49f2","positionId":"224b2080-0679-459a-82e2-6b011a1cb06b","employeeLevel":null,"employmentTypeId":null,"startDate":null,"socialSecurityRights":null,"endDate":null,"salary":null,"payCycle":null,"employeeStatusId":null,"resignationReason":null,"resignationNote":null,"createdAt":"2026-05-19T02:37:34.000Z","updatedAt":"2026-05-19T02:37:34.000Z","personality":null,"company":null,"department":{"id":"e8c898ed-b9c1-4464-8dcc-c4b7669a49f2","tenantId":"3","code":"QH","nameTh":"ฝ่ายตรวจสอบคุณภาพ (อัปเดต)","nameEn":"Quality Assurance (Updated)","description":"Updated via Robot API Smoke Test","status":"active"},"position":{"id":"224b2080-0679-459a-82e2-6b011a1cb06b","tenantId":"3","code":"PQ","nameTh":"วิศวกรซอฟต์แวร์อาวุโส (อัปเดต)","nameEn":"Senior Software Engineer (Updated)","departmentId":"e8c898ed-b9c1-4464-8dcc-c4b7669a49f2","levelId":null,"description":"Updated via Robot API Smoke Test","status":"active","department":{"id":"e8c898ed-b9c1-4464-8dcc-c4b7669a49f2","tenantId":"3","code":"QH","nameTh":"ฝ่ายตรวจสอบคุณภาพ (อัปเดต)","nameEn":"Quality Assurance (Updated)","description":"Updated via Robot API Smoke Test","status":"active"},"level":null},"employmentType":null,"employeeStatus":null,"nationality":null,"tags":[],"addresses":[],"emergencyContacts":[],"educations":[],"workExperiences":[],"socialSecurityInfos":[],"bankAccounts":[],"vehicles":[],"employeeDocuments":[],"passports":[],"workPermits":[]}</msg>
<arg>PUT Response: ${response.status_code} - ${response.text}</arg>
<doc>Logs the given message with the given level.</doc>
<status status="PASS" start="2026-05-19T09:37:34.853446" elapsed="0.002353"/>
</kw>
<kw name="Should Be Equal As Integers" owner="BuiltIn">
<msg time="2026-05-19T09:37:34.856806" level="INFO">Argument types are:
&lt;class 'int'&gt;
&lt;class 'str'&gt;</msg>
<arg>${response.status_code}</arg>
<arg>${expected_status}</arg>
<doc>Fails if objects are unequal after converting them to integers.</doc>
<status status="PASS" start="2026-05-19T09:37:34.855799" elapsed="0.001007"/>
</kw>
<return>
<value>${response}</value>
<status status="PASS" start="2026-05-19T09:37:34.856806" elapsed="0.000000"/>
</return>
<msg time="2026-05-19T09:37:34.856806" level="INFO">${response} = &lt;Response [200]&gt;</msg>
<var>${response}</var>
<arg>/employees/${emp_id}</arg>
<arg>${payload}</arg>
<arg>expected_status=200</arg>
<doc>Wraps PUT request and asserts response status code.</doc>
<status status="PASS" start="2026-05-19T09:37:34.786020" elapsed="0.070786"/>
</kw>
<return>
<value>${response.json()}</value>
<status status="PASS" start="2026-05-19T09:37:34.857802" elapsed="0.000000"/>
</return>
<msg time="2026-05-19T09:37:34.858310" level="INFO">${updated} = {'id': '0c2b3a52-5633-42ce-9f3e-a8f49275761e', 'tenantId': '3', 'employeeCode': 'DJ2026TEST00001', 'prefix': None, 'firstName': 'สมชาย (อัปเดต)', 'lastName': 'อภินันท์', 'nickname': 'ชาย', 'gender': N...</msg>
<var>${updated}</var>
<arg>${emp_id}</arg>
<arg>${update_payload}</arg>
<doc>Updates employee profile by ID.</doc>
<status status="PASS" start="2026-05-19T09:37:34.786020" elapsed="0.072290"/>
</kw>
<kw name="Should Be Equal As Strings" owner="BuiltIn">
<arg>${updated}[firstName]</arg>
<arg>สมชาย (อัปเดต)</arg>
<doc>Fails if objects are unequal after converting them to strings.</doc>
<status status="PASS" start="2026-05-19T09:37:34.858310" elapsed="0.001005"/>
</kw>
<kw name="Log To Console" owner="BuiltIn">
<arg>[SUCCESS] Employee CRUD verified successfully!</arg>
<doc>Logs the given message to the console.</doc>
<status status="PASS" start="2026-05-19T09:37:34.859315" elapsed="0.000584"/>
</kw>
<kw name="Log To Console" owner="BuiltIn">
<arg>------------------------------------------------------------</arg>
<doc>Logs the given message to the console.</doc>
<status status="PASS" start="2026-05-19T09:37:34.859899" elapsed="0.001220"/>
</kw>
<kw name="Log" owner="BuiltIn">
<msg time="2026-05-19T09:37:34.861119" level="INFO">Employee CRUD verified successfully!</msg>
<arg>Employee CRUD verified successfully!</arg>
<doc>Logs the given message with the given level.</doc>
<status status="PASS" start="2026-05-19T09:37:34.861119" elapsed="0.000000"/>
</kw>
<doc>Verifies that employees can be created, retrieved, updated, and deleted with department/position bindings.</doc>
<tag>api</tag>
<tag>employee</tag>
<tag>smoke</tag>
<status status="PASS" start="2026-05-19T09:37:34.407825" elapsed="0.454309"/>
</test>
<test id="s1-s1-t4" name="Verify Leave Request and Workflow Operations" line="142">
<kw name="Skip If" owner="BuiltIn">
<arg>'${CREATED_EMP_ID}' == '${None}'</arg>
<arg>Skipping because Employee creation failed.</arg>
<doc>Skips the rest of the current test if the ``condition`` is True.</doc>
<status status="PASS" start="2026-05-19T09:37:34.864400" elapsed="0.000000"/>
</kw>
<kw name="Log To Console" owner="BuiltIn">
<arg>\n------------------------------------------------------------</arg>
<doc>Logs the given message to the console.</doc>
<status status="PASS" start="2026-05-19T09:37:34.864400" elapsed="0.001134"/>
</kw>
<kw name="Log To Console" owner="BuiltIn">
<arg>[START] Testing Leave Request and Workflow Operations...</arg>
<doc>Logs the given message to the console.</doc>
<status status="PASS" start="2026-05-19T09:37:34.866540" elapsed="0.000516"/>
</kw>
<kw name="Log To Console" owner="BuiltIn">
<arg>[STEP 1] Querying active leave types...</arg>
<doc>Logs the given message to the console.</doc>
<status status="PASS" start="2026-05-19T09:37:34.867056" elapsed="0.000000"/>
</kw>
<kw name="Get Active Leave Type Id via API" owner="leave_api">
<kw name="Send GET Request Wrapper" owner="api_common">
<kw name="GET On Session" owner="RequestsLibrary">
<msg time="2026-05-19T09:37:34.928925" level="INFO">GET Request : url=http://localhost:3001/api/v1/leaves/type/list 
 path_url=/api/v1/leaves/type/list 
 headers={'User-Agent': 'python-requests/2.32.5', 'Accept-Encoding': 'gzip, deflate', 'Accept': '*/*', 'Connection': 'keep-alive', 'Content-Type': 'application/json', 'Authorization': 'Bearer 4287b80f113f094a6b2ec64c322e5cf12c395d01655f0b71ffe400d51a31fa5ae56754f8ee587b6dd9d8ee8ec5feca3351f01d0b01254248c180614a855b3655', 'x-tenant-id': '3'} 
 body=None 
 </msg>
<msg time="2026-05-19T09:37:34.928925" level="INFO">GET Response : url=http://localhost:3001/api/v1/leaves/type/list 
 status=200, reason=OK 
 headers={'X-Powered-By': 'Express', 'Vary': 'Origin', 'Access-Control-Allow-Credentials': 'true', 'Access-Control-Expose-Headers': 'Set-Cookie', 'Content-Type': 'application/json; charset=utf-8', 'Content-Length': '50320', 'ETag': 'W/"c490-XHBPuipve29+0rDS3zg17Diosrk"', 'Date': 'Tue, 19 May 2026 02:37:34 GMT', 'Connection': 'keep-alive', 'Keep-Alive': 'timeout=5'} 
 body=[{"id":"b6aa339e-a3c5-4e54-a412-4c9a64500bbf","code":"EARLY","name":"กลับก่อนเวลา","nameEn":"Early","isPaid":false,"requireAttachment":false,"attachmentDeadlineDays":null,"maxDaysPerTime":1,"maxDaysPerYear":30,"carryForward":false,"carryForwardLimit":0,"status":"1","advanceNoticeRuleId":"5cd5a361-34c7-4a09-b21f-5e370a9b708a","advanceNoticeDays":0,"blockedLeaveDates":[],"policies":[{"id":"72c5c582-48b5-40b2-8b4e-39af263b1ff9","leaveTypeId":"b6aa339e-a3c5-4e54-a412-4c9a64500bbf","levelId":"d4805c80-10e1-4d44-b67a-204cf89309f6","departmentId":null,"positionId":null,"minTenureMonths":null,"maxTenureMonths":null,"priority":1,"effectiveFrom":null,"effectiveTo":null,"isActive":true,"yearlyQuota":30,"allowHalfDay":false,"requirePriorDays":0,"level":{"id":"d4805c80-10e1-4d44-b67a-204cf89309f6","name":"ระดับต้น (Junior)"},"department":null,"position":null}],"leaveEntitlements":[{"id":"101a1a63-a9dc-446e-8097-4a95de201f44","employeeId":"af544930-c729-4264-8bde-fcb933001c58","year":2026,"totalQuota":30,"usedQuota":0,"carriedOver":0,"totalQuotaMinutes":14400,"usedQuotaMinutes":0,"carriedOverMinutes":0,"remainingMinutes":14400,"breakdown":{"total":{"totalMinutes":14400,"days":30,"hours":0,"minutes":0},"used":{"totalMinutes":0,"days":0,"hours":0,"minutes":0},"carried":{"totalMinutes":0,"days":0,"hours":0,"minutes":0},"remaining":{"totalMinutes":14400,"days":30,"hours":0,"minutes":0}},"employee":{"id":"af544930-c729-4264-8bde-fcb933001c58","employeeCode":"EMP0101","name":"Aran Sukjai"}},{"id":"455e723d-366c-48d5-ab6b-65af1e529cf3","employeeId":"64795b7c-cdbe-490e-a620-6bdf58a0867c","year":2026,"totalQuota":30,"usedQuota":0,"carriedOver":0,"totalQuotaMinutes":14400,"usedQuotaMinutes":0,"carriedOverMinutes":0,"remainingMinutes":14400,"breakdown":{"total":{"totalMinutes":14400,"days":30,"hours":0,"minutes":0},"used":{"totalMinutes":0,"days":0,"hours":0,"minutes":0},"carried":{"totalMinutes":0,"days":0,"hours":0,"minutes":0},"remaining":{"totalMinutes":14400,"days":30,"hours":0,"minutes":0}},"employee":{"id":"64795b7c-cdbe-490e-a620-6bdf58a0867c","employeeCode":"EMP0102","name":"Kannika Prasert"}},{"id":"54b98115-a906-41f0-badb-c8148aa55ba8","employeeId":"469c9635-55a8-43c0-a5a8-908cd2b03356","year":2026,"totalQuota":30,"usedQuota":0,"carriedOver":0,"totalQuotaMinutes":14400,"usedQuotaMinutes":0,"carriedOverMinutes":0,"remainingMinutes":14400,"breakdown":{"total":{"totalMinutes":14400,"days":30,"hours":0,"minutes":0},"used":{"totalMinutes":0,"days":0,"hours":0,"minutes":0},"carried":{"totalMinutes":0,"days":0,"hours":0,"minutes":0},"remaining":{"totalMinutes":14400,"days":30,"hours":0,"minutes":0}},"employee":{"id":"469c9635-55a8-43c0-a5a8-908cd2b03356","employeeCode":"EMP0103","name":"Nattapol Boonsri"}},{"id":"68763366-9a27-4770-9f12-9c9146beed4f","employeeId":"de83e888-62aa-4e56-8079-a2b3d1b5e736","year":2026,"totalQuota":30,"usedQuota":0,"carriedOver":0,"totalQuotaMinutes":14400,"usedQuotaMinutes":0,"carriedOverMinutes":0,"remainingMinutes":14400,"breakdown":{"total":{"totalMinutes":14400,"days":30,"hours":0,"minutes":0},"used":{"totalMi
[...]
 path_url=/api/v1/salary-records/fe3cccc1-157f-4cf9-b0f3-a57eb7c5d95e 
 headers={'User-Agent': 'python-requests/2.32.5', 'Accept-Encoding': 'gzip, deflate', 'Accept': '*/*', 'Connection': 'keep-alive', 'Content-Type': 'application/json', 'Authorization': 'Bearer 4287b80f113f094a6b2ec64c322e5cf12c395d01655f0b71ffe400d51a31fa5ae56754f8ee587b6dd9d8ee8ec5feca3351f01d0b01254248c180614a855b3655', 'x-tenant-id': '3', 'Content-Length': '0'} 
 body=None 
 </msg>
<msg time="2026-05-19T09:37:35.803246" level="INFO">DELETE Response : url=http://localhost:3001/api/v1/salary-records/fe3cccc1-157f-4cf9-b0f3-a57eb7c5d95e 
 status=200, reason=OK 
 headers={'X-Powered-By': 'Express', 'Vary': 'Origin', 'Access-Control-Allow-Credentials': 'true', 'Access-Control-Expose-Headers': 'Set-Cookie', 'Content-Type': 'application/json; charset=utf-8', 'Content-Length': '172', 'ETag': 'W/"ac-5qD5p0g+dqkpQCRuELwkNU8Bxgk"', 'Date': 'Tue, 19 May 2026 02:37:35 GMT', 'Connection': 'keep-alive', 'Keep-Alive': 'timeout=5'} 
 body={"success":true,"data":{"id":"fe3cccc1-157f-4cf9-b0f3-a57eb7c5d95e"},"message":"ลบบันทึกเงินเดือนเรียบร้อยแล้ว"} 
 </msg>
<msg time="2026-05-19T09:37:35.803246" level="INFO">${response} = &lt;Response [200]&gt;</msg>
<var>${response}</var>
<arg>hr_api</arg>
<arg>${uri}</arg>
<arg>headers=${custom_headers}</arg>
<arg>expected_status=any</arg>
<doc>Sends a DELETE request on a previously created HTTP Session.</doc>
<status status="PASS" start="2026-05-19T09:37:35.780053" elapsed="0.023193"/>
</kw>
<kw name="Log" owner="BuiltIn">
<msg time="2026-05-19T09:37:35.805774" level="INFO">DELETE Response: 200 - {"success":true,"data":{"id":"fe3cccc1-157f-4cf9-b0f3-a57eb7c5d95e"},"message":"ลบบันทึกเงินเดือนเรียบร้อยแล้ว"}</msg>
<arg>DELETE Response: ${response.status_code} - ${response.text}</arg>
<doc>Logs the given message with the given level.</doc>
<status status="PASS" start="2026-05-19T09:37:35.804754" elapsed="0.001020"/>
</kw>
<kw name="Should Be Equal As Integers" owner="BuiltIn">
<msg time="2026-05-19T09:37:35.806774" level="INFO">Argument types are:
&lt;class 'int'&gt;
&lt;class 'str'&gt;</msg>
<arg>${response.status_code}</arg>
<arg>${expected_status}</arg>
<doc>Fails if objects are unequal after converting them to integers.</doc>
<status status="PASS" start="2026-05-19T09:37:35.805774" elapsed="0.001000"/>
</kw>
<return>
<value>${response}</value>
<status status="PASS" start="2026-05-19T09:37:35.806774" elapsed="0.000000"/>
</return>
<msg time="2026-05-19T09:37:35.806774" level="INFO">${response} = &lt;Response [200]&gt;</msg>
<var>${response}</var>
<arg>/salary-records/${sal_rec_id}</arg>
<arg>expected_status=200</arg>
<doc>Wraps DELETE request and asserts response status code.</doc>
<status status="PASS" start="2026-05-19T09:37:35.780053" elapsed="0.027718"/>
</kw>
<return>
<value>${response}</value>
<status status="PASS" start="2026-05-19T09:37:35.807771" elapsed="0.000000"/>
</return>
<arg>${CREATED_SALARY_REC_ID}</arg>
<doc>Deletes a salary record by ID.</doc>
<status status="PASS" start="2026-05-19T09:37:35.780053" elapsed="0.027718"/>
</kw>
<arg>Delete Salary Record via API</arg>
<arg>${CREATED_SALARY_REC_ID}</arg>
<doc>Runs the given keyword with the given arguments and ignores possible error.</doc>
<status status="PASS" start="2026-05-19T09:37:35.779036" elapsed="0.028735"/>
</kw>
<kw name="Log To Console" owner="BuiltIn">
<arg>[CLEANUP] Deleted Salary Record: ${CREATED_SALARY_REC_ID}</arg>
<doc>Logs the given message to the console.</doc>
<status status="PASS" start="2026-05-19T09:37:35.807771" elapsed="0.000505"/>
</kw>
<kw name="Log" owner="BuiltIn">
<msg time="2026-05-19T09:37:35.809278" level="INFO">Deleted Salary Record: fe3cccc1-157f-4cf9-b0f3-a57eb7c5d95e</msg>
<arg>Deleted Salary Record: ${CREATED_SALARY_REC_ID}</arg>
<doc>Logs the given message with the given level.</doc>
<status status="PASS" start="2026-05-19T09:37:35.808276" elapsed="0.001508"/>
</kw>
<status status="PASS" start="2026-05-19T09:37:35.778393" elapsed="0.031391"/>
</branch>
<status status="PASS" start="2026-05-19T09:37:35.778393" elapsed="0.031391"/>
</if>
<if>
<branch type="IF" condition="'${CREATED_EMP_ID}' != '${None}'">
<kw name="Run Keyword And Ignore Error" owner="BuiltIn">
<kw name="Delete Employee via API" owner="employee_api">
<kw name="Send DELETE Request Wrapper" owner="api_common">
<kw name="DELETE On Session" owner="RequestsLibrary">
<msg time="2026-05-19T09:37:35.879999" level="INFO">DELETE Request : url=http://localhost:3001/api/v1/employees/0c2b3a52-5633-42ce-9f3e-a8f49275761e 
 path_url=/api/v1/employees/0c2b3a52-5633-42ce-9f3e-a8f49275761e 
 headers={'User-Agent': 'python-requests/2.32.5', 'Accept-Encoding': 'gzip, deflate', 'Accept': '*/*', 'Connection': 'keep-alive', 'Content-Type': 'application/json', 'Authorization': 'Bearer 4287b80f113f094a6b2ec64c322e5cf12c395d01655f0b71ffe400d51a31fa5ae56754f8ee587b6dd9d8ee8ec5feca3351f01d0b01254248c180614a855b3655', 'x-tenant-id': '3', 'Content-Length': '0'} 
 body=None 
 </msg>
<msg time="2026-05-19T09:37:35.879999" level="INFO">DELETE Response : url=http://localhost:3001/api/v1/employees/0c2b3a52-5633-42ce-9f3e-a8f49275761e 
 status=200, reason=OK 
 headers={'X-Powered-By': 'Express', 'Vary': 'Origin', 'Access-Control-Allow-Credentials': 'true', 'Access-Control-Expose-Headers': 'Set-Cookie', 'Content-Type': 'application/json; charset=utf-8', 'Content-Length': '45', 'ETag': 'W/"2d-g+JPGGsdKOCp0xHbYthOxF/TIk8"', 'Date': 'Tue, 19 May 2026 02:37:35 GMT', 'Connection': 'keep-alive', 'Keep-Alive': 'timeout=5'} 
 body={"id":"0c2b3a52-5633-42ce-9f3e-a8f49275761e"} 
 </msg>
<msg time="2026-05-19T09:37:35.879999" level="INFO">${response} = &lt;Response [200]&gt;</msg>
<var>${response}</var>
<arg>hr_api</arg>
<arg>${uri}</arg>
<arg>headers=${custom_headers}</arg>
<arg>expected_status=any</arg>
<doc>Sends a DELETE request on a previously created HTTP Session.</doc>
<status status="PASS" start="2026-05-19T09:37:35.811196" elapsed="0.068803"/>
</kw>
<kw name="Log" owner="BuiltIn">
<msg time="2026-05-19T09:37:35.881504" level="INFO">DELETE Response: 200 - {"id":"0c2b3a52-5633-42ce-9f3e-a8f49275761e"}</msg>
<arg>DELETE Response: ${response.status_code} - ${response.text}</arg>
<doc>Logs the given message with the given level.</doc>
<status status="PASS" start="2026-05-19T09:37:35.879999" elapsed="0.001505"/>
</kw>
<kw name="Should Be Equal As Integers" owner="BuiltIn">
<msg time="2026-05-19T09:37:35.881504" level="INFO">Argument types are:
&lt;class 'int'&gt;
&lt;class 'str'&gt;</msg>
<arg>${response.status_code}</arg>
<arg>${expected_status}</arg>
<doc>Fails if objects are unequal after converting them to integers.</doc>
<status status="PASS" start="2026-05-19T09:37:35.881504" elapsed="0.001666"/>
</kw>
<return>
<value>${response}</value>
<status status="PASS" start="2026-05-19T09:37:35.883170" elapsed="0.000000"/>
</return>
<msg time="2026-05-19T09:37:35.883170" level="INFO">${response} = &lt;Response [200]&gt;</msg>
<var>${response}</var>
<arg>/employees/${emp_id}</arg>
<arg>expected_status=200</arg>
<doc>Wraps DELETE request and asserts response status code.</doc>
<status status="PASS" start="2026-05-19T09:37:35.809784" elapsed="0.073386"/>
</kw>
<return>
<value>${response}</value>
<status status="PASS" start="2026-05-19T09:37:35.883170" elapsed="0.000000"/>
</return>
<arg>${CREATED_EMP_ID}</arg>
<doc>Deletes an employee profile by ID.</doc>
<status status="PASS" start="2026-05-19T09:37:35.809784" elapsed="0.073386"/>
</kw>
<arg>Delete Employee via API</arg>
<arg>${CREATED_EMP_ID}</arg>
<doc>Runs the given keyword with the given arguments and ignores possible error.</doc>
<status status="PASS" start="2026-05-19T09:37:35.809784" elapsed="0.073386"/>
</kw>
<kw name="Log To Console" owner="BuiltIn">
<arg>[CLEANUP] Deleted Employee: ${CREATED_EMP_ID}</arg>
<doc>Logs the given message to the console.</doc>
<status status="PASS" start="2026-05-19T09:37:35.883170" elapsed="0.001009"/>
</kw>
<kw name="Log" owner="BuiltIn">
<msg time="2026-05-19T09:37:35.884179" level="INFO">Deleted Employee: 0c2b3a52-5633-42ce-9f3e-a8f49275761e</msg>
<arg>Deleted Employee: ${CREATED_EMP_ID}</arg>
<doc>Logs the given message with the given level.</doc>
<status status="PASS" start="2026-05-19T09:37:35.884179" elapsed="0.000000"/>
</kw>
<status status="PASS" start="2026-05-19T09:37:35.809784" elapsed="0.074395"/>
</branch>
<status status="PASS" start="2026-05-19T09:37:35.809784" elapsed="0.074395"/>
</if>
<if>
<branch type="IF" condition="'${CREATED_POS_ID}' != '${None}'">
<kw name="Run Keyword And Ignore Error" owner="BuiltIn">
<kw name="Delete Position via API" owner="position_api">
<kw name="Send DELETE Request Wrapper" owner="api_common">
<kw name="DELETE On Session" owner="RequestsLibrary">
<msg time="2026-05-19T09:37:35.910729" level="INFO">DELETE Request : url=http://localhost:3001/api/v1/positions/224b2080-0679-459a-82e2-6b011a1cb06b 
 path_url=/api/v1/positions/224b2080-0679-459a-82e2-6b011a1cb06b 
 headers={'User-Agent': 'python-requests/2.32.5', 'Accept-Encoding': 'gzip, deflate', 'Accept': '*/*', 'Connection': 'keep-alive', 'Content-Type': 'application/json', 'Authorization': 'Bearer 4287b80f113f094a6b2ec64c322e5cf12c395d01655f0b71ffe400d51a31fa5ae56754f8ee587b6dd9d8ee8ec5feca3351f01d0b01254248c180614a855b3655', 'x-tenant-id': '3', 'Content-Length': '0'} 
 body=None 
 </msg>
<msg time="2026-05-19T09:37:35.910729" level="INFO">DELETE Response : url=http://localhost:3001/api/v1/positions/224b2080-0679-459a-82e2-6b011a1cb06b 
 status=200, reason=OK 
 headers={'X-Powered-By': 'Express', 'Vary': 'Origin', 'Access-Control-Allow-Credentials': 'true', 'Access-Control-Expose-Headers': 'Set-Cookie', 'Content-Type': 'application/json; charset=utf-8', 'Content-Length': '45', 'ETag': 'W/"2d-yx6pjJ1E5zdm0LfyXLjVyimyZ6w"', 'Date': 'Tue, 19 May 2026 02:37:35 GMT', 'Connection': 'keep-alive', 'Keep-Alive': 'timeout=5'} 
 body={"id":"224b2080-0679-459a-82e2-6b011a1cb06b"} 
 </msg>
<msg time="2026-05-19T09:37:35.910729" level="INFO">${response} = &lt;Response [200]&gt;</msg>
<var>${response}</var>
<arg>hr_api</arg>
<arg>${uri}</arg>
<arg>headers=${custom_headers}</arg>
<arg>expected_status=any</arg>
<doc>Sends a DELETE request on a previously created HTTP Session.</doc>
<status status="PASS" start="2026-05-19T09:37:35.886274" elapsed="0.024455"/>
</kw>
<kw name="Log" owner="BuiltIn">
<msg time="2026-05-19T09:37:35.912784" level="INFO">DELETE Response: 200 - {"id":"224b2080-0679-459a-82e2-6b011a1cb06b"}</msg>
<arg>DELETE Response: ${response.status_code} - ${response.text}</arg>
<doc>Logs the given message with the given level.</doc>
<status status="PASS" start="2026-05-19T09:37:35.911786" elapsed="0.000998"/>
</kw>
<kw name="Should Be Equal As Integers" owner="BuiltIn">
<msg time="2026-05-19T09:37:35.913997" level="INFO">Argument types are:
&lt;class 'int'&gt;
&lt;class 'str'&gt;</msg>
<arg>${response.status_code}</arg>
<arg>${expected_status}</arg>
<doc>Fails if objects are unequal after converting them to integers.</doc>
<status status="PASS" start="2026-05-19T09:37:35.912784" elapsed="0.001213"/>
</kw>
<return>
<value>${response}</value>
<status status="PASS" start="2026-05-19T09:37:35.913997" elapsed="0.000000"/>
</return>
<msg time="2026-05-19T09:37:35.913997" level="INFO">${response} = &lt;Response [200]&gt;</msg>
<var>${response}</var>
<arg>/positions/${pos_id}</arg>
<arg>expected_status=200</arg>
<doc>Wraps DELETE request and asserts response status code.</doc>
<status status="PASS" start="2026-05-19T09:37:35.885277" elapsed="0.028720"/>
</kw>
<return>
<value>${response}</value>
<status status="PASS" start="2026-05-19T09:37:35.913997" elapsed="0.000000"/>
</return>
<arg>${CREATED_POS_ID}</arg>
<doc>Deletes a position by ID.</doc>
<status status="PASS" start="2026-05-19T09:37:35.885277" elapsed="0.028720"/>
</kw>
<arg>Delete Position via API</arg>
<arg>${CREATED_POS_ID}</arg>
<doc>Runs the given keyword with the given arguments and ignores possible error.</doc>
<status status="PASS" start="2026-05-19T09:37:35.885277" elapsed="0.028720"/>
</kw>
<kw name="Log To Console" owner="BuiltIn">
<arg>[CLEANUP] Deleted Position: ${CREATED_POS_ID}</arg>
<doc>Logs the given message to the console.</doc>
<status status="PASS" start="2026-05-19T09:37:35.913997" elapsed="0.001139"/>
</kw>
<kw name="Log" owner="BuiltIn">
<msg time="2026-05-19T09:37:35.915136" level="INFO">Deleted Position: 224b2080-0679-459a-82e2-6b011a1cb06b</msg>
<arg>Deleted Position: ${CREATED_POS_ID}</arg>
<doc>Logs the given message with the given level.</doc>
<status status="PASS" start="2026-05-19T09:37:35.915136" elapsed="0.000000"/>
</kw>
<status status="PASS" start="2026-05-19T09:37:35.884179" elapsed="0.030957"/>
</branch>
<status status="PASS" start="2026-05-19T09:37:35.884179" elapsed="0.030957"/>
</if>
<if>
<branch type="IF" condition="'${CREATED_DEPT_ID}' != '${None}'">
<kw name="Run Keyword And Ignore Error" owner="BuiltIn">
<kw name="Delete Department via API" owner="department_api">
<kw name="Send DELETE Request Wrapper" owner="api_common">
<kw name="DELETE On Session" owner="RequestsLibrary">
<msg time="2026-05-19T09:37:35.933191" level="INFO">DELETE Request : url=http://localhost:3001/api/v1/departments/e8c898ed-b9c1-4464-8dcc-c4b7669a49f2 
 path_url=/api/v1/departments/e8c898ed-b9c1-4464-8dcc-c4b7669a49f2 
 headers={'User-Agent': 'python-requests/2.32.5', 'Accept-Encoding': 'gzip, deflate', 'Accept': '*/*', 'Connection': 'keep-alive', 'Content-Type': 'application/json', 'Authorization': 'Bearer 4287b80f113f094a6b2ec64c322e5cf12c395d01655f0b71ffe400d51a31fa5ae56754f8ee587b6dd9d8ee8ec5feca3351f01d0b01254248c180614a855b3655', 'x-tenant-id': '3', 'Content-Length': '0'} 
 body=None 
 </msg>
<msg time="2026-05-19T09:37:35.934227" level="INFO">DELETE Response : url=http://localhost:3001/api/v1/departments/e8c898ed-b9c1-4464-8dcc-c4b7669a49f2 
 status=200, reason=OK 
 headers={'X-Powered-By': 'Express', 'Vary': 'Origin', 'Access-Control-Allow-Credentials': 'true', 'Access-Control-Expose-Headers': 'Set-Cookie', 'Content-Type': 'application/json; charset=utf-8', 'Content-Length': '45', 'ETag': 'W/"2d-fa1/TxtBq6P4wz5Z79UsVVlIw9Y"', 'Date': 'Tue, 19 May 2026 02:37:35 GMT', 'Connection': 'keep-alive', 'Keep-Alive': 'timeout=5'} 
 body={"id":"e8c898ed-b9c1-4464-8dcc-c4b7669a49f2"} 
 </msg>
<msg time="2026-05-19T09:37:35.934227" level="INFO">${response} = &lt;Response [200]&gt;</msg>
<var>${response}</var>
<arg>hr_api</arg>
<arg>${uri}</arg>
<arg>headers=${custom_headers}</arg>
<arg>expected_status=any</arg>
<doc>Sends a DELETE request on a previously created HTTP Session.</doc>
<status status="PASS" start="2026-05-19T09:37:35.919045" elapsed="0.015182"/>
</kw>
<kw name="Log" owner="BuiltIn">
<msg time="2026-05-19T09:37:35.934851" level="INFO">DELETE Response: 200 - {"id":"e8c898ed-b9c1-4464-8dcc-c4b7669a49f2"}</msg>
<arg>DELETE Response: ${response.status_code} - ${response.text}</arg>
<doc>Logs the given message with the given level.</doc>
<status status="PASS" start="2026-05-19T09:37:35.934227" elapsed="0.000624"/>
</kw>
<kw name="Should Be Equal As Integers" owner="BuiltIn">
<msg time="2026-05-19T09:37:35.935913" level="INFO">Argument types are:
&lt;class 'int'&gt;
&lt;class 'str'&gt;</msg>
<arg>${response.status_code}</arg>
<arg>${expected_status}</arg>
<doc>Fails if objects are unequal after converting them to integers.</doc>
<status status="PASS" start="2026-05-19T09:37:35.935913" elapsed="0.000000"/>
</kw>
<return>
<value>${response}</value>
<status status="PASS" start="2026-05-19T09:37:35.935913" elapsed="0.000000"/>
</return>
<msg time="2026-05-19T09:37:35.937030" level="INFO">${response} = &lt;Response [200]&gt;</msg>
<var>${response}</var>
<arg>/departments/${dept_id}</arg>
<arg>expected_status=200</arg>
<doc>Wraps DELETE request and asserts response status code.</doc>
<status status="PASS" start="2026-05-19T09:37:35.917276" elapsed="0.019754"/>
</kw>
<return>
<value>${response}</value>
<status status="PASS" start="2026-05-19T09:37:35.937030" elapsed="0.000000"/>
</return>
<arg>${CREATED_DEPT_ID}</arg>
<doc>Deletes a department by ID.</doc>
<status status="PASS" start="2026-05-19T09:37:35.916691" elapsed="0.020339"/>
</kw>
<arg>Delete Department via API</arg>
<arg>${CREATED_DEPT_ID}</arg>
<doc>Runs the given keyword with the given arguments and ignores possible error.</doc>
<status status="PASS" start="2026-05-19T09:37:35.916691" elapsed="0.020339"/>
</kw>
<kw name="Log To Console" owner="BuiltIn">
<arg>[CLEANUP] Deleted Department: ${CREATED_DEPT_ID}</arg>
<doc>Logs the given message to the console.</doc>
<status status="PASS" start="2026-05-19T09:37:35.937030" elapsed="0.000995"/>
</kw>
<kw name="Log" owner="BuiltIn">
<msg time="2026-05-19T09:37:35.939444" level="INFO">Deleted Department: e8c898ed-b9c1-4464-8dcc-c4b7669a49f2</msg>
<arg>Deleted Department: ${CREATED_DEPT_ID}</arg>
<doc>Logs the given message with the given level.</doc>
<status status="PASS" start="2026-05-19T09:37:35.938025" elapsed="0.001419"/>
</kw>
<status status="PASS" start="2026-05-19T09:37:35.915136" elapsed="0.024308"/>
</branch>
<status status="PASS" start="2026-05-19T09:37:35.915136" elapsed="0.024308"/>
</if>
<kw name="Log To Console" owner="BuiltIn">
<arg>[CLEANUP] Cleanup of Created Test Resources Completed successfully.</arg>
<doc>Logs the given message to the console.</doc>
<status status="PASS" start="2026-05-19T09:37:35.939444" elapsed="0.000000"/>
</kw>
<kw name="Log To Console" owner="BuiltIn">
<arg>------------------------------------------------------------</arg>
<doc>Logs the given message to the console.</doc>
<status status="PASS" start="2026-05-19T09:37:35.939444" elapsed="0.000000"/>
</kw>
<kw name="Log" owner="BuiltIn">
<msg time="2026-05-19T09:37:35.939444" level="INFO">Cleanup of Created Test Resources Completed successfully.</msg>
<arg>Cleanup of Created Test Resources Completed successfully.</arg>
<doc>Logs the given message with the given level.</doc>
<status status="PASS" start="2026-05-19T09:37:35.939444" elapsed="0.001508"/>
</kw>
<doc>Deletes all created test resources in reverse order of creation to prevent foreign key constraint issues.</doc>
<status status="PASS" start="2026-05-19T09:37:35.774898" elapsed="0.166054"/>
</kw>
<doc>System-Wide E2E API Smoke Testing Suite for HRPlus Backend</doc>
<status status="PASS" start="2026-05-19T09:37:34.073404" elapsed="1.867548"/>
</suite>
<status status="PASS" start="2026-05-19T09:37:34.049862" elapsed="1.892358"/>
</suite>
<statistics>
<total>
<stat pass="5" fail="0" skip="0">All Tests</stat>
</total>
<tag>
<stat pass="5" fail="0" skip="0">api</stat>
<stat pass="1" fail="0" skip="0">department</stat>
<stat pass="1" fail="0" skip="0">employee</stat>
<stat pass="1" fail="0" skip="0">leave</stat>
<stat pass="1" fail="0" skip="0">payroll</stat>
<stat pass="1" fail="0" skip="0">position</stat>
<stat pass="1" fail="0" skip="0">salary</stat>
<stat pass="5" fail="0" skip="0">smoke</stat>
<stat pass="1" fail="0" skip="0">workflow</stat>
</tag>
<suite>
<stat name="Smoke" id="s1" pass="5" fail="0" skip="0">Smoke</stat>
<stat name="Smoke Api Tests" id="s1-s1" pass="5" fail="0" skip="0">Smoke.Smoke Api Tests</stat>
</suite>
</statistics>
<errors>
<msg time="2026-05-19T09:37:34.180266" level="ERROR">Error in file 'C:\Users\User\Desktop\Naluephan1\saas\hrplus\tests\resources\keywords\api_common.resource' on line 5: Importing library 'JSONLibrary' failed: ModuleNotFoundError: No module named 'JSONLibrary'
Traceback (most recent call last):
  None
PYTHONPATH:
  C:\Users\User\AppData\Local\Programs\Python\Python312\Scripts\robot.exe
  C:\Users\User\AppData\Local\Programs\Python\Python312\python312.zip
  C:\Users\User\AppData\Local\Programs\Python\Python312\DLLs
  C:\Users\User\AppData\Local\Programs\Python\Python312\Lib
  C:\Users\User\AppData\Local\Programs\Python\Python312
  C:\Users\User\AppData\Local\Programs\Python\Python312\Lib\site-packages</msg>
</errors>
</robot>
