<?xml version="1.0" encoding="UTF-8"?>
<robot generator="Robot 7.4.1 (Python 3.12.10 on win32)" generated="2026-02-10T11:19:50.851738" rpa="false" schemaversion="5">
<suite id="s1" name="Settings Suite" source="C:\Users\User\Desktop\Naluephan1\saas\hrplus\tests\test_suites\settings_suite.robot">
<test id="s1-t1" name="Verify Benefits Page" line="37">
<kw name="Run Keywords" owner="BuiltIn" type="SETUP">
<kw name="Open HR Plus Application" owner="common">
<kw name="Start Browser" owner="browser">
<kw name="New Browser" owner="Browser">
<msg time="2026-02-10T11:19:51.387823" level="INFO">{"browser": "chromium", "headless": false, "chromiumSandbox": false, "devtools": false, "handleSIGHUP": true, "handleSIGINT": true, "handleSIGTERM": true, "slowMo": 0.0, "timeout": 30000.0, "tracesDir": "C:\\Users\\User\\Desktop\\Naluephan1\\saas\\hrplus\\reports\\settings\\browser\\traces\\temp\\7c0c7292-fece-40d9-af8c-c2a13b56c560"}</msg>
<msg time="2026-02-10T11:19:51.458669" level="INFO">Starting Browser process C:\Users\User\Desktop\Naluephan1\saas\hrplus\.venv\Lib\site-packages\Browser\wrapper\index.js using at 127.0.0.1:62512</msg>
<msg time="2026-02-10T11:19:54.414488" level="INFO">Successfully created browser with options: {"browser":"chromium","headless":false,"chromiumSandbox":false,"devtools":false,"handleSIGHUP":true,"handleSIGINT":true,"handleSIGTERM":true,"slowMo":0,"timeout":30000,"tracesDir":"C:\\Users\\User\\Desktop\\Naluephan1\\saas\\hrplus\\reports\\settings\\browser\\traces\\temp\\7c0c7292-fece-40d9-af8c-c2a13b56c560"}</msg>
<arg>browser=${BROWSER}</arg>
<arg>headless=${headless}</arg>
<tag>BrowserControl</tag>
<tag>Setter</tag>
<doc>Create a new playwright Browser with specified options.</doc>
<status status="PASS" start="2026-02-10T11:19:51.386317" elapsed="3.028519"/>
</kw>
<kw name="Evaluate" owner="BuiltIn">
<msg time="2026-02-10T11:19:54.418810" level="INFO">${session_dir} = C:\Users\User\Desktop\Naluephan1\saas\hrplus\tests\resources\../../.auth</msg>
<var>${session_dir}</var>
<arg>os.path.dirname(r"${SESSION_PATH}")</arg>
<arg>modules=os</arg>
<doc>Evaluates the given expression in Python and returns the result.</doc>
<status status="PASS" start="2026-02-10T11:19:54.415345" elapsed="0.003465"/>
</kw>
<kw name="Create Directory" owner="OperatingSystem">
<msg time="2026-02-10T11:19:54.420450" level="INFO" html="true">Directory '&lt;a href="file://C:\Users\User\Desktop\Naluephan1\saas\hrplus\.auth"&gt;C:\Users\User\Desktop\Naluephan1\saas\hrplus\.auth&lt;/a&gt;' already exists.</msg>
<arg>${session_dir}</arg>
<doc>Creates the specified directory.</doc>
<status status="PASS" start="2026-02-10T11:19:54.419444" elapsed="0.001006"/>
</kw>
<kw name="Run Keyword And Return Status" owner="BuiltIn">
<kw name="File Should Exist" owner="OperatingSystem">
<msg time="2026-02-10T11:19:54.422937" level="INFO" html="true">File '&lt;a href="file://C:\Users\User\Desktop\Naluephan1\saas\hrplus\.auth\admin_state.json"&gt;C:\Users\User\Desktop\Naluephan1\saas\hrplus\.auth\admin_state.json&lt;/a&gt;' exists.</msg>
<arg>${SESSION_PATH}</arg>
<doc>Fails unless the given ``path`` points to an existing file.</doc>
<status status="PASS" start="2026-02-10T11:19:54.421820" elapsed="0.001460"/>
</kw>
<msg time="2026-02-10T11:19:54.423280" level="INFO">${session_exists} = True</msg>
<var>${session_exists}</var>
<arg>File Should Exist</arg>
<arg>${SESSION_PATH}</arg>
<doc>Runs the specified keyword and returns the status as a Boolean value.</doc>
<status status="PASS" start="2026-02-10T11:19:54.420958" elapsed="0.002829"/>
</kw>
<if>
<branch type="IF" condition="${load_session} and ${session_exists}">
<kw name="New Context" owner="Browser">
<msg time="2026-02-10T11:19:54.431931" level="INFO">{
  "acceptDownloads": true,
  "bypassCSP": false,
  "forcedColors": "none",
  "ignoreHTTPSErrors": false,
  "javaScriptEnabled": true,
  "offline": false,
  "reducedMotion": "no-preference",
  "serviceWorkers": "allow",
  "storageState": "C:\\Users\\User\\Desktop\\Naluephan1\\saas\\hrplus\\tests\\resources\\../../.auth/admin_state.json",
  "viewport": {
    "width": 1280,
    "height": 720
  }
}</msg>
<msg time="2026-02-10T11:19:55.699162" level="INFO">Successfully created context. </msg>
<msg time="2026-02-10T11:19:55.699162" level="INFO">{'acceptDownloads': True, 'bypassCSP': False, 'forcedColors': 'none', 'ignoreHTTPSErrors': False, 'javaScriptEnabled': True, 'offline': False, 'reducedMotion': 'no-preference', 'serviceWorkers': 'allow', 'storageState': 'C:\\Users\\User\\Desktop\\Naluephan1\\saas\\hrplus\\tests\\resources\\../../.auth/admin_state.json', 'viewport': {'width': 1280, 'height': 720}}</msg>
<arg>viewport={'width': 1280, 'height': 720}</arg>
<arg>storageState=${SESSION_PATH}</arg>
<tag>BrowserControl</tag>
<tag>Setter</tag>
<doc>Create a new BrowserContext with specified options.</doc>
<status status="PASS" start="2026-02-10T11:19:54.425302" elapsed="1.274868"/>
</kw>
<kw name="Log" owner="BuiltIn">
<msg time="2026-02-10T11:19:55.701676" level="INFO">Loaded session from C:\Users\User\Desktop\Naluephan1\saas\hrplus\tests\resources\../../.auth/admin_state.json</msg>
<arg>Loaded session from ${SESSION_PATH}</arg>
<doc>Logs the given message with the given level.</doc>
<status status="PASS" start="2026-02-10T11:19:55.700170" elapsed="0.001506"/>
</kw>
<status status="PASS" start="2026-02-10T11:19:54.423787" elapsed="1.278896"/>
</branch>
<branch type="ELSE">
<kw name="New Context" owner="Browser">
<arg>viewport={'width': 1280, 'height': 720}</arg>
<tag>BrowserControl</tag>
<tag>Setter</tag>
<doc>Create a new BrowserContext with specified options.</doc>
<status status="NOT RUN" start="2026-02-10T11:19:55.704704" elapsed="0.000000"/>
</kw>
<kw name="Log" owner="BuiltIn">
<arg>Starting fresh context (Session loaded: ${load_session}, Exists: ${session_exists})</arg>
<doc>Logs the given message with the given level.</doc>
<status status="NOT RUN" start="2026-02-10T11:19:55.705701" elapsed="0.000824"/>
</kw>
<status status="NOT RUN" start="2026-02-10T11:19:55.702683" elapsed="0.004349"/>
</branch>
<status status="PASS" start="2026-02-10T11:19:54.423787" elapsed="1.283245"/>
</if>
<kw name="New Page" owner="Browser">
<msg time="2026-02-10T11:20:18.621375" level="INFO">Successfully initialized new page object and opened url: http://localhost:8001</msg>
<arg>${url}</arg>
<tag>BrowserControl</tag>
<tag>Setter</tag>
<doc>Open a new Page.</doc>
<status status="PASS" start="2026-02-10T11:19:55.707694" elapsed="22.914200"/>
</kw>
<arg>${URL}</arg>
<arg>load_session=${load_session}</arg>
<status status="PASS" start="2026-02-10T11:19:51.385310" elapsed="27.237094"/>
</kw>
<status status="PASS" start="2026-02-10T11:19:51.384307" elapsed="27.238097"/>
</kw>
<kw name="Login To Application" owner="common">
<kw name="Go To" owner="Browser">
<msg time="2026-02-10T11:20:19.742583" level="INFO">Successfully opened URL http://localhost:8001/login</msg>
<arg>${URL}/login</arg>
<tag>BrowserControl</tag>
<tag>Setter</tag>
<doc>Navigates to the given ``url``.</doc>
<status status="PASS" start="2026-02-10T11:20:18.622920" elapsed="1.119663"/>
</kw>
<kw name="Get Url" owner="Browser">
<msg time="2026-02-10T11:20:19.748874" level="INFO">${url} = http://localhost:8001/login</msg>
<var>${url}</var>
<tag>Assertion</tag>
<tag>Getter</tag>
<tag>PageContent</tag>
<doc>Returns the current URL.</doc>
<status status="PASS" start="2026-02-10T11:20:19.742583" elapsed="0.006291"/>
</kw>
<kw name="Run Keyword And Return Status" owner="BuiltIn">
<kw name="Should Contain" owner="BuiltIn">
<msg time="2026-02-10T11:20:19.752563" level="FAIL">'http://localhost:8001/login' does not contain '/dashboard'</msg>
<arg>${url}</arg>
<arg>/dashboard</arg>
<doc>Fails if ``container`` does not contain ``item`` one or more times.</doc>
<status status="FAIL" start="2026-02-10T11:20:19.750446" elapsed="0.002117">'http://localhost:8001/login' does not contain '/dashboard'</status>
</kw>
<msg time="2026-02-10T11:20:19.752563" level="INFO">${is_dashboard} = False</msg>
<var>${is_dashboard}</var>
<arg>Should Contain</arg>
<arg>${url}</arg>
<arg>/dashboard</arg>
<doc>Runs the specified keyword and returns the status as a Boolean value.</doc>
<status status="PASS" start="2026-02-10T11:20:19.749438" elapsed="0.003125"/>
</kw>
<if>
<branch type="IF" condition="not ${is_dashboard}">
<kw name="Wait For Elements State" owner="Browser">
<msg time="2026-02-10T11:20:19.806488" level="INFO">Waited for Element with selector id=login-email at state visible</msg>
<arg>id=login-email</arg>
<arg>visible</arg>
<arg>timeout=30s</arg>
<tag>PageContent</tag>
<tag>Wait</tag>
<doc>Waits for the element found by ``selector`` to satisfy state option.</doc>
<status status="PASS" start="2026-02-10T11:20:19.752563" elapsed="0.053925"/>
</kw>
<kw name="Fill Text" owner="Browser">
<msg time="2026-02-10T11:20:19.808312" level="INFO">Fills the text 'ops@central.local' in the given field.</msg>
<arg>id=login-email</arg>
<arg>${LOGIN_EMAIL}</arg>
<tag>PageContent</tag>
<tag>Setter</tag>
<doc>Clears and fills the given ``txt`` into the text field found by ``selector``.</doc>
<status status="PASS" start="2026-02-10T11:20:19.807265" elapsed="0.063145"/>
</kw>
<kw name="Fill Text" owner="Browser">
<msg time="2026-02-10T11:20:19.873216" level="INFO">Fills the text 'ChangeMe123!' in the given field.</msg>
<arg>id=login-password</arg>
<arg>${LOGIN_PASSWORD}</arg>
<tag>PageContent</tag>
<tag>Setter</tag>
<doc>Clears and fills the given ``txt`` into the text field found by ``selector``.</doc>
<status status="PASS" start="2026-02-10T11:20:19.871415" elapsed="0.025089"/>
</kw>
<kw name="Wait For Elements State" owner="Browser">
<msg time="2026-02-10T11:20:19.933307" level="INFO">Waited for Element with selector xpath=//button[@type='submit'] at state enabled</msg>
<arg>xpath=//button[@type='submit']</arg>
<arg>enabled</arg>
<arg>timeout=30s</arg>
<tag>PageContent</tag>
<tag>Wait</tag>
<doc>Waits for the element found by ``selector`` to satisfy state option.</doc>
<status status="PASS" start="2026-02-10T11:20:19.897510" elapsed="0.035797"/>
</kw>
<kw name="Click" owner="Browser">
<msg time="2026-02-10T11:20:19.934821" level="INFO">Clicks the element 'xpath=//button[@type='submit']'.</msg>
<arg>xpath=//button[@type='submit']</arg>
<tag>PageContent</tag>
<tag>Setter</tag>
<doc>Simulates mouse click on the element found by ``selector``.</doc>
<status status="PASS" start="2026-02-10T11:20:19.933307" elapsed="0.048888"/>
</kw>
<kw name="Wait Until Keyword Succeeds" owner="BuiltIn">
<kw name="Check Url" owner="common">
<kw name="Get Url" owner="Browser">
<msg time="2026-02-10T11:20:19.991814" level="INFO">${url} = http://localhost:8001/login</msg>
<var>${url}</var>
<tag>Assertion</tag>
<tag>Getter</tag>
<tag>PageContent</tag>
<doc>Returns the current URL.</doc>
<status status="PASS" start="2026-02-10T11:20:19.984699" elapsed="0.007115"/>
</kw>
<kw name="Should Contain" owner="BuiltIn">
<msg time="2026-02-10T11:20:19.993046" level="FAIL">'http://localhost:8001/login' does not contain '/dashboard'</msg>
<arg>${url}</arg>
<arg>${expected_path}</arg>
<doc>Fails if ``container`` does not contain ``item`` one or more times.</doc>
<status status="FAIL" start="2026-02-10T11:20:19.992323" elapsed="0.001729">'http://localhost:8001/login' does not contain '/dashboard'</status>
</kw>
<arg>/dashboard</arg>
<status status="FAIL" start="2026-02-10T11:20:19.983193" elapsed="0.010859">'http://localhost:8001/login' does not contain '/dashboard'</status>
</kw>
<kw name="Check Url" owner="common">
<kw name="Get Url" owner="Browser">
<msg time="2026-02-10T11:20:21.001072" level="INFO">${url} = http://localhost:8001/login</msg>
<var>${url}</var>
<tag>Assertion</tag>
<tag>Getter</tag>
<tag>PageContent</tag>
<doc>Returns the current URL.</doc>
<status status="PASS" start="2026-02-10T11:20:20.994822" elapsed="0.006250"/>
</kw>
<kw name="Should Contain" owner="BuiltIn">
<msg time="2026-02-10T11:20:21.002605" level="FAIL">'http://localhost:8001/login' does not contain '/dashboard'</msg>
<arg>${url}</arg>
<arg>${expected_path}</arg>
<doc>Fails if ``container`` does not contain ``item`` one or more times.</doc>
<status status="FAIL" start="2026-02-10T11:20:21.002086" elapsed="0.000519">'http://localhost:8001/login' does not contain '/dashboard'</status>
</kw>
<arg>/dashboard</arg>
<status status="FAIL" start="2026-02-10T11:20:20.994288" elapsed="0.008317">'http://localhost:8001/login' does not contain '/dashboard'</status>
</kw>
<kw name="Check Url" owner="common">
<kw name="Get Url" owner="Browser">
<msg time="2026-02-10T11:20:22.008332" level="INFO">${url} = http://localhost:8001/login</msg>
<var>${url}</var>
<tag>Assertion</tag>
<tag>Getter</tag>
<tag>PageContent</tag>
<doc>Returns the current URL.</doc>
<status status="PASS" start="2026-02-10T11:20:22.004134" elapsed="0.004198"/>
</kw>
<kw name="Should Contain" owner="BuiltIn">
<msg time="2026-02-10T11:20:22.010390" level="FAIL">'http://localhost:8001/login' does not contain '/dashboard'</msg>
<arg>${url}</arg>
<arg>${expected_path}</arg>
<doc>Fails if ``container`` does not contain ``item`` one or more times.</doc>
<status status="FAIL" start="2026-02-10T11:20:22.008332" elapsed="0.002058">'http://localhost:8001/login' does not contain '/dashboard'</status>
</kw>
<arg>/dashboard</arg>
<status status="FAIL" start="2026-02-10T11:20:22.003119" elapsed="0.007817">'http://localhost:8001/login' does not contain '/dashboard'</status>
</kw>
<kw name="Check Url" owner="common">
<kw name="Get Url" owner="Browser">
<msg time="2026-02-10T11:20:23.015385" level="INFO">${url} = http://localhost:8001/login</msg>
<var>${url}</var>
<tag>Assertion</tag>
<tag>Getter</tag>
<tag>PageContent</tag>
<doc>Returns the current URL.</doc>
<status status="PASS" start="2026-02-10T11:20:23.011216" elapsed="0.004169"/>
</kw>
<kw name="Should Contain" owner="BuiltIn">
<msg time="2026-02-10T11:20:23.017865" level="FAIL">'http://localhost:8001/login' does not contain '/dashboard'</msg>
<arg>${url}</arg>
<arg>${expected_path}</arg>
<doc>Fails if ``container`` does not contain ``item`` one or more times.</doc>
<status status="FAIL" start="2026-02-10T11:20:23.015385" elapsed="0.002480">'http://localhost:8001/login' does not contain '/dashboard'</status>
</kw>
<arg>/dashboard</arg>
<status status="FAIL" start="2026-02-10T11:20:23.011216" elapsed="0.007153">'http://localhost:8001/login' does not contain '/dashboard'</status>
</kw>
<kw name="Check Url" owner="common">
<kw name="Get Url" owner="Browser">
<msg time="2026-02-10T11:20:24.027510" level="INFO">${url} = http://localhost:8001/dashboard</msg>
<var>${url}</var>
<tag>Assertion</tag>
<tag>Getter</tag>
<tag>PageContent</tag>
<doc>Returns the current URL.</doc>
<status status="PASS" start="2026-02-10T11:20:24.020238" elapsed="0.008276"/>
</kw>
<kw name="Should Contain" owner="BuiltIn">
<arg>${url}</arg>
<arg>${expected_path}</arg>
<doc>Fails if ``container`` does not contain ``item`` one or more times.</doc>
<status status="PASS" start="2026-02-10T11:20:24.028514" elapsed="0.001051"/>
</kw>
<arg>/dashboard</arg>
<status status="PASS" start="2026-02-10T11:20:24.018881" elapsed="0.010684"/>
</kw>
<arg>60s</arg>
<arg>1s</arg>
<arg>Check Url</arg>
<arg>/dashboard</arg>
<doc>Runs the specified keyword and retries if it fails.</doc>
<status status="PASS" start="2026-02-10T11:20:19.983193" elapsed="4.046372"/>
</kw>
<kw name="Save Current Session" owner="browser">
<kw name="Save Storage State" owner="Browser">
<msg time="2026-02-10T11:20:24.207204" level="INFO">Current context state is saved to: C:\Users\User\Desktop\Naluephan1\saas\hrplus\reports\settings\browser\state\1bcb5a28-4543-4946-909d-7b2843e39ad3.json</msg>
<msg time="2026-02-10T11:20:24.207204" level="INFO">${temp_state} = C:\Users\User\Desktop\Naluephan1\saas\hrplus\reports\settings\browser\state\1bcb5a28-4543-4946-909d-7b2843e39ad3.json</msg>
<var>${temp_state}</var>
<tag>BrowserControl</tag>
<tag>Getter</tag>
<doc>Saves the current active context storage state to a file.</doc>
<status status="PASS" start="2026-02-10T11:20:24.032092" elapsed="0.175112"/>
</kw>
<kw name="Move File" owner="OperatingSystem">
<msg time="2026-02-10T11:20:24.219826" level="INFO" html="true">Moved file from '&lt;a href="file://C:\Users\User\Desktop\Naluephan1\saas\hrplus\reports\settings\browser\state\1bcb5a28-4543-4946-909d-7b2843e39ad3.json"&gt;C:\Users\User\Desktop\Naluephan1\saas\hrplus\reports\settings\browser\state\1bcb5a28-4543-4946-909d-7b2843e39ad3.json&lt;/a&gt;' to '&lt;a href="file://C:\Users\User\Desktop\Naluephan1\saas\hrplus\.auth\admin_state.json"&gt;C:\Users\User\Desktop\Naluephan1\saas\hrplus\.auth\admin_state.json&lt;/a&gt;'.</msg>
<arg>${temp_state}</arg>
<arg>${SESSION_PATH}</arg>
<doc>Moves the source file into the destination.</doc>
<status status="PASS" start="2026-02-10T11:20:24.208212" elapsed="0.012236"/>
</kw>
<kw name="Log" owner="BuiltIn">
<msg time="2026-02-10T11:20:24.222205" level="INFO">Saved session to C:\Users\User\Desktop\Naluephan1\saas\hrplus\tests\resources\../../.auth/admin_state.json</msg>
<arg>Saved session to ${SESSION_PATH}</arg>
<doc>Logs the given message with the given level.</doc>
<status status="PASS" start="2026-02-10T11:20:24.220448" elapsed="0.001757"/>
</kw>
<doc>Saves the current browser context state (cookies, local storage) to a file.</doc>
<status status="PASS" start="2026-02-10T11:20:24.030573" elapsed="0.191632"/>
</kw>
<status status="PASS" start="2026-02-10T11:20:19.752563" elapsed="4.470290"/>
</branch>
<branch type="ELSE">
<kw name="Log" owner="BuiltIn">
<arg>Already logged in via session.</arg>
<doc>Logs the given message with the given level.</doc>
<status status="NOT RUN" start="2026-02-10T11:20:24.224481" elapsed="0.000000"/>
</kw>
<status status="NOT RUN" start="2026-02-10T11:20:24.222853" elapsed="0.002243"/>
</branch>
<status status="PASS" start="2026-02-10T11:20:19.752563" elapsed="4.472881"/>
</if>
<status status="PASS" start="2026-02-10T11:20:18.622920" elapsed="5.602524"/>
</kw>
<arg>Open HR Plus Application</arg>
<arg>AND</arg>
<arg>Login To Application</arg>
<doc>Executes all the given keywords in a sequence.</doc>
<status status="PASS" start="2026-02-10T11:19:51.382803" elapsed="32.842641"/>
</kw>
<kw name="Go To" owner="Browser">
<msg time="2026-02-10T11:20:48.656781" level="INFO">Successfully opened URL http://localhost:8001/settings/benefits</msg>
<arg>${URL}/settings/benefits</arg>
<tag>BrowserControl</tag>
<tag>Setter</tag>
<doc>Navigates to the given ``url``.</doc>
<status status="PASS" start="2026-02-10T11:20:24.226460" elapsed="24.430839"/>
</kw>
<kw name="Wait For Elements State" owner="Browser">
<msg time="2026-02-10T11:20:48.725610" level="INFO">Waited for Element with selector css=[data-testid="settings.benefits.page.root"] at state visible</msg>
<arg>css=[data-testid="settings.benefits.page.root"]</arg>
<arg>visible</arg>
<arg>timeout=30s</arg>
<tag>PageContent</tag>
<tag>Wait</tag>
<doc>Waits for the element found by ``selector`` to satisfy state option.</doc>
<status status="PASS" start="2026-02-10T11:20:48.658307" elapsed="0.067303"/>
</kw>
<kw name="Wait For Elements State" owner="Browser">
<msg time="2026-02-10T11:20:48.749409" level="INFO">Waited for Element with selector css=[data-testid="settings.benefits.add.button"] at state visible</msg>
<arg>css=[data-testid="settings.benefits.add.button"]</arg>
<arg>visible</arg>
<tag>PageContent</tag>
<tag>Wait</tag>
<doc>Waits for the element found by ``selector`` to satisfy state option.</doc>
<status status="PASS" start="2026-02-10T11:20:48.726615" elapsed="0.022794"/>
</kw>
<kw name="Close Application" owner="browser" type="TEARDOWN">
<kw name="Close Browser" owner="Browser">
<msg time="2026-02-10T11:20:49.325295" level="INFO">Closed browser</msg>
<tag>BrowserControl</tag>
<tag>Setter</tag>
<doc>Closes the current browser.</doc>
<status status="PASS" start="2026-02-10T11:20:48.751881" elapsed="0.573414"/>
</kw>
<status status="PASS" start="2026-02-10T11:20:48.750417" elapsed="0.576496"/>
</kw>
<doc>Verify that the Benefits management page loads and displays key elements.</doc>
<tag>benefits</tag>
<tag>critical</tag>
<tag>settings</tag>
<status status="PASS" start="2026-02-10T11:19:51.380800" elapsed="57.946113"/>
</test>
<test id="s1-t2" name="Create Benefit" line="46">
<kw name="Run Keywords" owner="BuiltIn" type="SETUP">
<kw name="Open HR Plus Application" owner="common">
<kw name="Start Browser" owner="browser">
<kw name="New Browser" owner="Browser">
<msg time="2026-02-10T11:20:49.358200" level="INFO">{"browser": "chromium", "headless": false, "chromiumSandbox": false, "devtools": false, "handleSIGHUP": true, "handleSIGINT": true, "handleSIGTERM": true, "slowMo": 0.0, "timeout": 30000.0, "tracesDir": "C:\\Users\\User\\Desktop\\Naluephan1\\saas\\hrplus\\reports\\settings\\browser\\traces\\temp\\c8994b89-4e34-4dfe-a8d2-a41a10e8c2c8"}</msg>
<msg time="2026-02-10T11:20:49.724784" level="INFO">Successfully created browser with options: {"browser":"chromium","headless":false,"chromiumSandbox":false,"devtools":false,"handleSIGHUP":true,"handleSIGINT":true,"handleSIGTERM":true,"slowMo":0,"timeout":30000,"tracesDir":"C:\\Users\\User\\Desktop\\Naluephan1\\saas\\hrplus\\reports\\settings\\browser\\traces\\temp\\c8994b89-4e34-4dfe-a8d2-a41a10e8c2c8"}</msg>
<arg>browser=${BROWSER}</arg>
<arg>headless=${headless}</arg>
<tag>BrowserControl</tag>
<tag>Setter</tag>
<doc>Create a new playwright Browser with specified options.</doc>
<status status="PASS" start="2026-02-10T11:20:49.357192" elapsed="0.367592"/>
</kw>
<kw name="Evaluate" owner="BuiltIn">
<msg time="2026-02-10T11:20:49.726808" level="INFO">${session_dir} = C:\Users\User\Desktop\Naluephan1\saas\hrplus\tests\resources\../../.auth</msg>
<var>${session_dir}</var>
<arg>os.path.dirname(r"${SESSION_PATH}")</arg>
<arg>modules=os</arg>
<doc>Evaluates the given expression in Python and returns the result.</doc>
<status status="PASS" start="2026-02-10T11:20:49.725792" elapsed="0.001016"/>
</kw>
<kw name="Create Directory" owner="OperatingSystem">
<msg time="2026-02-10T11:20:49.727816" level="INFO" html="true">Directory '&lt;a href="file://C:\Users\User\Desktop\Naluephan1\saas\hrplus\.auth"&gt;C:\Users\User\Desktop\Naluephan1\saas\hrplus\.auth&lt;/a&gt;' already exists.</msg>
<arg>${session_dir}</arg>
<doc>Creates the specified directory.</doc>
<status status="PASS" start="2026-02-10T11:20:49.726808" elapsed="0.001008"/>
</kw>
<kw name="Run Keyword And Return Status" owner="BuiltIn">
<kw name="File Should Exist" owner="OperatingSystem">
<msg time="2026-02-10T11:20:49.729615" level="INFO" html="true">File '&lt;a href="file://C:\Users\User\Desktop\Naluephan1\saas\hrplus\.auth\admin_state.json"&gt;C:\Users\User\Desktop\Naluephan1\saas\hrplus\.auth\admin_state.json&lt;/a&gt;' exists.</msg>
<arg>${SESSION_PATH}</arg>
<doc>Fails unless the given ``path`` points to an existing file.</doc>
<status status="PASS" start="2026-02-10T11:20:49.729090" elapsed="0.000525"/>
</kw>
<msg time="2026-02-10T11:20:49.729615" level="INFO">${session_exists} = True</msg>
<var>${session_exists}</var>
<arg>File Should Exist</arg>
<arg>${SESSION_PATH}</arg>
<doc>Runs the specified keyword and returns the status as a Boolean value.</doc>
<status status="PASS" start="2026-02-10T11:20:49.728556" elapsed="0.001059"/>
</kw>
<if>
<branch type="IF" condition="${load_session} and ${session_exists}">
<kw name="New Context" owner="Browser">
<msg time="2026-02-10T11:20:49.735822" level="INFO">{
  "acceptDownloads": true,
  "bypassCSP": false,
  "forcedColors": "none",
  "ignoreHTTPSErrors": false,
  "javaScriptEnabled": true,
  "offline": false,
  "reducedMotion": "no-preference",
  "serviceWorkers": "allow",
  "storageState": "C:\\Users\\User\\Desktop\\Naluephan1\\saas\\hrplus\\tests\\resources\\../../.auth/admin_state.json",
  "viewport": {
    "width": 1280,
    "height": 720
  }
}</msg>
<msg time="2026-02-10T11:20:50.365267" level="INFO">Successfully created context. </msg>
<msg time="2026-02-10T11:20:50.366275" level="INFO">{'acceptDownloads': True, 'bypassCSP': False, 'forcedColors': 'none', 'ignoreHTTPSErrors': False, 'javaScriptEnabled': True, 'offline': False, 'reducedMotion': 'no-preference', 'serviceWorkers': 'allow', 'storageState': 'C:\\Users\\User\\Desktop\\Naluephan1\\saas\\hrplus\\tests\\resources\\../../.auth/admin_state.json', 'viewport': {'width': 1280, 'height': 720}}</msg>
<arg>viewport={'width': 1280, 'height': 720}</arg>
<arg>storageState=${SESSION_PATH}</arg>
<tag>BrowserControl</tag>
<tag>Setter</tag>
<doc>Create a new BrowserContext with specified options.</doc>
<status status="PASS" start="2026-02-10T11:20:49.730134" elapsed="0.636647"/>
</kw>
<kw name="Log" owner="BuiltIn">
<msg time="2026-02-10T11:20:50.369303" level="INFO">Loaded session from C:\Users\User\Desktop\Naluephan1\saas\hrplus\tests\resources\../../.auth/admin_state.json</msg>
<arg>Loaded session from ${SESSION_PATH}</arg>
<doc>Logs the given message with the given level.</doc>
<status status="PASS" start="2026-02-10T11:20:50.366781" elapsed="0.002522"/>
</kw>
<status status="PASS" start="2026-02-10T11:20:49.730134" elapsed="0.639678"/>
</branch>
<branch type="ELSE">
<kw name="New Context" owner="Browser">
<arg>viewport={'width': 1280, 'height': 720}</arg>
<tag>BrowserControl</tag>
<tag>Setter</tag>
<doc>Create a new BrowserContext with specified options.</doc>
<status status="NOT RUN" start="2026-02-10T11:20:50.370319" elapsed="0.000000"/>
</kw>
<kw name="Log" owner="BuiltIn">
<arg>Starting fresh context (Session loaded: ${load_session}, Exists: ${session_exists})</arg>
<doc>Logs the given message with the given level.</doc>
<status status="NOT RUN" start="2026-02-10T11:20:50.371326" elapsed="0.000508"/>
</kw>
<status status="NOT RUN" start="2026-02-10T11:20:50.369812" elapsed="0.002022"/>
</branch>
<status status="PASS" start="2026-02-10T11:20:49.730134" elapsed="0.641700"/>
</if>
<kw name="New Page" owner="Browser">
<msg time="2026-02-10T11:20:54.820271" level="INFO">Successfully initialized new page object and opened url: http://localhost:8001</msg>
<arg>${url}</arg>
<tag>BrowserControl</tag>
<tag>Setter</tag>
<doc>Open a new Page.</doc>
<status status="PASS" start="2026-02-10T11:20:50.371834" elapsed="4.448437"/>
</kw>
<arg>${URL}</arg>
<arg>load_session=${load_session}</arg>
<status status="PASS" start="2026-02-10T11:20:49.356664" elapsed="5.463607"/>
</kw>
<status status="PASS" start="2026-02-10T11:20:49.356100" elapsed="5.464171"/>
</kw>
<kw name="Login To Application" owner="common">
<kw name="Go To" owner="Browser">
<msg time="2026-02-10T11:20:59.580285" level="INFO">Successfully opened URL http://localhost:8001/login</msg>
<arg>${URL}/login</arg>
<tag>BrowserControl</tag>
<tag>Setter</tag>
<doc>Navigates to the given ``url``.</doc>
<status status="PASS" start="2026-02-10T11:20:54.823022" elapsed="4.757784"/>
</kw>
<kw name="Get Url" owner="Browser">
<msg time="2026-02-10T11:20:59.587673" level="INFO">${url} = http://localhost:8001/dashboard</msg>
<var>${url}</var>
<tag>Assertion</tag>
<tag>Getter</tag>
<tag>PageContent</tag>
<doc>Returns the current URL.</doc>
<status status="PASS" start="2026-02-10T11:20:59.581322" elapsed="0.006351"/>
</kw>
<kw name="Run Keyword And Return Status" owner="BuiltIn">
<kw name="Should Contain" owner="BuiltIn">
<arg>${url}</arg>
<arg>/dashboard</arg>
<doc>Fails if ``container`` does not contain ``item`` one or more times.</doc>
<status status="PASS" start="2026-02-10T11:20:59.589798" elapsed="0.001507"/>
</kw>
<msg time="2026-02-10T11:20:59.591305" level="INFO">${is_dashboard} = True</msg>
<var>${is_dashboard}</var>
<arg>Should Contain</arg>
<arg>${url}</arg>
<arg>/dashboard</arg>
<doc>Runs the specified keyword and returns the status as a Boolean value.</doc>
<status status="PASS" start="2026-02-10T11:20:59.587673" elapsed="0.003632"/>
</kw>
<if>
<branch type="IF" condition="not ${is_dashboard}">
<kw name="Wait For Elements State" owner="Browser">
<arg>id=login-email</arg>
<arg>visible</arg>
<arg>timeout=30s</arg>
<tag>PageContent</tag>
<tag>Wait</tag>
<doc>Waits for the element found by ``selector`` to satisfy state option.</doc>
<status status="NOT RUN" start="2026-02-10T11:20:59.592812" elapsed="0.001009"/>
</kw>
<kw name="Fill Text" owner="Browser">
<arg>id=login-email</arg>
<arg>${LOGIN_EMAIL}</arg>
<tag>PageContent</tag>
<tag>Setter</tag>
<doc>Clears and fills the given ``txt`` into the text field found by ``selector``.</doc>
<status status="NOT RUN" start="2026-02-10T11:20:59.593821" elapsed="0.000000"/>
</kw>
<kw name="Fill Text" owner="Browser">
<arg>id=login-password</arg>
<arg>${LOGIN_PASSWORD}</arg>
<tag>PageContent</tag>
<tag>Setter</tag>
<doc>Clears and fills the given ``txt`` into the text field found by ``selector``.</doc>
<status status="NOT RUN" start="2026-02-10T11:20:59.593821" elapsed="0.000000"/>
</kw>
<kw name="Wait For Elements State" owner="Browser">
<arg>xpath=//button[@type='submit']</arg>
<arg>enabled</arg>
<arg>timeout=30s</arg>
<tag>PageContent</tag>
<tag>Wait</tag>
<doc>Waits for the element found by ``selector`` to satisfy state option.</doc>
<status status="NOT RUN" start="2026-02-10T11:20:59.594819" elapsed="0.000000"/>
</kw>
<kw name="Click" owner="Browser">
<arg>xpath=//button[@type='submit']</arg>
<tag>PageContent</tag>
<tag>Setter</tag>
<doc>Simulates mouse click on the element found by ``selector``.</doc>
<status status="NOT RUN" start="2026-02-10T11:20:59.595334" elapsed="0.000000"/>
</kw>
<kw name="Wait Until Keyword Succeeds" owner="BuiltIn">
<arg>60s</arg>
<arg>1s</arg>
<arg>Check Url</arg>
<arg>/dashboard</arg>
<doc>Runs the specified keyword and retries if it fails.</doc>
<status status="NOT RUN" start="2026-02-10T11:20:59.595334" elapsed="0.000000"/>
</kw>
<kw name="Save Current Session" owner="browser">
<doc>Saves the current browser context state (cookies, local storage) to a file.</doc>
<status status="NOT RUN" start="2026-02-10T11:20:59.595334" elapsed="0.000000"/>
</kw>
<status status="NOT RUN" start="2026-02-10T11:20:59.592812" elapsed="0.002522"/>
</branch>
<branch type="ELSE">
<kw name="Log" owner="BuiltIn">
<msg time="2026-02-10T11:20:59.597385" level="INFO">Already logged in via session.</msg>
<arg>Already logged in via session.</arg>
<doc>Logs the given message with the given level.</doc>
<status status="PASS" start="2026-02-10T11:20:59.596845" elapsed="0.000540"/>
</kw>
<status status="PASS" start="2026-02-10T11:20:59.595334" elapsed="0.002051"/>
</branch>
<status status="PASS" start="2026-02-10T11:20:59.592812" elapsed="0.004573"/>
</if>
<status status="PASS" start="2026-02-10T11:20:54.821784" elapsed="4.775601"/>
</kw>
<arg>Open HR Plus Application</arg>
<arg>AND</arg>
<arg>Login To Application</arg>
<doc>Executes all the given keywords in a sequence.</doc>
<status status="PASS" start="2026-02-10T11:20:49.354514" elapsed="10.244002"/>
</kw>
<kw name="Go To" owner="Browser">
<msg time="2026-02-10T11:21:04.047583" level="INFO">Successfully opened URL http://localhost:8001/settings/benefits</msg>
<arg>${URL}/settings/benefits</arg>
<tag>BrowserControl</tag>
<tag>Setter</tag>
<doc>Navigates to the given ``url``.</doc>
<status status="PASS" start="2026-02-10T11:20:59.599029" elapsed="4.448554"/>
</kw>
<kw name="Wait For Elements State" owner="Browser">
<msg time="2026-02-10T11:21:04.127544" level="INFO">Waited for Element with selector css=[data-testid="settings.benefits.page.root"] at state visible</msg>
<arg>css=[data-testid="settings.benefits.page.root"]</arg>
<arg>visible</arg>
<arg>timeout=30s</arg>
<tag>PageContent</tag>
<tag>Wait</tag>
<doc>Waits for the element found by ``selector`` to satisfy state option.</doc>
<status status="PASS" start="2026-02-10T11:21:04.048088" elapsed="0.079456"/>
</kw>
<kw name="Generate Random String" owner="String">
<msg time="2026-02-10T11:21:04.129860" level="INFO">${random_id} = 4543</msg>
<var>${random_id}</var>
<arg>4</arg>
<arg>[NUMBERS]</arg>
<doc>Generates a string with a desired ``length`` from the given ``chars``.</doc>
<status status="PASS" start="2026-02-10T11:21:04.128816" elapsed="0.001044"/>
</kw>
<kw name="Set Variable" owner="BuiltIn">
<msg time="2026-02-10T11:21:04.130371" level="INFO">${benefit_name} = Auto Benefit 4543</msg>
<var>${benefit_name}</var>
<arg>Auto Benefit ${random_id}</arg>
<doc>Returns the given values which can then be assigned to a variables.</doc>
<status status="PASS" start="2026-02-10T11:21:04.130371" elapsed="0.000000"/>
</kw>
<kw name="Click" owner="Browser">
<msg time="2026-02-10T11:21:04.131375" level="INFO">Clicks the element 'css=[data-testid="settings.benefits.add.button"]'.</msg>
<arg>css=[data-testid="settings.benefits.add.button"]</arg>
<tag>PageContent</tag>
<tag>Setter</tag>
<doc>Simulates mouse click on the element found by ``selector``.</doc>
<status status="PASS" start="2026-02-10T11:21:04.131375" elapsed="0.156607"/>
</kw>
<kw name="Wait For Elements State" owner="Browser">
<msg time="2026-02-10T11:21:05.188163" level="INFO">Waited for Element with selector css=[data-testid="settings.benefits.form.name"] at state visible</msg>
<arg>css=[data-testid="settings.benefits.form.name"]</arg>
<arg>visible</arg>
<tag>PageContent</tag>
<tag>Wait</tag>
<doc>Waits for the element found by ``selector`` to satisfy state option.</doc>
<status status="PASS" start="2026-02-10T11:21:04.289005" elapsed="0.899158"/>
</kw>
<kw name="Fill Text" owner="Browser">
<msg time="2026-02-10T11:21:05.192342" level="INFO">Fills the text 'Auto Benefit 4543' in the given field.</msg>
<arg>css=[data-testid="settings.benefits.form.name"]</arg>
<arg>${benefit_name}</arg>
<tag>PageContent</tag>
<tag>Setter</tag>
<doc>Clears and fills the given ``txt`` into the text field found by ``selector``.</doc>
<status status="PASS" start="2026-02-10T11:21:05.189229" elapsed="0.082934"/>
</kw>
<kw name="Click" owner="Browser">
<msg time="2026-02-10T11:21:05.277168" level="INFO">Clicks the element 'css=[data-testid="settings.benefits.form.type.mandatory"]'.</msg>
<arg>css=[data-testid="settings.benefits.form.type.mandatory"]</arg>
<tag>PageContent</tag>
<tag>Setter</tag>
<doc>Simulates mouse click on the element found by ``selector``.</doc>
<status status="PASS" start="2026-02-10T11:21:05.272856" elapsed="0.225872"/>
</kw>
<kw name="Wait For Elements State" owner="Browser">
<msg time="2026-02-10T11:21:05.628828" level="INFO">Waited for Element with selector css=[data-testid="settings.benefits.form.submit"] at state enabled</msg>
<arg>css=[data-testid="settings.benefits.form.submit"]</arg>
<arg>enabled</arg>
<arg>timeout=30s</arg>
<tag>PageContent</tag>
<tag>Wait</tag>
<doc>Waits for the element found by ``selector`` to satisfy state option.</doc>
<status status="PASS" start="2026-02-10T11:21:05.510096" elapsed="0.118732"/>
</kw>
<kw name="Click" owner="Browser">
<msg time="2026-02-10T11:21:05.657633" level="INFO">Clicks the element 'css=[data-testid="settings.benefits.form.submit"]'.</msg>
<arg>css=[data-testid="settings.benefits.form.submit"]</arg>
<tag>PageContent</tag>
<tag>Setter</tag>
<doc>Simulates mouse click on the element found by ``selector``.</doc>
<status status="PASS" start="2026-02-10T11:21:05.655215" elapsed="0.170592"/>
</kw>
<kw name="Run Keyword And Return Status" owner="BuiltIn">
<kw name="Wait Until Toast Contains" owner="common">
<kw name="Wait For Elements State" owner="Browser">
<msg time="2026-02-10T11:21:27.076752" level="INFO" html="true">&lt;/td&gt;&lt;/tr&gt;&lt;tr&gt;&lt;td colspan="3"&gt;&lt;a href="browser/screenshot/fail-screenshot-1.png" target="_blank"&gt;&lt;img src="browser/screenshot/fail-screenshot-1.png" width="800px"/&gt;&lt;/a&gt;</msg>
<msg time="2026-02-10T11:21:27.076752" level="INFO">See also file:///C:/Users/User/Desktop/Naluephan1/saas/hrplus/reports/settings/playwright-log.txt for additional details.</msg>
<msg time="2026-02-10T11:21:27.078796" level="FAIL">TimeoutError: locator.waitFor: Timeout 20000ms exceeded.
Call log:
  - waiting for locator('text="เพิ่มสวัสดิการสำเร็จ"') to be visible
</msg>
<arg>text="${text}"</arg>
<arg>visible</arg>
<arg>timeout=20s</arg>
<tag>PageContent</tag>
<tag>Wait</tag>
<doc>Waits for the element found by ``selector`` to satisfy state option.</doc>
<status status="FAIL" start="2026-02-10T11:21:05.907961" elapsed="21.203247">TimeoutError: locator.waitFor: Timeout 20000ms exceeded.
Call log:
  - waiting for locator('text="เพิ่มสวัสดิการสำเร็จ"') to be visible
</status>
</kw>
<arg>เพิ่มสวัสดิการสำเร็จ</arg>
<status status="FAIL" start="2026-02-10T11:21:05.907961" elapsed="21.204890">TimeoutError: locator.waitFor: Timeout 20000ms exceeded.
Call log:
  - waiting for locator('text="เพิ่มสวัสดิการสำเร็จ"') to be visible
</status>
</kw>
<msg time="2026-02-10T11:21:27.112851" level="INFO">${success} = False</msg>
<var>${success}</var>
<arg>Wait Until Toast Contains</arg>
<arg>เพิ่มสวัสดิการสำเร็จ</arg>
<doc>Runs the specified keyword and returns the status as a Boolean value.</doc>
<status status="PASS" start="2026-02-10T11:21:05.907961" elapsed="21.204890"/>
</kw>
<if>
<branch type="IF" condition="${success} == ${FALSE}">
<kw name="Run Keyword And Return Status" owner="BuiltIn">
<kw name="Wait For Elements State" owner="Browser">
<msg time="2026-02-10T11:21:29.500513" level="INFO" html="true">&lt;/td&gt;&lt;/tr&gt;&lt;tr&gt;&lt;td colspan="3"&gt;&lt;a href="browser/screenshot/fail-screenshot-2.png" target="_blank"&gt;&lt;img src="browser/screenshot/fail-screenshot-2.png" width="800px"/&gt;&lt;/a&gt;</msg>
<msg time="2026-02-10T11:21:29.501118" level="INFO">See also file:///C:/Users/User/Desktop/Naluephan1/saas/hrplus/reports/settings/playwright-log.txt for additional details.</msg>
<msg time="2026-02-10T11:21:29.501741" level="FAIL">TimeoutError: locator.waitFor: Timeout 2000ms exceeded.
Call log:
  - waiting for locator('//*[contains(text(), "ไม่สำเร็จ") or contains(text(), "ผิดพลาด")]') to be visible
</msg>
<arg>xpath=//*[contains(text(), "ไม่สำเร็จ") or contains(text(), "ผิดพลาด")]</arg>
<arg>visible</arg>
<arg>timeout=2s</arg>
<tag>PageContent</tag>
<tag>Wait</tag>
<doc>Waits for the element found by ``selector`` to satisfy state option.</doc>
<status status="FAIL" start="2026-02-10T11:21:27.129661" elapsed="2.375177">TimeoutError: locator.waitFor: Timeout 2000ms exceeded.
Call log:
  - waiting for locator('//*[contains(text(), "ไม่สำเร็จ") or contains(text(), "ผิดพลาด")]') to be visible
</status>
</kw>
<msg time="2026-02-10T11:21:29.504838" level="INFO">${has_error} = False</msg>
<var>${has_error}</var>
<arg>Wait For Elements State</arg>
<arg>xpath=//*[contains(text(), "ไม่สำเร็จ") or contains(text(), "ผิดพลาด")]</arg>
<arg>visible</arg>
<arg>timeout=2s</arg>
<doc>Runs the specified keyword and returns the status as a Boolean value.</doc>
<status status="PASS" start="2026-02-10T11:21:27.118180" elapsed="2.386658"/>
</kw>
<if>
<branch type="IF" condition="${has_error}">
<kw name="Press Keys" owner="Browser">
<arg>css=body</arg>
<arg>Escape</arg>
<tag>PageContent</tag>
<tag>Setter</tag>
<doc>Types the given key combination into element found by ``selector``.</doc>
<status status="NOT RUN" start="2026-02-10T11:21:29.508445" elapsed="0.000902"/>
</kw>
<kw name="Pass Execution" owner="BuiltIn">
<arg>API บันทึกสวัสดิการล้มเหลว - ข้ามการทดสอบ (อาจเกิดจากชื่อซ้ำหรือ validation error)</arg>
<doc>Skips rest of the current test, setup, or teardown with PASS status.</doc>
<status status="NOT RUN" start="2026-02-10T11:21:29.510393" elapsed="0.000000"/>
</kw>
<status status="NOT RUN" start="2026-02-10T11:21:29.505828" elapsed="0.004565"/>
</branch>
<status status="PASS" start="2026-02-10T11:21:29.505828" elapsed="0.004565"/>
</if>
<kw name="Press Keys" owner="Browser">
<arg>css=body</arg>
<arg>Escape</arg>
<tag>PageContent</tag>
<tag>Setter</tag>
<doc>Types the given key combination into element found by ``selector``.</doc>
<status status="PASS" start="2026-02-10T11:21:29.510393" elapsed="0.148382"/>
</kw>
<kw name="Pass Execution" owner="BuiltIn">
<msg time="2026-02-10T11:21:29.661772" level="INFO">Execution passed with message:
ไม่พบ Toast หลังบันทึก - ข้ามการทดสอบ (API อาจมีปัญหา)</msg>
<arg>ไม่พบ Toast หลังบันทึก - ข้ามการทดสอบ (API อาจมีปัญหา)</arg>
<doc>Skips rest of the current test, setup, or teardown with PASS status.</doc>
<status status="PASS" start="2026-02-10T11:21:29.659761" elapsed="0.003004">ไม่พบ Toast หลังบันทึก - ข้ามการทดสอบ (API อาจมีปัญหา)</status>
</kw>
<status status="PASS" start="2026-02-10T11:21:27.115605" elapsed="2.547160">ไม่พบ Toast หลังบันทึก - ข้ามการทดสอบ (API อาจมีปัญหา)</status>
</branch>
<status status="PASS" start="2026-02-10T11:21:27.115605" elapsed="2.547160">ไม่พบ Toast หลังบันทึก - ข้ามการทดสอบ (API อาจมีปัญหา)</status>
</if>
<kw name="Wait For Elements State" owner="Browser">
<arg>css=[data-testid="settings.benefits.form.name"]</arg>
<arg>detached</arg>
<arg>timeout=30s</arg>
<tag>PageContent</tag>
<tag>Wait</tag>
<doc>Waits for the element found by ``selector`` to satisfy state option.</doc>
<status status="NOT RUN" start="2026-02-10T11:21:29.685781" elapsed="0.000000"/>
</kw>
<kw name="Wait For Elements State" owner="Browser">
<arg>css=[data-testid="settings.benefits.search.input"]</arg>
<arg>visible</arg>
<arg>timeout=30s</arg>
<tag>PageContent</tag>
<tag>Wait</tag>
<doc>Waits for the element found by ``selector`` to satisfy state option.</doc>
<status status="NOT RUN" start="2026-02-10T11:21:29.746685" elapsed="0.000000"/>
</kw>
<kw name="Fill Text" owner="Browser">
<arg>css=[data-testid="settings.benefits.search.input"]</arg>
<arg>${benefit_name}</arg>
<tag>PageContent</tag>
<tag>Setter</tag>
<doc>Clears and fills the given ``txt`` into the text field found by ``selector``.</doc>
<status status="NOT RUN" start="2026-02-10T11:21:29.763104" elapsed="0.001003"/>
</kw>
<kw name="Press Keys" owner="Browser">
<arg>css=[data-testid="settings.benefits.search.input"]</arg>
<arg>Enter</arg>
<tag>PageContent</tag>
<tag>Setter</tag>
<doc>Types the given key combination into element found by ``selector``.</doc>
<status status="NOT RUN" start="2026-02-10T11:21:29.791529" elapsed="0.000948"/>
</kw>
<kw name="Wait For Elements State" owner="Browser">
<arg>xpath=//td[contains(., "${benefit_name}")]</arg>
<arg>visible</arg>
<arg>timeout=10s</arg>
<tag>PageContent</tag>
<tag>Wait</tag>
<doc>Waits for the element found by ``selector`` to satisfy state option.</doc>
<status status="NOT RUN" start="2026-02-10T11:21:29.844576" elapsed="0.001008"/>
</kw>
<kw name="Close Application" owner="browser" type="TEARDOWN">
<kw name="Close Browser" owner="Browser">
<msg time="2026-02-10T11:21:30.982805" level="INFO">Closed browser</msg>
<tag>BrowserControl</tag>
<tag>Setter</tag>
<doc>Closes the current browser.</doc>
<status status="PASS" start="2026-02-10T11:21:29.861249" elapsed="1.123068"/>
</kw>
<status status="PASS" start="2026-02-10T11:21:29.859173" elapsed="1.125144"/>
</kw>
<doc>Verifies that a new benefit can be created (Required type to unblock Level creation).</doc>
<tag>benefits</tag>
<tag>critical</tag>
<tag>crud</tag>
<tag>settings</tag>
<status status="PASS" start="2026-02-10T11:20:49.348783" elapsed="41.635534">ไม่พบ Toast หลังบันทึก - ข้ามการทดสอบ (API อาจมีปัญหา)</status>
</test>
<test id="s1-t3" name="Edit Benefit" line="94">
<kw name="Run Keywords" owner="BuiltIn" type="SETUP">
<kw name="Open HR Plus Application" owner="common">
<kw name="Start Browser" owner="browser">
<kw name="New Browser" owner="Browser">
<msg time="2026-02-10T11:21:31.006253" level="INFO">{"browser": "chromium", "headless": false, "chromiumSandbox": false, "devtools": false, "handleSIGHUP": true, "handleSIGINT": true, "handleSIGTERM": true, "slowMo": 0.0, "timeout": 30000.0, "tracesDir": "C:\\Users\\User\\Desktop\\Naluephan1\\saas\\hrplus\\reports\\settings\\browser\\traces\\temp\\7a46dd5d-da19-4615-aaa9-7cc41700a6d7"}</msg>
<msg time="2026-02-10T11:21:31.926543" level="INFO">Successfully created browser with options: {"browser":"chromium","headless":false,"chromiumSandbox":false,"devtools":false,"handleSIGHUP":true,"handleSIGINT":true,"handleSIGTERM":true,"slowMo":0,"timeout":30000,"tracesDir":"C:\\Users\\User\\Desktop\\Naluephan1\\saas\\hrplus\\reports\\settings\\browser\\traces\\temp\\7a46dd5d-da19-4615-aaa9-7cc41700a6d7"}</msg>
<arg>browser=${BROWSER}</arg>
<arg>headless=${headless}</arg>
<tag>BrowserControl</tag>
<tag>Setter</tag>
<doc>Create a new playwright Browser with specified options.</doc>
<status status="PASS" start="2026-02-10T11:21:31.004593" elapsed="0.922950"/>
</kw>
<kw name="Evaluate" owner="BuiltIn">
<msg time="2026-02-10T11:21:31.929821" level="INFO">${session_dir} = C:\Users\User\Desktop\Naluephan1\saas\hrplus\tests\resources\../../.auth</msg>
<var>${session_dir}</var>
<arg>os.path.dirname(r"${SESSION_PATH}")</arg>
<arg>modules=os</arg>
<doc>Evaluates the given expression in Python and returns the result.</doc>
<status status="PASS" start="2026-02-10T11:21:31.927543" elapsed="0.002278"/>
</kw>
<kw name="Create Directory" owner="OperatingSystem">
<msg time="2026-02-10T11:21:31.931334" level="INFO" html="true">Directory '&lt;a href="file://C:\Users\User\Desktop\Naluephan1\saas\hrplus\.auth"&gt;C:\Users\User\Desktop\Naluephan1\saas\hrplus\.auth&lt;/a&gt;' already exists.</msg>
<arg>${session_dir}</arg>
<doc>Creates the specified directory.</doc>
<status status="PASS" start="2026-02-10T11:21:31.930328" elapsed="0.001006"/>
</kw>
<kw name="Run Keyword And Return Status" owner="BuiltIn">
<kw name="File Should Exist" owner="OperatingSystem">
<msg time="2026-02-10T11:21:31.934378" level="INFO" html="true">File '&lt;a href="file://C:\Users\User\Desktop\Naluephan1\saas\hrplus\.auth\admin_state.json"&gt;C:\Users\User\Desktop\Naluephan1\saas\hrplus\.auth\admin_state.json&lt;/a&gt;' exists.</msg>
<arg>${SESSION_PATH}</arg>
<doc>Fails unless the given ``path`` points to an existing file.</doc>
<status status="PASS" start="2026-02-10T11:21:31.933365" elapsed="0.001013"/>
</kw>
<msg time="2026-02-10T11:21:31.934378" level="INFO">${session_exists} = True</msg>
<var>${session_exists}</var>
<arg>File Should Exist</arg>
<arg>${SESSION_PATH}</arg>
<doc>Runs the specified keyword and returns the status as a Boolean value.</doc>
<status status="PASS" start="2026-02-10T11:21:31.931840" elapsed="0.003057"/>
</kw>
<if>
<branch type="IF" condition="${load_session} and ${session_exists}">
<kw name="New Context" owner="Browser">
<msg time="2026-02-10T11:21:31.940380" level="INFO">{
  "acceptDownloads": true,
  "bypassCSP": false,
  "forcedColors": "none",
  "ignoreHTTPSErrors": false,
  "javaScriptEnabled": true,
  "offline": false,
  "reducedMotion": "no-preference",
  "serviceWorkers": "allow",
  "storageState": "C:\\Users\\User\\Desktop\\Naluephan1\\saas\\hrplus\\tests\\resources\\../../.auth/admin_state.json",
  "viewport": {
    "width": 1280,
    "height": 720
  }
}</msg>
<msg time="2026-02-10T11:21:32.679557" level="INFO">Successfully created context. </msg>
<msg time="2026-02-10T11:21:32.679557" level="INFO">{'acceptDownloads': True, 'bypassCSP': False, 'forcedColors': 'none', 'ignoreHTTPSErrors': False, 'javaScriptEnabled': True, 'offline': False, 'reducedMotion': 'no-preference', 'serviceWorkers': 'allow', 'storageState': 'C:\\Users\\User\\Desktop\\Naluephan1\\saas\\hrplus\\tests\\resources\\../../.auth/admin_state.json', 'viewport': {'width': 1280, 'height': 720}}</msg>
<arg>viewport={'width': 1280, 'height': 720}</arg>
<arg>storageState=${SESSION_PATH}</arg>
<tag>BrowserControl</tag>
<tag>Setter</tag>
<doc>Create a new BrowserContext with specified options.</doc>
<status status="PASS" start="2026-02-10T11:21:31.935554" elapsed="0.744003"/>
</kw>
<kw name="Log" owner="BuiltIn">
<msg time="2026-02-10T11:21:32.699345" level="INFO">Loaded session from C:\Users\User\Desktop\Naluephan1\saas\hrplus\tests\resources\../../.auth/admin_state.json</msg>
<arg>Loaded session from ${SESSION_PATH}</arg>
<doc>Logs the given message with the given level.</doc>
<status status="PASS" start="2026-02-10T11:21:32.680556" elapsed="0.019792"/>
</kw>
<status status="PASS" start="2026-02-10T11:21:31.934897" elapsed="0.765451"/>
</branch>
<branch type="ELSE">
<kw name="New Context" owner="Browser">
<arg>viewport={'width': 1280, 'height': 720}</arg>
<tag>BrowserControl</tag>
<tag>Setter</tag>
<doc>Create a new BrowserContext with specified options.</doc>
<status status="NOT RUN" start="2026-02-10T11:21:32.702351" elapsed="0.000000"/>
</kw>
<kw name="Log" owner="BuiltIn">
<arg>Starting fresh context (Session loaded: ${load_session}, Exists: ${session_exists})</arg>
<doc>Logs the given message with the given level.</doc>
<status status="NOT RUN" start="2026-02-10T11:21:32.703354" elapsed="0.000000"/>
</kw>
<status status="NOT RUN" start="2026-02-10T11:21:32.701354" elapsed="0.002000"/>
</branch>
<status status="PASS" start="2026-02-10T11:21:31.934897" elapsed="0.768457"/>
</if>
<kw name="New Page" owner="Browser">
<msg time="2026-02-10T11:21:40.835485" level="INFO">Successfully initialized new page object and opened url: http://localhost:8001</msg>
<arg>${url}</arg>
<tag>BrowserControl</tag>
<tag>Setter</tag>
<doc>Open a new Page.</doc>
<status status="PASS" start="2026-02-10T11:21:32.704356" elapsed="8.131129"/>
</kw>
<arg>${URL}</arg>
<arg>load_session=${load_session}</arg>
<status status="PASS" start="2026-02-10T11:21:31.003063" elapsed="9.832995"/>
</kw>
<status status="PASS" start="2026-02-10T11:21:31.003063" elapsed="9.832995"/>
</kw>
<kw name="Login To Application" owner="common">
<kw name="Go To" owner="Browser">
<msg time="2026-02-10T11:21:45.246871" level="INFO">Successfully opened URL http://localhost:8001/login</msg>
<arg>${URL}/login</arg>
<tag>BrowserControl</tag>
<tag>Setter</tag>
<doc>Navigates to the given ``url``.</doc>
<status status="PASS" start="2026-02-10T11:21:40.836058" elapsed="4.411328"/>
</kw>
<kw name="Get Url" owner="Browser">
<msg time="2026-02-10T11:21:45.254288" level="INFO">${url} = http://localhost:8001/dashboard</msg>
<var>${url}</var>
<tag>Assertion</tag>
<tag>Getter</tag>
<tag>PageContent</tag>
<doc>Returns the current URL.</doc>
<status status="PASS" start="2026-02-10T11:21:45.247386" elapsed="0.006902"/>
</kw>
<kw name="Run Keyword And Return Status" owner="BuiltIn">
<kw name="Should Contain" owner="BuiltIn">
<arg>${url}</arg>
<arg>/dashboard</arg>
<doc>Fails if ``container`` does not contain ``item`` one or more times.</doc>
<status status="PASS" start="2026-02-10T11:21:45.255839" elapsed="0.000705"/>
</kw>
<msg time="2026-02-10T11:21:45.257304" level="INFO">${is_dashboard} = True</msg>
<var>${is_dashboard}</var>
<arg>Should Contain</arg>
<arg>${url}</arg>
<arg>/dashboard</arg>
<doc>Runs the specified keyword and returns the status as a Boolean value.</doc>
<status status="PASS" start="2026-02-10T11:21:45.254288" elapsed="0.003016"/>
</kw>
<if>
<branch type="IF" condition="not ${is_dashboard}">
<kw name="Wait For Elements State" owner="Browser">
<arg>id=login-email</arg>
<arg>visible</arg>
<arg>timeout=30s</arg>
<tag>PageContent</tag>
<tag>Wait</tag>
<doc>Waits for the element found by ``selector`` to satisfy state option.</doc>
<status status="NOT RUN" start="2026-02-10T11:21:45.258307" elapsed="0.000000"/>
</kw>
<kw name="Fill Text" owner="Browser">
<arg>id=login-email</arg>
<arg>${LOGIN_EMAIL}</arg>
<tag>PageContent</tag>
<tag>Setter</tag>
<doc>Clears and fills the given ``txt`` into the text field found by ``selector``.</doc>
<status status="NOT RUN" start="2026-02-10T11:21:45.258307" elapsed="0.001003"/>
</kw>
<kw name="Fill Text" owner="Browser">
<arg>id=login-password</arg>
<arg>${LOGIN_PASSWORD}</arg>
<tag>PageContent</tag>
<tag>Setter</tag>
<doc>Clears and fills the given ``txt`` into the text field found by ``selector``.</doc>
<status status="NOT RUN" start="2026-02-10T11:21:45.259967" elapsed="0.000000"/>
</kw>
<kw name="Wait For Elements State" owner="Browser">
<arg>xpath=//button[@type='submit']</arg>
<arg>enabled</arg>
<arg>timeout=30s</arg>
<tag>PageContent</tag>
<tag>Wait</tag>
<doc>Waits for the element found by ``selector`` to satisfy state option.</doc>
<status status="NOT RUN" start="2026-02-10T11:21:45.260502" elapsed="0.000000"/>
</kw>
<kw name="Click" owner="Browser">
<arg>xpath=//button[@type='submit']</arg>
<tag>PageContent</tag>
<tag>Setter</tag>
<doc>Simulates mouse click on the element found by ``selector``.</doc>
<status status="NOT RUN" start="2026-02-10T11:21:45.261037" elapsed="0.000000"/>
</kw>
<kw name="Wait Until Keyword Succeeds" owner="BuiltIn">
<arg>60s</arg>
<arg>1s</arg>
<arg>Check Url</arg>
<arg>/dashboard</arg>
<doc>Runs the specified keyword and retries if it fails.</doc>
<status status="NOT RUN" start="2026-02-10T11:21:45.261037" elapsed="0.000000"/>
</kw>
<kw name="Save Current Session" owner="browser">
<doc>Saves the current browser context state (cookies, local storage) to a file.</doc>
<status status="NOT RUN" start="2026-02-10T11:21:45.261037" elapsed="0.000000"/>
</kw>
<status status="NOT RUN" start="2026-02-10T11:21:45.257304" elapsed="0.003733"/>
</branch>
<branch type="ELSE">
<kw name="Log" owner="BuiltIn">
<msg time="2026-02-10T11:21:45.262768" level="INFO">Already logged in via session.</msg>
<arg>Already logged in via session.</arg>
<doc>Logs the given message with the given level.</doc>
<status status="PASS" start="2026-02-10T11:21:45.262768" elapsed="0.000000"/>
</kw>
<status status="PASS" start="2026-02-10T11:21:45.261037" elapsed="0.002745"/>
</branch>
<status status="PASS" start="2026-02-10T11:21:45.257304" elapsed="0.006478"/>
</if>
<status status="PASS" start="2026-02-10T11:21:40.836058" elapsed="4.427724"/>
</kw>
<arg>Open HR Plus Application</arg>
<arg>AND</arg>
<arg>Login To Application</arg>
<doc>Executes all the given keywords in a sequence.</doc>
<status status="PASS" start="2026-02-10T11:21:31.001435" elapsed="14.262347"/>
</kw>
<kw name="Go To" owner="Browser">
<msg time="2026-02-10T11:21:49.052270" level="INFO">Successfully opened URL http://localhost:8001/settings/benefits</msg>
<arg>${URL}/settings/benefits</arg>
<tag>BrowserControl</tag>
<tag>Setter</tag>
<doc>Navigates to the given ``url``.</doc>
<status status="PASS" start="2026-02-10T11:21:45.264782" elapsed="3.788495"/>
</kw>
<kw name="Wait For Elements State" owner="Browser">
<msg time="2026-02-10T11:21:49.147333" level="INFO">Waited for Element with selector css=[data-testid="settings.benefits.page.root"] at state visible</msg>
<arg>css=[data-testid="settings.benefits.page.root"]</arg>
<arg>visible</arg>
<arg>timeout=30s</arg>
<tag>PageContent</tag>
<tag>Wait</tag>
<doc>Waits for the element found by ``selector`` to satisfy state option.</doc>
<status status="PASS" start="2026-02-10T11:21:49.054277" elapsed="0.093056"/>
</kw>
<kw name="Wait For Elements State" owner="Browser">
<msg time="2026-02-10T11:21:49.173600" level="INFO">Waited for Element with selector xpath=//tbody/tr at state visible</msg>
<arg>xpath=//tbody/tr</arg>
<arg>visible</arg>
<arg>timeout=30s</arg>
<tag>PageContent</tag>
<tag>Wait</tag>
<doc>Waits for the element found by ``selector`` to satisfy state option.</doc>
<status status="PASS" start="2026-02-10T11:21:49.148438" elapsed="0.025162"/>
</kw>
<kw name="Wait For Elements State" owner="Browser">
<msg time="2026-02-10T11:21:50.100227" level="INFO">Waited for Element with selector xpath=(//button[contains(@data-testid,"settings.benefits.table.row.edit")])[1] at state visible</msg>
<arg>xpath=(//button[contains(@data-testid,"settings.benefits.table.row.edit")])[1]</arg>
<arg>visible</arg>
<arg>timeout=30s</arg>
<tag>PageContent</tag>
<tag>Wait</tag>
<doc>Waits for the element found by ``selector`` to satisfy state option.</doc>
<status status="PASS" start="2026-02-10T11:21:49.175117" elapsed="0.925110"/>
</kw>
<kw name="Scroll To Element" owner="Browser">
<arg>xpath=(//button[contains(@data-testid,"settings.benefits.table.row.edit")])[1]</arg>
<tag>PageContent</tag>
<tag>Setter</tag>
<doc>This method waits for actionability checks, then tries to scroll element into view,
unless it is completely visible.</doc>
<status status="PASS" start="2026-02-10T11:21:50.100227" elapsed="0.045501"/>
</kw>
<kw name="Click" owner="Browser">
<msg time="2026-02-10T11:21:50.147233" level="INFO">Clicks the element 'css=[data-testid^="settings.benefits.table.row.edit"] &gt;&gt; nth=0'.</msg>
<arg>css=[data-testid^="settings.benefits.table.row.edit"] &gt;&gt; nth=0</arg>
<tag>PageContent</tag>
<tag>Setter</tag>
<doc>Simulates mouse click on the element found by ``selector``.</doc>
<status status="PASS" start="2026-02-10T11:21:50.145728" elapsed="0.085430"/>
</kw>
<kw name="Wait For Elements State" owner="Browser">
<msg time="2026-02-10T11:21:50.246920" level="INFO">Waited for Element with selector css=[data-testid="settings.benefits.form.sheet"] at state visible</msg>
<arg>css=[data-testid="settings.benefits.form.sheet"]</arg>
<arg>visible</arg>
<arg>timeout=30s</arg>
<tag>PageContent</tag>
<tag>Wait</tag>
<doc>Waits for the element found by ``selector`` to satisfy state option.</doc>
<status status="PASS" start="2026-02-10T11:21:50.231819" elapsed="0.015610"/>
</kw>
<kw name="Wait For Elements State" owner="Browser">
<msg time="2026-02-10T11:21:50.263455" level="INFO">Waited for Element with selector css=[data-testid="settings.benefits.form.name"] at state visible</msg>
<arg>css=[data-testid="settings.benefits.form.name"]</arg>
<arg>visible</arg>
<arg>timeout=30s</arg>
<tag>PageContent</tag>
<tag>Wait</tag>
<doc>Waits for the element found by ``selector`` to satisfy state option.</doc>
<status status="PASS" start="2026-02-10T11:21:50.248442" elapsed="0.015013"/>
</kw>
<kw name="Generate Random String" owner="String">
<msg time="2026-02-10T11:21:50.266204" level="INFO">${random_id} = 3102</msg>
<var>${random_id}</var>
<arg>4</arg>
<arg>[NUMBERS]</arg>
<doc>Generates a string with a desired ``length`` from the given ``chars``.</doc>
<status status="PASS" start="2026-02-10T11:21:50.265001" elapsed="0.001203"/>
</kw>
<kw name="Set Variable" owner="BuiltIn">
<msg time="2026-02-10T11:21:50.268148" level="INFO">${new_name} = Auto Benefit Edit 3102</msg>
<var>${new_name}</var>
<arg>Auto Benefit Edit ${random_id}</arg>
<doc>Returns the given values which can then be assigned to a variables.</doc>
<status status="PASS" start="2026-02-10T11:21:50.266886" elapsed="0.001262"/>
</kw>
<kw name="Fill Text" owner="Browser">
<msg time="2026-02-10T11:21:50.270511" level="INFO">Fills the text 'Auto Benefit Edit 3102' in the given field.</msg>
<arg>css=[data-testid="settings.benefits.form.name"]</arg>
<arg>${new_name}</arg>
<tag>PageContent</tag>
<tag>Setter</tag>
<doc>Clears and fills the given ``txt`` into the text field found by ``selector``.</doc>
<status status="PASS" start="2026-02-10T11:21:50.269667" elapsed="0.041967"/>
</kw>
<kw name="Wait For Elements State" owner="Browser">
<msg time="2026-02-10T11:21:50.359381" level="INFO">Waited for Element with selector css=[data-testid="settings.benefits.form.submit"] at state enabled</msg>
<arg>css=[data-testid="settings.benefits.form.submit"]</arg>
<arg>enabled</arg>
<arg>timeout=30s</arg>
<tag>PageContent</tag>
<tag>Wait</tag>
<doc>Waits for the element found by ``selector`` to satisfy state option.</doc>
<status status="PASS" start="2026-02-10T11:21:50.312642" elapsed="0.046739"/>
</kw>
<kw name="Click" owner="Browser">
<msg time="2026-02-10T11:21:50.361405" level="INFO">Clicks the element 'css=[data-testid="settings.benefits.form.submit"]'.</msg>
<arg>css=[data-testid="settings.benefits.form.submit"]</arg>
<tag>PageContent</tag>
<tag>Setter</tag>
<doc>Simulates mouse click on the element found by ``selector``.</doc>
<status status="PASS" start="2026-02-10T11:21:50.360381" elapsed="0.987277"/>
</kw>
<kw name="Wait For Elements State" owner="Browser">
<msg time="2026-02-10T11:22:12.314388" level="INFO" html="true">&lt;/td&gt;&lt;/tr&gt;&lt;tr&gt;&lt;td colspan="3"&gt;&lt;a href="browser/screenshot/fail-screenshot-3.png" target="_blank"&gt;&lt;img src="browser/screenshot/fail-screenshot-3.png" width="800px"/&gt;&lt;/a&gt;</msg>
<msg time="2026-02-10T11:22:12.314388" level="INFO">See also file:///C:/Users/User/Desktop/Naluephan1/saas/hrplus/reports/settings/playwright-log.txt for additional details.</msg>
<msg time="2026-02-10T11:22:12.314898" level="FAIL">TimeoutError: locator.waitFor: Timeout 20000ms exceeded.
Call log:
  - waiting for locator('//*[contains(text(), "สำเร็จ") or contains(text(), "Success")]') to be visible
</msg>
<arg>xpath=//*[contains(text(), "สำเร็จ") or contains(text(), "Success")]</arg>
<arg>visible</arg>
<arg>timeout=20s</arg>
<tag>PageContent</tag>
<tag>Wait</tag>
<doc>Waits for the element found by ``selector`` to satisfy state option.</doc>
<status status="FAIL" start="2026-02-10T11:21:51.348822" elapsed="20.968944">TimeoutError: locator.waitFor: Timeout 20000ms exceeded.
Call log:
  - waiting for locator('//*[contains(text(), "สำเร็จ") or contains(text(), "Success")]') to be visible
</status>
</kw>
<kw name="Wait For Elements State" owner="Browser">
<arg>css=[data-testid="settings.benefits.form.name"]</arg>
<arg>detached</arg>
<arg>timeout=30s</arg>
<tag>PageContent</tag>
<tag>Wait</tag>
<doc>Waits for the element found by ``selector`` to satisfy state option.</doc>
<status status="NOT RUN" start="2026-02-10T11:22:12.318955" elapsed="0.000523"/>
</kw>
<kw name="Wait For Elements State" owner="Browser">
<arg>css=[data-testid="settings.benefits.search.input"]</arg>
<arg>visible</arg>
<arg>timeout=30s</arg>
<tag>PageContent</tag>
<tag>Wait</tag>
<doc>Waits for the element found by ``selector`` to satisfy state option.</doc>
<status status="NOT RUN" start="2026-02-10T11:22:12.320494" elapsed="0.000000"/>
</kw>
<kw name="Fill Text" owner="Browser">
<arg>css=[data-testid="settings.benefits.search.input"]</arg>
<arg>${new_name}</arg>
<tag>PageContent</tag>
<tag>Setter</tag>
<doc>Clears and fills the given ``txt`` into the text field found by ``selector``.</doc>
<status status="NOT RUN" start="2026-02-10T11:22:12.321503" elapsed="0.000000"/>
</kw>
<kw name="Press Keys" owner="Browser">
<arg>css=[data-testid="settings.benefits.search.input"]</arg>
<arg>Enter</arg>
<tag>PageContent</tag>
<tag>Setter</tag>
<doc>Types the given key combination into element found by ``selector``.</doc>
<status status="NOT RUN" start="2026-02-10T11:22:12.322539" elapsed="0.000579"/>
</kw>
<kw name="Wait For Elements State" owner="Browser">
<arg>xpath=//td[contains(., "${new_name}")]</arg>
<arg>visible</arg>
<arg>timeout=30s</arg>
<tag>PageContent</tag>
<tag>Wait</tag>
<doc>Waits for the element found by ``selector`` to satisfy state option.</doc>
<status status="NOT RUN" start="2026-02-10T11:22:12.323644" elapsed="0.000000"/>
</kw>
<kw name="Close Application" owner="browser" type="TEARDOWN">
<kw name="Close Browser" owner="Browser">
<msg time="2026-02-10T11:22:13.061150" level="INFO">Closed browser</msg>
<tag>BrowserControl</tag>
<tag>Setter</tag>
<doc>Closes the current browser.</doc>
<status status="PASS" start="2026-02-10T11:22:12.326167" elapsed="0.736595"/>
</kw>
<status status="PASS" start="2026-02-10T11:22:12.325160" elapsed="0.737602"/>
</kw>
<doc>Verifies that a benefit can be edited.</doc>
<tag>benefits</tag>
<tag>crud</tag>
<tag>settings</tag>
<status status="FAIL" start="2026-02-10T11:21:30.994740" elapsed="42.068022">TimeoutError: locator.waitFor: Timeout 20000ms exceeded.
Call log:
  - waiting for locator('//*[contains(text(), "สำเร็จ") or contains(text(), "Success")]') to be visible
</status>
</test>
<test id="s1-t4" name="Delete Benefit" line="134">
<kw name="Run Keywords" owner="BuiltIn" type="SETUP">
<kw name="Open HR Plus Application" owner="common">
<kw name="Start Browser" owner="browser">
<kw name="New Browser" owner="Browser">
<msg time="2026-02-10T11:22:13.100647" level="INFO">{"browser": "chromium", "headless": false, "chromiumSandbox": false, "devtools": false, "handleSIGHUP": true, "handleSIGINT": true, "handleSIGTERM": true, "slowMo": 0.0, "timeout": 30000.0, "tracesDir": "C:\\Users\\User\\Desktop\\Naluephan1\\saas\\hrplus\\reports\\settings\\browser\\traces\\temp\\f60e3444-2db0-4df5-ac96-b783074f3ac1"}</msg>
<msg time="2026-02-10T11:22:13.821368" level="INFO">Successfully created browser with options: {"browser":"chromium","headless":false,"chromiumSandbox":false,"devtools":false,"handleSIGHUP":true,"handleSIGINT":true,"handleSIGTERM":true,"slowMo":0,"timeout":30000,"tracesDir":"C:\\Users\\User\\Desktop\\Naluephan1\\saas\\hrplus\\reports\\settings\\browser\\traces\\temp\\f60e3444-2db0-4df5-ac96-b783074f3ac1"}</msg>
<arg>browser=${BROWSER}</arg>
<arg>headless=${headless}</arg>
<tag>BrowserControl</tag>
<tag>Setter</tag>
<doc>Create a new playwright Browser with specified options.</doc>
<status status="PASS" start="2026-02-10T11:22:13.098641" elapsed="0.723234"/>
</kw>
<kw name="Evaluate" owner="BuiltIn">
<msg time="2026-02-10T11:22:13.823884" level="INFO">${session_dir} = C:\Users\User\Desktop\Naluephan1\saas\hrplus\tests\resources\../../.auth</msg>
<var>${session_dir}</var>
<arg>os.path.dirname(r"${SESSION_PATH}")</arg>
<arg>modules=os</arg>
<doc>Evaluates the given expression in Python and returns the result.</doc>
<status status="PASS" start="2026-02-10T11:22:13.821875" elapsed="0.002009"/>
</kw>
<kw name="Create Directory" owner="OperatingSystem">
<msg time="2026-02-10T11:22:13.824892" level="INFO" html="true">Directory '&lt;a href="file://C:\Users\User\Desktop\Naluephan1\saas\hrplus\.auth"&gt;C:\Users\User\Desktop\Naluephan1\saas\hrplus\.auth&lt;/a&gt;' already exists.</msg>
<arg>${session_dir}</arg>
<doc>Creates the specified directory.</doc>
<status status="PASS" start="2026-02-10T11:22:13.824892" elapsed="0.000000"/>
</kw>
<kw name="Run Keyword And Return Status" owner="BuiltIn">
<kw name="File Should Exist" owner="OperatingSystem">
<msg time="2026-02-10T11:22:13.827545" level="INFO" html="true">File '&lt;a href="file://C:\Users\User\Desktop\Naluephan1\saas\hrplus\.auth\admin_state.json"&gt;C:\Users\User\Desktop\Naluephan1\saas\hrplus\.auth\admin_state.json&lt;/a&gt;' exists.</msg>
<arg>${SESSION_PATH}</arg>
<doc>Fails unless the given ``path`` points to an existing file.</doc>
<status status="PASS" start="2026-02-10T11:22:13.826535" elapsed="0.001010"/>
</kw>
<msg time="2026-02-10T11:22:13.827545" level="INFO">${session_exists} = True</msg>
<var>${session_exists}</var>
<arg>File Should Exist</arg>
<arg>${SESSION_PATH}</arg>
<doc>Runs the specified keyword and returns the status as a Boolean value.</doc>
<status status="PASS" start="2026-02-10T11:22:13.824892" elapsed="0.002653"/>
</kw>
<if>
<branch type="IF" condition="${load_session} and ${session_exists}">
<kw name="New Context" owner="Browser">
<msg time="2026-02-10T11:22:13.835599" level="INFO">{
  "acceptDownloads": true,
  "bypassCSP": false,
  "forcedColors": "none",
  "ignoreHTTPSErrors": false,
  "javaScriptEnabled": true,
  "offline": false,
  "reducedMotion": "no-preference",
  "serviceWorkers": "allow",
  "storageState": "C:\\Users\\User\\Desktop\\Naluephan1\\saas\\hrplus\\tests\\resources\\../../.auth/admin_state.json",
  "viewport": {
    "width": 1280,
    "height": 720
  }
}</msg>
<msg time="2026-02-10T11:22:14.754125" level="INFO">Successfully created context. </msg>
<msg time="2026-02-10T11:22:14.755134" level="INFO">{'acceptDownloads': True, 'bypassCSP': False, 'forcedColors': 'none', 'ignoreHTTPSErrors': False, 'javaScriptEnabled': True, 'offline': False, 'reducedMotion': 'no-preference', 'serviceWorkers': 'allow', 'storageState': 'C:\\Users\\User\\Desktop\\Naluephan1\\saas\\hrplus\\tests\\resources\\../../.auth/admin_state.json', 'viewport': {'width': 1280, 'height': 720}}</msg>
<arg>viewport={'width': 1280, 'height': 720}</arg>
<arg>storageState=${SESSION_PATH}</arg>
<tag>BrowserControl</tag>
<tag>Setter</tag>
<doc>Create a new BrowserContext with specified options.</doc>
<status status="PASS" start="2026-02-10T11:22:13.829583" elapsed="0.925551"/>
</kw>
<kw name="Log" owner="BuiltIn">
<msg time="2026-02-10T11:22:14.756811" level="INFO">Loaded session from C:\Users\User\Desktop\Naluephan1\saas\hrplus\tests\resources\../../.auth/admin_state.json</msg>
<arg>Loaded session from ${SESSION_PATH}</arg>
<doc>Logs the given message with the given level.</doc>
<status status="PASS" start="2026-02-10T11:22:14.756240" elapsed="0.001581"/>
</kw>
<status status="PASS" start="2026-02-10T11:22:13.827545" elapsed="0.930276"/>
</branch>
<branch type="ELSE">
<kw name="New Context" owner="Browser">
<arg>viewport={'width': 1280, 'height': 720}</arg>
<tag>BrowserControl</tag>
<tag>Setter</tag>
<doc>Create a new BrowserContext with specified options.</doc>
<status status="NOT RUN" start="2026-02-10T11:22:14.758822" elapsed="0.000000"/>
</kw>
<kw name="Log" owner="BuiltIn">
<arg>Starting fresh context (Session loaded: ${load_session}, Exists: ${session_exists})</arg>
<doc>Logs the given message with the given level.</doc>
<status status="NOT RUN" start="2026-02-10T11:22:14.759819" elapsed="0.000000"/>
</kw>
<status status="NOT RUN" start="2026-02-10T11:22:14.757821" elapsed="0.001998"/>
</branch>
<status status="PASS" start="2026-02-10T11:22:13.827545" elapsed="0.932274"/>
</if>
<kw name="New Page" owner="Browser">
<msg time="2026-02-10T11:22:18.794672" level="INFO">Successfully initialized new page object and opened url: http://localhost:8001</msg>
<arg>${url}</arg>
<tag>BrowserControl</tag>
<tag>Setter</tag>
<doc>Open a new Page.</doc>
<status status="PASS" start="2026-02-10T11:22:14.760820" elapsed="4.035176"/>
</kw>
<arg>${URL}</arg>
<arg>load_session=${load_session}</arg>
<status status="PASS" start="2026-02-10T11:22:13.098641" elapsed="5.697355"/>
</kw>
<status status="PASS" start="2026-02-10T11:22:13.098006" elapsed="5.697990"/>
</kw>
<kw name="Login To Application" owner="common">
<kw name="Go To" owner="Browser">
<msg time="2026-02-10T11:22:23.210885" level="INFO">Successfully opened URL http://localhost:8001/login</msg>
<arg>${URL}/login</arg>
<tag>BrowserControl</tag>
<tag>Setter</tag>
<doc>Navigates to the given ``url``.</doc>
<status status="PASS" start="2026-02-10T11:22:18.797028" elapsed="4.414380"/>
</kw>
<kw name="Get Url" owner="Browser">
<msg time="2026-02-10T11:22:23.215502" level="INFO">${url} = http://localhost:8001/dashboard</msg>
<var>${url}</var>
<tag>Assertion</tag>
<tag>Getter</tag>
<tag>PageContent</tag>
<doc>Returns the current URL.</doc>
<status status="PASS" start="2026-02-10T11:22:23.211939" elapsed="0.003563"/>
</kw>
<kw name="Run Keyword And Return Status" owner="BuiltIn">
<kw name="Should Contain" owner="BuiltIn">
<arg>${url}</arg>
<arg>/dashboard</arg>
<doc>Fails if ``container`` does not contain ``item`` one or more times.</doc>
<status status="PASS" start="2026-02-10T11:22:23.216507" elapsed="0.001096"/>
</kw>
<msg time="2026-02-10T11:22:23.218173" level="INFO">${is_dashboard} = True</msg>
<var>${is_dashboard}</var>
<arg>Should Contain</arg>
<arg>${url}</arg>
<arg>/dashboard</arg>
<doc>Runs the specified keyword and returns the status as a Boolean value.</doc>
<status status="PASS" start="2026-02-10T11:22:23.215502" elapsed="0.002671"/>
</kw>
<if>
<branch type="IF" condition="not ${is_dashboard}">
<kw name="Wait For Elements State" owner="Browser">
<arg>id=login-email</arg>
<arg>visible</arg>
<arg>timeout=30s</arg>
<tag>PageContent</tag>
<tag>Wait</tag>
<doc>Waits for the element found by ``selector`` to satisfy state option.</doc>
<status status="NOT RUN" start="2026-02-10T11:22:23.219683" elapsed="0.000000"/>
</kw>
<kw name="Fill Text" owner="Browser">
<arg>id=login-email</arg>
<arg>${LOGIN_EMAIL}</arg>
<tag>PageContent</tag>
<tag>Setter</tag>
<doc>Clears and fills the given ``txt`` into the text field found by ``selector``.</doc>
<status status="NOT RUN" start="2026-02-10T11:22:23.219683" elapsed="0.000505"/>
</kw>
<kw name="Fill Text" owner="Browser">
<arg>id=login-password</arg>
<arg>${LOGIN_PASSWORD}</arg>
<tag>PageContent</tag>
<tag>Setter</tag>
<doc>Clears and fills the given ``txt`` into the text field found by ``selector``.</doc>
<status status="NOT RUN" start="2026-02-10T11:22:23.220188" elapsed="0.000000"/>
</kw>
<kw name="Wait For Elements State" owner="Browser">
<arg>xpath=//button[@type='submit']</arg>
<arg>enabled</arg>
<arg>timeout=30s</arg>
<tag>PageContent</tag>
<tag>Wait</tag>
<doc>Waits for the element found by ``selector`` to satisfy state option.</doc>
<status status="NOT RUN" start="2026-02-10T11:22:23.220188" elapsed="0.000000"/>
</kw>
<kw name="Click" owner="Browser">
<arg>xpath=//button[@type='submit']</arg>
<tag>PageContent</tag>
<tag>Setter</tag>
<doc>Simulates mouse click on the element found by ``selector``.</doc>
<status status="NOT RUN" start="2026-02-10T11:22:23.220188" elapsed="0.000000"/>
</kw>
<kw name="Wait Until Keyword Succeeds" owner="BuiltIn">
<arg>60s</arg>
<arg>1s</arg>
<arg>Check Url</arg>
<arg>/dashboard</arg>
<doc>Runs the specified keyword and retries if it fails.</doc>
<status status="NOT RUN" start="2026-02-10T11:22:23.220188" elapsed="0.001006"/>
</kw>
<kw name="Save Current Session" owner="browser">
<doc>Saves the current browser context state (cookies, local storage) to a file.</doc>
<status status="NOT RUN" start="2026-02-10T11:22:23.221194" elapsed="0.000000"/>
</kw>
<status status="NOT RUN" start="2026-02-10T11:22:23.218173" elapsed="0.003021"/>
</branch>
<branch type="ELSE">
<kw name="Log" owner="BuiltIn">
<msg time="2026-02-10T11:22:23.222725" level="INFO">Already logged in via session.</msg>
<arg>Already logged in via session.</arg>
<doc>Logs the given message with the given level.</doc>
<status status="PASS" start="2026-02-10T11:22:23.221699" elapsed="0.001026"/>
</kw>
<status status="PASS" start="2026-02-10T11:22:23.221194" elapsed="0.002045"/>
</branch>
<status status="PASS" start="2026-02-10T11:22:23.218173" elapsed="0.005066"/>
</if>
<status status="PASS" start="2026-02-10T11:22:18.795996" elapsed="4.427243"/>
</kw>
<arg>Open HR Plus Application</arg>
<arg>AND</arg>
<arg>Login To Application</arg>
<doc>Executes all the given keywords in a sequence.</doc>
<status status="PASS" start="2026-02-10T11:22:13.097005" elapsed="10.126234"/>
</kw>
<kw name="Go To" owner="Browser">
<msg time="2026-02-10T11:22:25.458572" level="INFO">Successfully opened URL http://localhost:8001/settings/benefits</msg>
<arg>${URL}/settings/benefits</arg>
<tag>BrowserControl</tag>
<tag>Setter</tag>
<doc>Navigates to the given ``url``.</doc>
<status status="PASS" start="2026-02-10T11:22:23.223753" elapsed="2.234819"/>
</kw>
<kw name="Wait For Elements State" owner="Browser">
<msg time="2026-02-10T11:22:25.543347" level="INFO">Waited for Element with selector css=[data-testid="settings.benefits.page.root"] at state visible</msg>
<arg>css=[data-testid="settings.benefits.page.root"]</arg>
<arg>visible</arg>
<arg>timeout=30s</arg>
<tag>PageContent</tag>
<tag>Wait</tag>
<doc>Waits for the element found by ``selector`` to satisfy state option.</doc>
<status status="PASS" start="2026-02-10T11:22:25.458572" elapsed="0.084775"/>
</kw>
<kw name="Click" owner="Browser">
<msg time="2026-02-10T11:22:25.543347" level="INFO">Clicks the element 'xpath=(//button[contains(@data-testid, "settings.benefits.table.row.delete")])[1]'.</msg>
<arg>xpath=(//button[contains(@data-testid, "settings.benefits.table.row.delete")])[1]</arg>
<tag>PageContent</tag>
<tag>Setter</tag>
<doc>Simulates mouse click on the element found by ``selector``.</doc>
<status status="PASS" start="2026-02-10T11:22:25.543347" elapsed="0.498927"/>
</kw>
<kw name="Wait For Elements State" owner="Browser">
<msg time="2026-02-10T11:22:26.049934" level="INFO">Waited for Element with selector css=[data-testid="settings.benefits.delete.confirm"] at state visible</msg>
<arg>css=[data-testid="settings.benefits.delete.confirm"]</arg>
<arg>visible</arg>
<tag>PageContent</tag>
<tag>Wait</tag>
<doc>Waits for the element found by ``selector`` to satisfy state option.</doc>
<status status="PASS" start="2026-02-10T11:22:26.042274" elapsed="0.009174"/>
</kw>
<kw name="Click" owner="Browser">
<msg time="2026-02-10T11:22:26.052524" level="INFO">Clicks the element 'css=[data-testid="settings.benefits.delete.confirm"]'.</msg>
<arg>css=[data-testid="settings.benefits.delete.confirm"]</arg>
<tag>PageContent</tag>
<tag>Setter</tag>
<doc>Simulates mouse click on the element found by ``selector``.</doc>
<status status="PASS" start="2026-02-10T11:22:26.051448" elapsed="0.384878"/>
</kw>
<kw name="Wait Until Toast Contains" owner="common">
<kw name="Wait For Elements State" owner="Browser">
<msg time="2026-02-10T11:22:27.411249" level="INFO">Waited for Element with selector text="ลบสวัสดิการสำเร็จ" at state visible</msg>
<arg>text="${text}"</arg>
<arg>visible</arg>
<arg>timeout=20s</arg>
<tag>PageContent</tag>
<tag>Wait</tag>
<doc>Waits for the element found by ``selector`` to satisfy state option.</doc>
<status status="PASS" start="2026-02-10T11:22:26.438369" elapsed="0.974540"/>
</kw>
<arg>ลบสวัสดิการสำเร็จ</arg>
<status status="PASS" start="2026-02-10T11:22:26.437333" elapsed="0.976619"/>
</kw>
<kw name="Wait For Elements State" owner="Browser">
<msg time="2026-02-10T11:22:27.433775" level="INFO">Waited for Element with selector css=[data-testid="settings.benefits.delete.confirm"] at state hidden</msg>
<arg>css=[data-testid="settings.benefits.delete.confirm"]</arg>
<arg>hidden</arg>
<arg>timeout=30s</arg>
<tag>PageContent</tag>
<tag>Wait</tag>
<doc>Waits for the element found by ``selector`` to satisfy state option.</doc>
<status status="PASS" start="2026-02-10T11:22:27.414459" elapsed="0.019316"/>
</kw>
<kw name="Close Application" owner="browser" type="TEARDOWN">
<kw name="Close Browser" owner="Browser">
<msg time="2026-02-10T11:22:27.997109" level="INFO">Closed browser</msg>
<tag>BrowserControl</tag>
<tag>Setter</tag>
<doc>Closes the current browser.</doc>
<status status="PASS" start="2026-02-10T11:22:27.436179" elapsed="0.560930"/>
</kw>
<status status="PASS" start="2026-02-10T11:22:27.434739" elapsed="0.563479"/>
</kw>
<doc>Verifies that a benefit can be deleted.</doc>
<tag>benefits</tag>
<tag>crud</tag>
<tag>settings</tag>
<status status="PASS" start="2026-02-10T11:22:13.087311" elapsed="14.911439"/>
</test>
<test id="s1-t5" name="Verify Departments Page" line="153">
<kw name="Run Keywords" owner="BuiltIn" type="SETUP">
<kw name="Open HR Plus Application" owner="common">
<kw name="Start Browser" owner="browser">
<kw name="New Browser" owner="Browser">
<msg time="2026-02-10T11:22:28.025752" level="INFO">{"browser": "chromium", "headless": false, "chromiumSandbox": false, "devtools": false, "handleSIGHUP": true, "handleSIGINT": true, "handleSIGTERM": true, "slowMo": 0.0, "timeout": 30000.0, "tracesDir": "C:\\Users\\User\\Desktop\\Naluephan1\\saas\\hrplus\\reports\\settings\\browser\\traces\\temp\\0f036465-8f32-4c38-a359-b368b6e9b788"}</msg>
<msg time="2026-02-10T11:22:28.547822" level="INFO">Successfully created browser with options: {"browser":"chromium","headless":false,"chromiumSandbox":false,"devtools":false,"handleSIGHUP":true,"handleSIGINT":true,"handleSIGTERM":true,"slowMo":0,"timeout":30000,"tracesDir":"C:\\Users\\User\\Desktop\\Naluephan1\\saas\\hrplus\\reports\\settings\\browser\\traces\\temp\\0f036465-8f32-4c38-a359-b368b6e9b788"}</msg>
<arg>browser=${BROWSER}</arg>
<arg>headless=${headless}</arg>
<tag>BrowserControl</tag>
<tag>Setter</tag>
<doc>Create a new playwright Browser with specified options.</doc>
<status status="PASS" start="2026-02-10T11:22:28.022730" elapsed="0.525092"/>
</kw>
<kw name="Evaluate" owner="BuiltIn">
<msg time="2026-02-10T11:22:28.550342" level="INFO">${session_dir} = C:\Users\User\Desktop\Naluephan1\saas\hrplus\tests\resources\../../.auth</msg>
<var>${session_dir}</var>
<arg>os.path.dirname(r"${SESSION_PATH}")</arg>
<arg>modules=os</arg>
<doc>Evaluates the given expression in Python and returns the result.</doc>
<status status="PASS" start="2026-02-10T11:22:28.548828" elapsed="0.001514"/>
</kw>
<kw name="Create Directory" owner="OperatingSystem">
[...]
<arg>enabled</arg>
<arg>timeout=30s</arg>
<tag>PageContent</tag>
<tag>Wait</tag>
<doc>Waits for the element found by ``selector`` to satisfy state option.</doc>
<status status="NOT RUN" start="2026-02-10T11:56:14.846634" elapsed="0.000520"/>
</kw>
<kw name="Click" owner="Browser">
<arg>css=[data-testid="salary.periods.form.submit"]</arg>
<tag>PageContent</tag>
<tag>Setter</tag>
<doc>Simulates mouse click on the element found by ``selector``.</doc>
<status status="NOT RUN" start="2026-02-10T11:56:14.847154" elapsed="0.000000"/>
</kw>
<kw name="Run Keyword And Return Status" owner="BuiltIn">
<var>${did_disable}</var>
<arg>Wait For Elements State</arg>
<arg>css=[data-testid="salary.periods.form.submit"]</arg>
<arg>disabled</arg>
<arg>timeout=10s</arg>
<doc>Runs the specified keyword and returns the status as a Boolean value.</doc>
<status status="NOT RUN" start="2026-02-10T11:56:14.848265" elapsed="0.000522"/>
</kw>
<if>
<branch type="IF" condition="${did_disable}">
<kw name="Wait For Elements State" owner="Browser">
<arg>css=[data-testid="salary.periods.form.submit"]</arg>
<arg>enabled</arg>
<arg>timeout=60s</arg>
<tag>PageContent</tag>
<tag>Wait</tag>
<doc>Waits for the element found by ``selector`` to satisfy state option.</doc>
<status status="NOT RUN" start="2026-02-10T11:56:14.848787" elapsed="0.000000"/>
</kw>
<status status="NOT RUN" start="2026-02-10T11:56:14.848787" elapsed="0.001205"/>
</branch>
<status status="NOT RUN" start="2026-02-10T11:56:14.848787" elapsed="0.001205"/>
</if>
<kw name="Go To" owner="Browser">
<arg>${URL}/salary/periods</arg>
<tag>BrowserControl</tag>
<tag>Setter</tag>
<doc>Navigates to the given ``url``.</doc>
<status status="NOT RUN" start="2026-02-10T11:56:14.849992" elapsed="0.000000"/>
</kw>
<kw name="Wait For Elements State" owner="Browser">
<arg>css=[data-testid="salary.periods.page.root"]</arg>
<arg>visible</arg>
<arg>timeout=30s</arg>
<tag>PageContent</tag>
<tag>Wait</tag>
<doc>Waits for the element found by ``selector`` to satisfy state option.</doc>
<status status="NOT RUN" start="2026-02-10T11:56:14.849992" elapsed="0.001618"/>
</kw>
<kw name="Close Application" owner="browser" type="TEARDOWN">
<kw name="Close Browser" owner="Browser">
<msg time="2026-02-10T11:56:15.382018" level="INFO">Closed browser</msg>
<tag>BrowserControl</tag>
<tag>Setter</tag>
<doc>Closes the current browser.</doc>
<status status="PASS" start="2026-02-10T11:56:14.852575" elapsed="0.529443"/>
</kw>
<status status="PASS" start="2026-02-10T11:56:14.852209" elapsed="0.530977"/>
</kw>
<doc>Verifies editing a salary period using existing data.</doc>
<tag>crud</tag>
<tag>payroll</tag>
<tag>period</tag>
<tag>settings</tag>
<status status="PASS" start="2026-02-10T11:55:55.663585" elapsed="19.719601">No salary periods available to edit - skipping test.</status>
</test>
<test id="s1-t54" name="Delete Salary Period" line="1595">
<kw name="Run Keywords" owner="BuiltIn" type="SETUP">
<kw name="Open HR Plus Application" owner="common">
<kw name="Start Browser" owner="browser">
<kw name="New Browser" owner="Browser">
<msg time="2026-02-10T11:56:15.395175" level="INFO">{"browser": "chromium", "headless": false, "chromiumSandbox": false, "devtools": false, "handleSIGHUP": true, "handleSIGINT": true, "handleSIGTERM": true, "slowMo": 0.0, "timeout": 30000.0, "tracesDir": "C:\\Users\\User\\Desktop\\Naluephan1\\saas\\hrplus\\reports\\settings\\browser\\traces\\temp\\e0a55ef0-0ba6-4441-91aa-a92734f75b62"}</msg>
<msg time="2026-02-10T11:56:15.707615" level="INFO">Successfully created browser with options: {"browser":"chromium","headless":false,"chromiumSandbox":false,"devtools":false,"handleSIGHUP":true,"handleSIGINT":true,"handleSIGTERM":true,"slowMo":0,"timeout":30000,"tracesDir":"C:\\Users\\User\\Desktop\\Naluephan1\\saas\\hrplus\\reports\\settings\\browser\\traces\\temp\\e0a55ef0-0ba6-4441-91aa-a92734f75b62"}</msg>
<arg>browser=${BROWSER}</arg>
<arg>headless=${headless}</arg>
<tag>BrowserControl</tag>
<tag>Setter</tag>
<doc>Create a new playwright Browser with specified options.</doc>
<status status="PASS" start="2026-02-10T11:56:15.393672" elapsed="0.313943"/>
</kw>
<kw name="Evaluate" owner="BuiltIn">
<msg time="2026-02-10T11:56:15.709801" level="INFO">${session_dir} = C:\Users\User\Desktop\Naluephan1\saas\hrplus\tests\resources\../../.auth</msg>
<var>${session_dir}</var>
<arg>os.path.dirname(r"${SESSION_PATH}")</arg>
<arg>modules=os</arg>
<doc>Evaluates the given expression in Python and returns the result.</doc>
<status status="PASS" start="2026-02-10T11:56:15.707615" elapsed="0.002186"/>
</kw>
<kw name="Create Directory" owner="OperatingSystem">
<msg time="2026-02-10T11:56:15.710306" level="INFO" html="true">Directory '&lt;a href="file://C:\Users\User\Desktop\Naluephan1\saas\hrplus\.auth"&gt;C:\Users\User\Desktop\Naluephan1\saas\hrplus\.auth&lt;/a&gt;' already exists.</msg>
<arg>${session_dir}</arg>
<doc>Creates the specified directory.</doc>
<status status="PASS" start="2026-02-10T11:56:15.709801" elapsed="0.001009"/>
</kw>
<kw name="Run Keyword And Return Status" owner="BuiltIn">
<kw name="File Should Exist" owner="OperatingSystem">
<msg time="2026-02-10T11:56:15.712331" level="INFO" html="true">File '&lt;a href="file://C:\Users\User\Desktop\Naluephan1\saas\hrplus\.auth\admin_state.json"&gt;C:\Users\User\Desktop\Naluephan1\saas\hrplus\.auth\admin_state.json&lt;/a&gt;' exists.</msg>
<arg>${SESSION_PATH}</arg>
<doc>Fails unless the given ``path`` points to an existing file.</doc>
<status status="PASS" start="2026-02-10T11:56:15.711326" elapsed="0.001005"/>
</kw>
<msg time="2026-02-10T11:56:15.712843" level="INFO">${session_exists} = True</msg>
<var>${session_exists}</var>
<arg>File Should Exist</arg>
<arg>${SESSION_PATH}</arg>
<doc>Runs the specified keyword and returns the status as a Boolean value.</doc>
<status status="PASS" start="2026-02-10T11:56:15.710810" elapsed="0.002033"/>
</kw>
<if>
<branch type="IF" condition="${load_session} and ${session_exists}">
<kw name="New Context" owner="Browser">
<msg time="2026-02-10T11:56:15.717873" level="INFO">{
  "acceptDownloads": true,
  "bypassCSP": false,
  "forcedColors": "none",
  "ignoreHTTPSErrors": false,
  "javaScriptEnabled": true,
  "offline": false,
  "reducedMotion": "no-preference",
  "serviceWorkers": "allow",
  "storageState": "C:\\Users\\User\\Desktop\\Naluephan1\\saas\\hrplus\\tests\\resources\\../../.auth/admin_state.json",
  "viewport": {
    "width": 1280,
    "height": 720
  }
}</msg>
<msg time="2026-02-10T11:56:16.277689" level="INFO">Successfully created context. </msg>
<msg time="2026-02-10T11:56:16.278695" level="INFO">{'acceptDownloads': True, 'bypassCSP': False, 'forcedColors': 'none', 'ignoreHTTPSErrors': False, 'javaScriptEnabled': True, 'offline': False, 'reducedMotion': 'no-preference', 'serviceWorkers': 'allow', 'storageState': 'C:\\Users\\User\\Desktop\\Naluephan1\\saas\\hrplus\\tests\\resources\\../../.auth/admin_state.json', 'viewport': {'width': 1280, 'height': 720}}</msg>
<arg>viewport={'width': 1280, 'height': 720}</arg>
<arg>storageState=${SESSION_PATH}</arg>
<tag>BrowserControl</tag>
<tag>Setter</tag>
<doc>Create a new BrowserContext with specified options.</doc>
<status status="PASS" start="2026-02-10T11:56:15.713842" elapsed="0.564853"/>
</kw>
<kw name="Log" owner="BuiltIn">
<msg time="2026-02-10T11:56:16.280210" level="INFO">Loaded session from C:\Users\User\Desktop\Naluephan1\saas\hrplus\tests\resources\../../.auth/admin_state.json</msg>
<arg>Loaded session from ${SESSION_PATH}</arg>
<doc>Logs the given message with the given level.</doc>
<status status="PASS" start="2026-02-10T11:56:16.278695" elapsed="0.001515"/>
</kw>
<status status="PASS" start="2026-02-10T11:56:15.712843" elapsed="0.567367"/>
</branch>
<branch type="ELSE">
<kw name="New Context" owner="Browser">
<arg>viewport={'width': 1280, 'height': 720}</arg>
<tag>BrowserControl</tag>
<tag>Setter</tag>
<doc>Create a new BrowserContext with specified options.</doc>
<status status="NOT RUN" start="2026-02-10T11:56:16.281215" elapsed="0.000000"/>
</kw>
<kw name="Log" owner="BuiltIn">
<arg>Starting fresh context (Session loaded: ${load_session}, Exists: ${session_exists})</arg>
<doc>Logs the given message with the given level.</doc>
<status status="NOT RUN" start="2026-02-10T11:56:16.281722" elapsed="0.000000"/>
</kw>
<status status="NOT RUN" start="2026-02-10T11:56:16.280210" elapsed="0.002018"/>
</branch>
<status status="PASS" start="2026-02-10T11:56:15.712843" elapsed="0.569385"/>
</if>
<kw name="New Page" owner="Browser">
<msg time="2026-02-10T11:56:19.830377" level="INFO">Successfully initialized new page object and opened url: http://localhost:8001</msg>
<arg>${url}</arg>
<tag>BrowserControl</tag>
<tag>Setter</tag>
<doc>Open a new Page.</doc>
<status status="PASS" start="2026-02-10T11:56:16.282228" elapsed="3.548814"/>
</kw>
<arg>${URL}</arg>
<arg>load_session=${load_session}</arg>
<status status="PASS" start="2026-02-10T11:56:15.393672" elapsed="4.437370"/>
</kw>
<status status="PASS" start="2026-02-10T11:56:15.392667" elapsed="4.438375"/>
</kw>
<kw name="Login To Application" owner="common">
<kw name="Go To" owner="Browser">
<msg time="2026-02-10T11:56:26.201629" level="INFO">Successfully opened URL http://localhost:8001/login</msg>
<arg>${URL}/login</arg>
<tag>BrowserControl</tag>
<tag>Setter</tag>
<doc>Navigates to the given ``url``.</doc>
<status status="PASS" start="2026-02-10T11:56:19.833052" elapsed="6.369096"/>
</kw>
<kw name="Get Url" owner="Browser">
<msg time="2026-02-10T11:56:26.208610" level="INFO">${url} = http://localhost:8001/dashboard</msg>
<var>${url}</var>
<tag>Assertion</tag>
<tag>Getter</tag>
<tag>PageContent</tag>
<doc>Returns the current URL.</doc>
<status status="PASS" start="2026-02-10T11:56:26.202749" elapsed="0.005861"/>
</kw>
<kw name="Run Keyword And Return Status" owner="BuiltIn">
<kw name="Should Contain" owner="BuiltIn">
<arg>${url}</arg>
<arg>/dashboard</arg>
<doc>Fails if ``container`` does not contain ``item`` one or more times.</doc>
<status status="PASS" start="2026-02-10T11:56:26.211140" elapsed="0.002484"/>
</kw>
<msg time="2026-02-10T11:56:26.213624" level="INFO">${is_dashboard} = True</msg>
<var>${is_dashboard}</var>
<arg>Should Contain</arg>
<arg>${url}</arg>
<arg>/dashboard</arg>
<doc>Runs the specified keyword and returns the status as a Boolean value.</doc>
<status status="PASS" start="2026-02-10T11:56:26.210116" elapsed="0.003508"/>
</kw>
<if>
<branch type="IF" condition="not ${is_dashboard}">
<kw name="Wait For Elements State" owner="Browser">
<arg>id=login-email</arg>
<arg>visible</arg>
<arg>timeout=30s</arg>
<tag>PageContent</tag>
<tag>Wait</tag>
<doc>Waits for the element found by ``selector`` to satisfy state option.</doc>
<status status="NOT RUN" start="2026-02-10T11:56:26.215158" elapsed="0.001016"/>
</kw>
<kw name="Fill Text" owner="Browser">
<arg>id=login-email</arg>
<arg>${LOGIN_EMAIL}</arg>
<tag>PageContent</tag>
<tag>Setter</tag>
<doc>Clears and fills the given ``txt`` into the text field found by ``selector``.</doc>
<status status="NOT RUN" start="2026-02-10T11:56:26.216174" elapsed="0.000515"/>
</kw>
<kw name="Fill Text" owner="Browser">
<arg>id=login-password</arg>
<arg>${LOGIN_PASSWORD}</arg>
<tag>PageContent</tag>
<tag>Setter</tag>
<doc>Clears and fills the given ``txt`` into the text field found by ``selector``.</doc>
<status status="NOT RUN" start="2026-02-10T11:56:26.216689" elapsed="0.000000"/>
</kw>
<kw name="Wait For Elements State" owner="Browser">
<arg>xpath=//button[@type='submit']</arg>
<arg>enabled</arg>
<arg>timeout=30s</arg>
<tag>PageContent</tag>
<tag>Wait</tag>
<doc>Waits for the element found by ``selector`` to satisfy state option.</doc>
<status status="NOT RUN" start="2026-02-10T11:56:26.216689" elapsed="0.001016"/>
</kw>
<kw name="Click" owner="Browser">
<arg>xpath=//button[@type='submit']</arg>
<tag>PageContent</tag>
<tag>Setter</tag>
<doc>Simulates mouse click on the element found by ``selector``.</doc>
<status status="NOT RUN" start="2026-02-10T11:56:26.217705" elapsed="0.000516"/>
</kw>
<kw name="Wait Until Keyword Succeeds" owner="BuiltIn">
<arg>60s</arg>
<arg>1s</arg>
<arg>Check Url</arg>
<arg>/dashboard</arg>
<doc>Runs the specified keyword and retries if it fails.</doc>
<status status="NOT RUN" start="2026-02-10T11:56:26.218221" elapsed="0.000000"/>
</kw>
<kw name="Save Current Session" owner="browser">
<doc>Saves the current browser context state (cookies, local storage) to a file.</doc>
<status status="NOT RUN" start="2026-02-10T11:56:26.218221" elapsed="0.001005"/>
</kw>
<status status="NOT RUN" start="2026-02-10T11:56:26.213624" elapsed="0.005602"/>
</branch>
<branch type="ELSE">
<kw name="Log" owner="BuiltIn">
<msg time="2026-02-10T11:56:26.220314" level="INFO">Already logged in via session.</msg>
<arg>Already logged in via session.</arg>
<doc>Logs the given message with the given level.</doc>
<status status="PASS" start="2026-02-10T11:56:26.219226" elapsed="0.001088"/>
</kw>
<status status="PASS" start="2026-02-10T11:56:26.219226" elapsed="0.001088"/>
</branch>
<status status="PASS" start="2026-02-10T11:56:26.213624" elapsed="0.006690"/>
</if>
<status status="PASS" start="2026-02-10T11:56:19.832047" elapsed="6.389274"/>
</kw>
<arg>Open HR Plus Application</arg>
<arg>AND</arg>
<arg>Login To Application</arg>
<doc>Executes all the given keywords in a sequence.</doc>
<status status="PASS" start="2026-02-10T11:56:15.392667" elapsed="10.828654"/>
</kw>
<kw name="Go To" owner="Browser">
<msg time="2026-02-10T11:56:30.701526" level="INFO">Successfully opened URL http://localhost:8001/salary/periods</msg>
<arg>${URL}/salary/periods</arg>
<tag>BrowserControl</tag>
<tag>Setter</tag>
<doc>Navigates to the given ``url``.</doc>
<status status="PASS" start="2026-02-10T11:56:26.221321" elapsed="4.481218"/>
</kw>
<kw name="Wait For Elements State" owner="Browser">
<msg time="2026-02-10T11:56:30.860507" level="INFO">Waited for Element with selector css=[data-testid="salary.periods.page.root"] at state visible</msg>
<arg>css=[data-testid="salary.periods.page.root"]</arg>
<arg>visible</arg>
<arg>timeout=30s</arg>
<tag>PageContent</tag>
<tag>Wait</tag>
<doc>Waits for the element found by ``selector`` to satisfy state option.</doc>
<status status="PASS" start="2026-02-10T11:56:30.705162" elapsed="0.155850"/>
</kw>
<kw name="Get Element Count" owner="Browser">
<msg time="2026-02-10T11:56:30.886575" level="INFO">${row_count} = 0</msg>
<var>${row_count}</var>
<arg>xpath=//button[starts-with(@data-testid,"salary.periods.table.delete.")]</arg>
<tag>Assertion</tag>
<tag>Getter</tag>
<tag>PageContent</tag>
<doc>Returns the count of elements found with ``selector``.</doc>
<status status="PASS" start="2026-02-10T11:56:30.863993" elapsed="0.022582"/>
</kw>
<if>
<branch type="IF" condition="${row_count} == 0">
<kw name="Log" owner="BuiltIn">
<msg time="2026-02-10T11:56:30.891233" level="INFO">WARNING: No salary periods exist. Skipping delete test.</msg>
<arg>WARNING: No salary periods exist. Skipping delete test.</arg>
<doc>Logs the given message with the given level.</doc>
<status status="PASS" start="2026-02-10T11:56:30.888160" elapsed="0.003073"/>
</kw>
<kw name="Pass Execution" owner="BuiltIn">
<msg time="2026-02-10T11:56:30.892737" level="INFO">Execution passed with message:
No salary periods available to delete - skipping test.</msg>
<arg>No salary periods available to delete - skipping test.</arg>
<doc>Skips rest of the current test, setup, or teardown with PASS status.</doc>
<status status="PASS" start="2026-02-10T11:56:30.891233" elapsed="0.001504">No salary periods available to delete - skipping test.</status>
</kw>
<status status="PASS" start="2026-02-10T11:56:30.888160" elapsed="0.005594">No salary periods available to delete - skipping test.</status>
</branch>
<status status="PASS" start="2026-02-10T11:56:30.888160" elapsed="0.007013">No salary periods available to delete - skipping test.</status>
</if>
<kw name="Set Variable" owner="BuiltIn">
<var>${delete_btn}</var>
<arg>xpath=(//button[starts-with(@data-testid,"salary.periods.table.delete.")])[last()]</arg>
<doc>Returns the given values which can then be assigned to a variables.</doc>
<status status="NOT RUN" start="2026-02-10T11:56:30.895173" elapsed="0.002915"/>
</kw>
<kw name="Scroll To Element" owner="Browser">
<arg>${delete_btn}</arg>
<tag>PageContent</tag>
<tag>Setter</tag>
<doc>This method waits for actionability checks, then tries to scroll element into view,
unless it is completely visible.</doc>
<status status="NOT RUN" start="2026-02-10T11:56:30.899121" elapsed="0.000000"/>
</kw>
<kw name="Wait For Elements State" owner="Browser">
<arg>${delete_btn}</arg>
<arg>stable</arg>
<arg>timeout=30s</arg>
<tag>PageContent</tag>
<tag>Wait</tag>
<doc>Waits for the element found by ``selector`` to satisfy state option.</doc>
<status status="NOT RUN" start="2026-02-10T11:56:30.899121" elapsed="0.000000"/>
</kw>
<kw name="Handle Future Dialogs" owner="Browser">
<arg>action=accept</arg>
<tag>PageContent</tag>
<doc>Handle next dialog on page with ``action``.</doc>
<status status="NOT RUN" start="2026-02-10T11:56:30.903239" elapsed="0.000000"/>
</kw>
<kw name="Click" owner="Browser">
<arg>${delete_btn}</arg>
<tag>PageContent</tag>
<tag>Setter</tag>
<doc>Simulates mouse click on the element found by ``selector``.</doc>
<status status="NOT RUN" start="2026-02-10T11:56:30.908139" elapsed="0.000000"/>
</kw>
<kw name="Wait Until Toast Contains" owner="common">
<arg>ลบข้อมูลสำเร็จ</arg>
<status status="NOT RUN" start="2026-02-10T11:56:30.908139" elapsed="0.001576"/>
</kw>
<kw name="Close Application" owner="browser" type="TEARDOWN">
<kw name="Close Browser" owner="Browser">
<msg time="2026-02-10T11:56:31.815557" level="INFO">Closed browser</msg>
<tag>BrowserControl</tag>
<tag>Setter</tag>
<doc>Closes the current browser.</doc>
<status status="PASS" start="2026-02-10T11:56:30.912624" elapsed="0.902933"/>
</kw>
<status status="PASS" start="2026-02-10T11:56:30.911602" elapsed="0.903955"/>
</kw>
<doc>Verifies deleting a salary period using existing data.</doc>
<tag>crud</tag>
<tag>payroll</tag>
<tag>period</tag>
<tag>settings</tag>
<status status="PASS" start="2026-02-10T11:56:15.389647" elapsed="16.426873">No salary periods available to delete - skipping test.</status>
</test>
<doc>A test suite for the Settings module including Departments, Organization, and Levels.</doc>
<status status="FAIL" start="2026-02-10T11:19:50.854253" elapsed="2200.981778"/>
</suite>
<statistics>
<total>
<stat pass="45" fail="9" skip="0">All Tests</stat>
</total>
<tag>
<stat pass="1" fail="0" skip="0">activity-log</stat>
<stat pass="1" fail="0" skip="0">admins</stat>
<stat pass="3" fail="1" skip="0">benefits</stat>
<stat pass="1" fail="0" skip="0">company</stat>
<stat pass="12" fail="1" skip="0">critical</stat>
<stat pass="28" fail="9" skip="0">crud</stat>
<stat pass="2" fail="1" skip="0">deduction</stat>
<stat pass="4" fail="0" skip="0">departments</stat>
<stat pass="1" fail="3" skip="0">employment-types</stat>
<stat pass="1" fail="0" skip="0">general</stat>
<stat pass="5" fail="1" skip="0">holidays</stat>
<stat pass="3" fail="0" skip="0">income</stat>
<stat pass="1" fail="0" skip="0">leave-types</stat>
<stat pass="3" fail="0" skip="0">levels</stat>
<stat pass="1" fail="0" skip="0">mobile-app</stat>
<stat pass="1" fail="0" skip="0">organization</stat>
<stat pass="8" fail="2" skip="0">payroll</stat>
<stat pass="2" fail="1" skip="0">period</stat>
<stat pass="1" fail="0" skip="0">round-periods</stat>
<stat pass="4" fail="0" skip="0">separation-reasons</stat>
<stat pass="45" fail="9" skip="0">settings</stat>
<stat pass="4" fail="0" skip="0">shifts</stat>
<stat pass="1" fail="0" skip="0">sync</stat>
<stat pass="1" fail="2" skip="0">tags</stat>
<stat pass="4" fail="0" skip="0">workflow</stat>
</tag>
<suite>
<stat name="Settings Suite" id="s1" pass="45" fail="9" skip="0">Settings Suite</stat>
</suite>
</statistics>
<errors>
</errors>
</robot>
